SF:/Users/terry/RustroverProjects/rain-tracker-service/src/api.rs
FN:249,_RNCNCNCNvNtCs7iCqo0KpDVZ_20rain_tracker_service3api10get_latest000B9_
FN:256,_RNCNCNCNvNtCs7iCqo0KpDVZ_20rain_tracker_service3api10get_latest00s_0B9_
FN:295,_RNCNCNCNvNtCs7iCqo0KpDVZ_20rain_tracker_service3api14get_all_gauges000B9_
FN:168,_RNCNCNCNvNtCs7iCqo0KpDVZ_20rain_tracker_service3api14get_water_year000B9_
FN:335,_RNCNCNCNvNtCs7iCqo0KpDVZ_20rain_tracker_service3api15get_gauge_by_id000B9_
FN:339,_RNCNCNCNvNtCs7iCqo0KpDVZ_20rain_tracker_service3api15get_gauge_by_id00s_0B9_
FN:210,_RNCNCNCNvNtCs7iCqo0KpDVZ_20rain_tracker_service3api17get_calendar_year000B9_
FN:243,_RNCNvNtCs7iCqo0KpDVZ_20rain_tracker_service3api10get_latest0B5_
FN:96,_RNCNvNtCs7iCqo0KpDVZ_20rain_tracker_service3api12openapi_spec0B5_
FN:285,_RNCNvNtCs7iCqo0KpDVZ_20rain_tracker_service3api14get_all_gauges0B5_
FN:159,_RNCNvNtCs7iCqo0KpDVZ_20rain_tracker_service3api14get_water_year0B5_
FN:328,_RNCNvNtCs7iCqo0KpDVZ_20rain_tracker_service3api15get_gauge_by_id0B5_
FN:201,_RNCNvNtCs7iCqo0KpDVZ_20rain_tracker_service3api17get_calendar_year0B5_
FN:133,_RNCNvNtCs7iCqo0KpDVZ_20rain_tracker_service3api6health0B5_
FN:100,_RNCNvNtCs7iCqo0KpDVZ_20rain_tracker_service3api8redoc_ui0B5_
FN:240,_RNvNtCs7iCqo0KpDVZ_20rain_tracker_service3api10get_latest
FN:96,_RNvNtCs7iCqo0KpDVZ_20rain_tracker_service3api12openapi_spec
FN:28,_RNvNtCs7iCqo0KpDVZ_20rain_tracker_service3api13create_router
FN:282,_RNvNtCs7iCqo0KpDVZ_20rain_tracker_service3api14get_all_gauges
FN:156,_RNvNtCs7iCqo0KpDVZ_20rain_tracker_service3api14get_water_year
FN:325,_RNvNtCs7iCqo0KpDVZ_20rain_tracker_service3api15get_gauge_by_id
FN:198,_RNvNtCs7iCqo0KpDVZ_20rain_tracker_service3api17get_calendar_year
FN:92,_RNvNtCs7iCqo0KpDVZ_20rain_tracker_service3api21generate_openapi_spec
FN:133,_RNvNtCs7iCqo0KpDVZ_20rain_tracker_service3api6health
FN:100,_RNvNtCs7iCqo0KpDVZ_20rain_tracker_service3api8redoc_ui
FN:249,_RNCNCNCNvNtCs4I6j3VtXKYU_20rain_tracker_service3api10get_latest000B9_
FN:256,_RNCNCNCNvNtCs4I6j3VtXKYU_20rain_tracker_service3api10get_latest00s_0B9_
FN:295,_RNCNCNCNvNtCs4I6j3VtXKYU_20rain_tracker_service3api14get_all_gauges000B9_
FN:168,_RNCNCNCNvNtCs4I6j3VtXKYU_20rain_tracker_service3api14get_water_year000B9_
FN:335,_RNCNCNCNvNtCs4I6j3VtXKYU_20rain_tracker_service3api15get_gauge_by_id000B9_
FN:339,_RNCNCNCNvNtCs4I6j3VtXKYU_20rain_tracker_service3api15get_gauge_by_id00s_0B9_
FN:210,_RNCNCNCNvNtCs4I6j3VtXKYU_20rain_tracker_service3api17get_calendar_year000B9_
FN:243,_RNCNvNtCs4I6j3VtXKYU_20rain_tracker_service3api10get_latest0B5_
FN:96,_RNCNvNtCs4I6j3VtXKYU_20rain_tracker_service3api12openapi_spec0B5_
FN:285,_RNCNvNtCs4I6j3VtXKYU_20rain_tracker_service3api14get_all_gauges0B5_
FN:159,_RNCNvNtCs4I6j3VtXKYU_20rain_tracker_service3api14get_water_year0B5_
FN:328,_RNCNvNtCs4I6j3VtXKYU_20rain_tracker_service3api15get_gauge_by_id0B5_
FN:201,_RNCNvNtCs4I6j3VtXKYU_20rain_tracker_service3api17get_calendar_year0B5_
FN:133,_RNCNvNtCs4I6j3VtXKYU_20rain_tracker_service3api6health0B5_
FN:100,_RNCNvNtCs4I6j3VtXKYU_20rain_tracker_service3api8redoc_ui0B5_
FN:240,_RNvNtCs4I6j3VtXKYU_20rain_tracker_service3api10get_latest
FN:96,_RNvNtCs4I6j3VtXKYU_20rain_tracker_service3api12openapi_spec
FN:28,_RNvNtCs4I6j3VtXKYU_20rain_tracker_service3api13create_router
FN:282,_RNvNtCs4I6j3VtXKYU_20rain_tracker_service3api14get_all_gauges
FN:156,_RNvNtCs4I6j3VtXKYU_20rain_tracker_service3api14get_water_year
FN:325,_RNvNtCs4I6j3VtXKYU_20rain_tracker_service3api15get_gauge_by_id
FN:198,_RNvNtCs4I6j3VtXKYU_20rain_tracker_service3api17get_calendar_year
FN:92,_RNvNtCs4I6j3VtXKYU_20rain_tracker_service3api21generate_openapi_spec
FN:133,_RNvNtCs4I6j3VtXKYU_20rain_tracker_service3api6health
FN:100,_RNvNtCs4I6j3VtXKYU_20rain_tracker_service3api8redoc_ui
FNDA:0,_RNCNCNCNvNtCs7iCqo0KpDVZ_20rain_tracker_service3api10get_latest000B9_
FNDA:1,_RNCNCNCNvNtCs7iCqo0KpDVZ_20rain_tracker_service3api10get_latest00s_0B9_
FNDA:0,_RNCNCNCNvNtCs7iCqo0KpDVZ_20rain_tracker_service3api14get_all_gauges000B9_
FNDA:0,_RNCNCNCNvNtCs7iCqo0KpDVZ_20rain_tracker_service3api14get_water_year000B9_
FNDA:0,_RNCNCNCNvNtCs7iCqo0KpDVZ_20rain_tracker_service3api15get_gauge_by_id000B9_
FNDA:1,_RNCNCNCNvNtCs7iCqo0KpDVZ_20rain_tracker_service3api15get_gauge_by_id00s_0B9_
FNDA:0,_RNCNCNCNvNtCs7iCqo0KpDVZ_20rain_tracker_service3api17get_calendar_year000B9_
FNDA:2,_RNCNvNtCs7iCqo0KpDVZ_20rain_tracker_service3api10get_latest0B5_
FNDA:1,_RNCNvNtCs7iCqo0KpDVZ_20rain_tracker_service3api12openapi_spec0B5_
FNDA:2,_RNCNvNtCs7iCqo0KpDVZ_20rain_tracker_service3api14get_all_gauges0B5_
FNDA:1,_RNCNvNtCs7iCqo0KpDVZ_20rain_tracker_service3api14get_water_year0B5_
FNDA:2,_RNCNvNtCs7iCqo0KpDVZ_20rain_tracker_service3api15get_gauge_by_id0B5_
FNDA:1,_RNCNvNtCs7iCqo0KpDVZ_20rain_tracker_service3api17get_calendar_year0B5_
FNDA:1,_RNCNvNtCs7iCqo0KpDVZ_20rain_tracker_service3api6health0B5_
FNDA:1,_RNCNvNtCs7iCqo0KpDVZ_20rain_tracker_service3api8redoc_ui0B5_
FNDA:2,_RNvNtCs7iCqo0KpDVZ_20rain_tracker_service3api10get_latest
FNDA:1,_RNvNtCs7iCqo0KpDVZ_20rain_tracker_service3api12openapi_spec
FNDA:11,_RNvNtCs7iCqo0KpDVZ_20rain_tracker_service3api13create_router
FNDA:2,_RNvNtCs7iCqo0KpDVZ_20rain_tracker_service3api14get_all_gauges
FNDA:1,_RNvNtCs7iCqo0KpDVZ_20rain_tracker_service3api14get_water_year
FNDA:2,_RNvNtCs7iCqo0KpDVZ_20rain_tracker_service3api15get_gauge_by_id
FNDA:1,_RNvNtCs7iCqo0KpDVZ_20rain_tracker_service3api17get_calendar_year
FNDA:1,_RNvNtCs7iCqo0KpDVZ_20rain_tracker_service3api21generate_openapi_spec
FNDA:1,_RNvNtCs7iCqo0KpDVZ_20rain_tracker_service3api6health
FNDA:1,_RNvNtCs7iCqo0KpDVZ_20rain_tracker_service3api8redoc_ui
FNDA:0,_RNCNCNCNvNtCs4I6j3VtXKYU_20rain_tracker_service3api10get_latest000B9_
FNDA:0,_RNCNCNCNvNtCs4I6j3VtXKYU_20rain_tracker_service3api10get_latest00s_0B9_
FNDA:0,_RNCNCNCNvNtCs4I6j3VtXKYU_20rain_tracker_service3api14get_all_gauges000B9_
FNDA:0,_RNCNCNCNvNtCs4I6j3VtXKYU_20rain_tracker_service3api14get_water_year000B9_
FNDA:0,_RNCNCNCNvNtCs4I6j3VtXKYU_20rain_tracker_service3api15get_gauge_by_id000B9_
FNDA:0,_RNCNCNCNvNtCs4I6j3VtXKYU_20rain_tracker_service3api15get_gauge_by_id00s_0B9_
FNDA:0,_RNCNCNCNvNtCs4I6j3VtXKYU_20rain_tracker_service3api17get_calendar_year000B9_
FNDA:0,_RNCNvNtCs4I6j3VtXKYU_20rain_tracker_service3api10get_latest0B5_
FNDA:0,_RNCNvNtCs4I6j3VtXKYU_20rain_tracker_service3api12openapi_spec0B5_
FNDA:0,_RNCNvNtCs4I6j3VtXKYU_20rain_tracker_service3api14get_all_gauges0B5_
FNDA:0,_RNCNvNtCs4I6j3VtXKYU_20rain_tracker_service3api14get_water_year0B5_
FNDA:0,_RNCNvNtCs4I6j3VtXKYU_20rain_tracker_service3api15get_gauge_by_id0B5_
FNDA:0,_RNCNvNtCs4I6j3VtXKYU_20rain_tracker_service3api17get_calendar_year0B5_
FNDA:0,_RNCNvNtCs4I6j3VtXKYU_20rain_tracker_service3api6health0B5_
FNDA:0,_RNCNvNtCs4I6j3VtXKYU_20rain_tracker_service3api8redoc_ui0B5_
FNDA:0,_RNvNtCs4I6j3VtXKYU_20rain_tracker_service3api10get_latest
FNDA:0,_RNvNtCs4I6j3VtXKYU_20rain_tracker_service3api12openapi_spec
FNDA:0,_RNvNtCs4I6j3VtXKYU_20rain_tracker_service3api13create_router
FNDA:0,_RNvNtCs4I6j3VtXKYU_20rain_tracker_service3api14get_all_gauges
FNDA:0,_RNvNtCs4I6j3VtXKYU_20rain_tracker_service3api14get_water_year
FNDA:0,_RNvNtCs4I6j3VtXKYU_20rain_tracker_service3api15get_gauge_by_id
FNDA:0,_RNvNtCs4I6j3VtXKYU_20rain_tracker_service3api17get_calendar_year
FNDA:0,_RNvNtCs4I6j3VtXKYU_20rain_tracker_service3api21generate_openapi_spec
FNDA:0,_RNvNtCs4I6j3VtXKYU_20rain_tracker_service3api6health
FNDA:0,_RNvNtCs4I6j3VtXKYU_20rain_tracker_service3api8redoc_ui
FNF:25
FNH:20
DA:28,11
DA:29,11
DA:30,11
DA:31,11
DA:32,11
DA:33,11
DA:35,11
DA:36,11
DA:37,11
DA:39,11
DA:40,11
DA:41,11
DA:42,11
DA:44,11
DA:45,11
DA:46,11
DA:47,11
DA:48,11
DA:92,1
DA:93,1
DA:94,1
DA:96,1
DA:97,1
DA:98,1
DA:100,1
DA:101,1
DA:102,1
DA:103,1
DA:104,1
DA:105,1
DA:106,1
DA:107,1
DA:108,1
DA:109,1
DA:110,1
DA:111,1
DA:112,1
DA:113,1
DA:114,1
DA:115,1
DA:116,1
DA:117,1
DA:118,1
DA:119,1
DA:120,1
DA:121,1
DA:122,1
DA:133,1
DA:140,1
DA:156,1
DA:157,1
DA:158,1
DA:159,1
DA:168,0
DA:169,0
DA:170,0
DA:173,0
DA:174,0
DA:182,1
DA:198,1
DA:199,1
DA:200,1
DA:201,1
DA:210,0
DA:211,0
DA:212,0
DA:215,0
DA:216,0
DA:224,1
DA:240,2
DA:241,2
DA:242,2
DA:243,2
DA:249,0
DA:250,0
DA:251,0
DA:254,0
DA:255,0
DA:256,1
DA:257,1
DA:258,1
DA:259,1
DA:267,2
DA:282,2
DA:283,2
DA:284,2
DA:285,2
DA:295,0
DA:296,0
DA:297,0
DA:298,0
DA:309,2
DA:325,2
DA:326,2
DA:327,2
DA:328,2
DA:335,0
DA:336,0
DA:337,0
DA:338,0
DA:339,1
DA:340,1
DA:341,1
DA:342,1
DA:346,2
BRF:0
BRH:0
LF:113
LH:90
end_of_record
SF:/Users/terry/RustroverProjects/rain-tracker-service/src/db/fopr_import_job_repository.rs
FN:83,_RNCNCNCNvMNtNtCs7iCqo0KpDVZ_20rain_tracker_service2db26fopr_import_job_repositoryNtB8_23FoprImportJobRepository10create_job000Bc_
FN:304,_RNCNCNCNvMNtNtCs7iCqo0KpDVZ_20rain_tracker_service2db26fopr_import_job_repositoryNtB8_23FoprImportJobRepository13create_job_tx000Bc_
FN:79,_RNCNvMNtNtCs7iCqo0KpDVZ_20rain_tracker_service2db26fopr_import_job_repositoryNtB4_23FoprImportJobRepository10create_job0B8_
FN:476,_RNCNvMNtNtCs7iCqo0KpDVZ_20rain_tracker_service2db26fopr_import_job_repositoryNtB4_23FoprImportJobRepository10get_job_tx0B8_
FN:222,_RNCNvMNtNtCs7iCqo0KpDVZ_20rain_tracker_service2db26fopr_import_job_repositoryNtB4_23FoprImportJobRepository10job_exists0B8_
FN:189,_RNCNvMNtNtCs7iCqo0KpDVZ_20rain_tracker_service2db26fopr_import_job_repositoryNtB4_23FoprImportJobRepository11mark_failed0B8_
FN:300,_RNCNvMNtNtCs7iCqo0KpDVZ_20rain_tracker_service2db26fopr_import_job_repositoryNtB4_23FoprImportJobRepository13create_job_tx0B8_
FN:450,_RNCNvMNtNtCs7iCqo0KpDVZ_20rain_tracker_service2db26fopr_import_job_repositoryNtB4_23FoprImportJobRepository13job_exists_tx0B8_
FN:114,_RNCNvMNtNtCs7iCqo0KpDVZ_20rain_tracker_service2db26fopr_import_job_repositoryNtB4_23FoprImportJobRepository14claim_next_job0B8_
FN:153,_RNCNvMNtNtCs7iCqo0KpDVZ_20rain_tracker_service2db26fopr_import_job_repositoryNtB4_23FoprImportJobRepository14mark_completed0B8_
FN:413,_RNCNvMNtNtCs7iCqo0KpDVZ_20rain_tracker_service2db26fopr_import_job_repositoryNtB4_23FoprImportJobRepository14mark_failed_tx0B8_
FN:266,_RNCNvMNtNtCs7iCqo0KpDVZ_20rain_tracker_service2db26fopr_import_job_repositoryNtB4_23FoprImportJobRepository16get_pending_jobs0B8_
FN:335,_RNCNvMNtNtCs7iCqo0KpDVZ_20rain_tracker_service2db26fopr_import_job_repositoryNtB4_23FoprImportJobRepository17claim_next_job_tx0B8_
FN:379,_RNCNvMNtNtCs7iCqo0KpDVZ_20rain_tracker_service2db26fopr_import_job_repositoryNtB4_23FoprImportJobRepository17mark_completed_tx0B8_
FN:501,_RNCNvMNtNtCs7iCqo0KpDVZ_20rain_tracker_service2db26fopr_import_job_repositoryNtB4_23FoprImportJobRepository19get_pending_jobs_tx0B8_
FN:244,_RNCNvMNtNtCs7iCqo0KpDVZ_20rain_tracker_service2db26fopr_import_job_repositoryNtB4_23FoprImportJobRepository7get_job0B8_
FN:73,_RNvMNtNtCs7iCqo0KpDVZ_20rain_tracker_service2db26fopr_import_job_repositoryNtB2_23FoprImportJobRepository10create_job
FN:472,_RNvMNtNtCs7iCqo0KpDVZ_20rain_tracker_service2db26fopr_import_job_repositoryNtB2_23FoprImportJobRepository10get_job_tx
FN:222,_RNvMNtNtCs7iCqo0KpDVZ_20rain_tracker_service2db26fopr_import_job_repositoryNtB2_23FoprImportJobRepository10job_exists
FN:182,_RNvMNtNtCs7iCqo0KpDVZ_20rain_tracker_service2db26fopr_import_job_repositoryNtB2_23FoprImportJobRepository11mark_failed
FN:293,_RNvMNtNtCs7iCqo0KpDVZ_20rain_tracker_service2db26fopr_import_job_repositoryNtB2_23FoprImportJobRepository13create_job_tx
FN:446,_RNvMNtNtCs7iCqo0KpDVZ_20rain_tracker_service2db26fopr_import_job_repositoryNtB2_23FoprImportJobRepository13job_exists_tx
FN:114,_RNvMNtNtCs7iCqo0KpDVZ_20rain_tracker_service2db26fopr_import_job_repositoryNtB2_23FoprImportJobRepository14claim_next_job
FN:153,_RNvMNtNtCs7iCqo0KpDVZ_20rain_tracker_service2db26fopr_import_job_repositoryNtB2_23FoprImportJobRepository14mark_completed
FN:405,_RNvMNtNtCs7iCqo0KpDVZ_20rain_tracker_service2db26fopr_import_job_repositoryNtB2_23FoprImportJobRepository14mark_failed_tx
FN:266,_RNvMNtNtCs7iCqo0KpDVZ_20rain_tracker_service2db26fopr_import_job_repositoryNtB2_23FoprImportJobRepository16get_pending_jobs
FN:332,_RNvMNtNtCs7iCqo0KpDVZ_20rain_tracker_service2db26fopr_import_job_repositoryNtB2_23FoprImportJobRepository17claim_next_job_tx
FN:374,_RNvMNtNtCs7iCqo0KpDVZ_20rain_tracker_service2db26fopr_import_job_repositoryNtB2_23FoprImportJobRepository17mark_completed_tx
FN:498,_RNvMNtNtCs7iCqo0KpDVZ_20rain_tracker_service2db26fopr_import_job_repositoryNtB2_23FoprImportJobRepository19get_pending_jobs_tx
FN:67,_RNvMNtNtCs7iCqo0KpDVZ_20rain_tracker_service2db26fopr_import_job_repositoryNtB2_23FoprImportJobRepository3new
FN:244,_RNvMNtNtCs7iCqo0KpDVZ_20rain_tracker_service2db26fopr_import_job_repositoryNtB2_23FoprImportJobRepository7get_job
FN:83,_RNCNCNCNvMNtNtCs7iCqo0KpDVZ_20rain_tracker_service2db26fopr_import_job_repositoryNtB8_23FoprImportJobRepository10create_job000Cs3PAmBzODhhi_19error_handling_test
FN:79,_RNCNvMNtNtCs7iCqo0KpDVZ_20rain_tracker_service2db26fopr_import_job_repositoryNtB4_23FoprImportJobRepository10create_job0Cs3PAmBzODhhi_19error_handling_test
FN:222,_RNCNvMNtNtCs7iCqo0KpDVZ_20rain_tracker_service2db26fopr_import_job_repositoryNtB4_23FoprImportJobRepository10job_exists0Cs3PAmBzODhhi_19error_handling_test
FN:83,_RNCNCNCNvMNtNtCs7iCqo0KpDVZ_20rain_tracker_service2db26fopr_import_job_repositoryNtB8_23FoprImportJobRepository10create_job000CseH0guzo6yrj_31fopr_import_job_repository_test
FN:304,_RNCNCNCNvMNtNtCs7iCqo0KpDVZ_20rain_tracker_service2db26fopr_import_job_repositoryNtB8_23FoprImportJobRepository13create_job_tx000CseH0guzo6yrj_31fopr_import_job_repository_test
FN:79,_RNCNvMNtNtCs7iCqo0KpDVZ_20rain_tracker_service2db26fopr_import_job_repositoryNtB4_23FoprImportJobRepository10create_job0CseH0guzo6yrj_31fopr_import_job_repository_test
FN:476,_RNCNvMNtNtCs7iCqo0KpDVZ_20rain_tracker_service2db26fopr_import_job_repositoryNtB4_23FoprImportJobRepository10get_job_tx0CseH0guzo6yrj_31fopr_import_job_repository_test
FN:300,_RNCNvMNtNtCs7iCqo0KpDVZ_20rain_tracker_service2db26fopr_import_job_repositoryNtB4_23FoprImportJobRepository13create_job_tx0CseH0guzo6yrj_31fopr_import_job_repository_test
FN:450,_RNCNvMNtNtCs7iCqo0KpDVZ_20rain_tracker_service2db26fopr_import_job_repositoryNtB4_23FoprImportJobRepository13job_exists_tx0CseH0guzo6yrj_31fopr_import_job_repository_test
FN:114,_RNCNvMNtNtCs7iCqo0KpDVZ_20rain_tracker_service2db26fopr_import_job_repositoryNtB4_23FoprImportJobRepository14claim_next_job0CseH0guzo6yrj_31fopr_import_job_repository_test
FN:413,_RNCNvMNtNtCs7iCqo0KpDVZ_20rain_tracker_service2db26fopr_import_job_repositoryNtB4_23FoprImportJobRepository14mark_failed_tx0CseH0guzo6yrj_31fopr_import_job_repository_test
FN:266,_RNCNvMNtNtCs7iCqo0KpDVZ_20rain_tracker_service2db26fopr_import_job_repositoryNtB4_23FoprImportJobRepository16get_pending_jobs0CseH0guzo6yrj_31fopr_import_job_repository_test
FN:335,_RNCNvMNtNtCs7iCqo0KpDVZ_20rain_tracker_service2db26fopr_import_job_repositoryNtB4_23FoprImportJobRepository17claim_next_job_tx0CseH0guzo6yrj_31fopr_import_job_repository_test
FN:379,_RNCNvMNtNtCs7iCqo0KpDVZ_20rain_tracker_service2db26fopr_import_job_repositoryNtB4_23FoprImportJobRepository17mark_completed_tx0CseH0guzo6yrj_31fopr_import_job_repository_test
FN:501,_RNCNvMNtNtCs7iCqo0KpDVZ_20rain_tracker_service2db26fopr_import_job_repositoryNtB4_23FoprImportJobRepository19get_pending_jobs_tx0CseH0guzo6yrj_31fopr_import_job_repository_test
FN:244,_RNCNvMNtNtCs7iCqo0KpDVZ_20rain_tracker_service2db26fopr_import_job_repositoryNtB4_23FoprImportJobRepository7get_job0CseH0guzo6yrj_31fopr_import_job_repository_test
FN:83,_RNCNCNCNvMNtNtCs7iCqo0KpDVZ_20rain_tracker_service2db26fopr_import_job_repositoryNtB8_23FoprImportJobRepository10create_job000CskhdQylLvBLq_24fopr_import_service_test
FN:79,_RNCNvMNtNtCs7iCqo0KpDVZ_20rain_tracker_service2db26fopr_import_job_repositoryNtB4_23FoprImportJobRepository10create_job0CskhdQylLvBLq_24fopr_import_service_test
FN:222,_RNCNvMNtNtCs7iCqo0KpDVZ_20rain_tracker_service2db26fopr_import_job_repositoryNtB4_23FoprImportJobRepository10job_exists0CskhdQylLvBLq_24fopr_import_service_test
FN:83,_RNCNCNCNvMNtNtCs7iCqo0KpDVZ_20rain_tracker_service2db26fopr_import_job_repositoryNtB8_23FoprImportJobRepository10create_job000Cs1juIzkGC2Eo_23fopr_import_worker_test
FN:79,_RNCNvMNtNtCs7iCqo0KpDVZ_20rain_tracker_service2db26fopr_import_job_repositoryNtB4_23FoprImportJobRepository10create_job0Cs1juIzkGC2Eo_23fopr_import_worker_test
FN:189,_RNCNvMNtNtCs7iCqo0KpDVZ_20rain_tracker_service2db26fopr_import_job_repositoryNtB4_23FoprImportJobRepository11mark_failed0Cs1juIzkGC2Eo_23fopr_import_worker_test
FN:114,_RNCNvMNtNtCs7iCqo0KpDVZ_20rain_tracker_service2db26fopr_import_job_repositoryNtB4_23FoprImportJobRepository14claim_next_job0Cs1juIzkGC2Eo_23fopr_import_worker_test
FN:153,_RNCNvMNtNtCs7iCqo0KpDVZ_20rain_tracker_service2db26fopr_import_job_repositoryNtB4_23FoprImportJobRepository14mark_completed0Cs1juIzkGC2Eo_23fopr_import_worker_test
FN:244,_RNCNvMNtNtCs7iCqo0KpDVZ_20rain_tracker_service2db26fopr_import_job_repositoryNtB4_23FoprImportJobRepository7get_job0Cs1juIzkGC2Eo_23fopr_import_worker_test
FN:83,_RNCNCNCNvMNtNtCs7iCqo0KpDVZ_20rain_tracker_service2db26fopr_import_job_repositoryNtB8_23FoprImportJobRepository10create_job000Csdpfhlhhwi2Y_20rain_tracker_service
FN:79,_RNCNvMNtNtCs7iCqo0KpDVZ_20rain_tracker_service2db26fopr_import_job_repositoryNtB4_23FoprImportJobRepository10create_job0Csdpfhlhhwi2Y_20rain_tracker_service
FN:222,_RNCNvMNtNtCs7iCqo0KpDVZ_20rain_tracker_service2db26fopr_import_job_repositoryNtB4_23FoprImportJobRepository10job_exists0Csdpfhlhhwi2Y_20rain_tracker_service
FN:189,_RNCNvMNtNtCs7iCqo0KpDVZ_20rain_tracker_service2db26fopr_import_job_repositoryNtB4_23FoprImportJobRepository11mark_failed0Csdpfhlhhwi2Y_20rain_tracker_service
FN:114,_RNCNvMNtNtCs7iCqo0KpDVZ_20rain_tracker_service2db26fopr_import_job_repositoryNtB4_23FoprImportJobRepository14claim_next_job0Csdpfhlhhwi2Y_20rain_tracker_service
FN:153,_RNCNvMNtNtCs7iCqo0KpDVZ_20rain_tracker_service2db26fopr_import_job_repositoryNtB4_23FoprImportJobRepository14mark_completed0Csdpfhlhhwi2Y_20rain_tracker_service
FN:83,_RNCNCNCNvMNtNtCs4I6j3VtXKYU_20rain_tracker_service2db26fopr_import_job_repositoryNtB8_23FoprImportJobRepository10create_job000Bc_
FN:304,_RNCNCNCNvMNtNtCs4I6j3VtXKYU_20rain_tracker_service2db26fopr_import_job_repositoryNtB8_23FoprImportJobRepository13create_job_tx000Bc_
FN:79,_RNCNvMNtNtCs4I6j3VtXKYU_20rain_tracker_service2db26fopr_import_job_repositoryNtB4_23FoprImportJobRepository10create_job0B8_
FN:476,_RNCNvMNtNtCs4I6j3VtXKYU_20rain_tracker_service2db26fopr_import_job_repositoryNtB4_23FoprImportJobRepository10get_job_tx0B8_
FN:222,_RNCNvMNtNtCs4I6j3VtXKYU_20rain_tracker_service2db26fopr_import_job_repositoryNtB4_23FoprImportJobRepository10job_exists0B8_
FN:189,_RNCNvMNtNtCs4I6j3VtXKYU_20rain_tracker_service2db26fopr_import_job_repositoryNtB4_23FoprImportJobRepository11mark_failed0B8_
FN:300,_RNCNvMNtNtCs4I6j3VtXKYU_20rain_tracker_service2db26fopr_import_job_repositoryNtB4_23FoprImportJobRepository13create_job_tx0B8_
FN:450,_RNCNvMNtNtCs4I6j3VtXKYU_20rain_tracker_service2db26fopr_import_job_repositoryNtB4_23FoprImportJobRepository13job_exists_tx0B8_
FN:114,_RNCNvMNtNtCs4I6j3VtXKYU_20rain_tracker_service2db26fopr_import_job_repositoryNtB4_23FoprImportJobRepository14claim_next_job0B8_
FN:153,_RNCNvMNtNtCs4I6j3VtXKYU_20rain_tracker_service2db26fopr_import_job_repositoryNtB4_23FoprImportJobRepository14mark_completed0B8_
FN:413,_RNCNvMNtNtCs4I6j3VtXKYU_20rain_tracker_service2db26fopr_import_job_repositoryNtB4_23FoprImportJobRepository14mark_failed_tx0B8_
FN:266,_RNCNvMNtNtCs4I6j3VtXKYU_20rain_tracker_service2db26fopr_import_job_repositoryNtB4_23FoprImportJobRepository16get_pending_jobs0B8_
FN:335,_RNCNvMNtNtCs4I6j3VtXKYU_20rain_tracker_service2db26fopr_import_job_repositoryNtB4_23FoprImportJobRepository17claim_next_job_tx0B8_
FN:379,_RNCNvMNtNtCs4I6j3VtXKYU_20rain_tracker_service2db26fopr_import_job_repositoryNtB4_23FoprImportJobRepository17mark_completed_tx0B8_
FN:501,_RNCNvMNtNtCs4I6j3VtXKYU_20rain_tracker_service2db26fopr_import_job_repositoryNtB4_23FoprImportJobRepository19get_pending_jobs_tx0B8_
FN:244,_RNCNvMNtNtCs4I6j3VtXKYU_20rain_tracker_service2db26fopr_import_job_repositoryNtB4_23FoprImportJobRepository7get_job0B8_
FN:73,_RNvMNtNtCs4I6j3VtXKYU_20rain_tracker_service2db26fopr_import_job_repositoryNtB2_23FoprImportJobRepository10create_job
FN:472,_RNvMNtNtCs4I6j3VtXKYU_20rain_tracker_service2db26fopr_import_job_repositoryNtB2_23FoprImportJobRepository10get_job_tx
FN:222,_RNvMNtNtCs4I6j3VtXKYU_20rain_tracker_service2db26fopr_import_job_repositoryNtB2_23FoprImportJobRepository10job_exists
FN:182,_RNvMNtNtCs4I6j3VtXKYU_20rain_tracker_service2db26fopr_import_job_repositoryNtB2_23FoprImportJobRepository11mark_failed
FN:293,_RNvMNtNtCs4I6j3VtXKYU_20rain_tracker_service2db26fopr_import_job_repositoryNtB2_23FoprImportJobRepository13create_job_tx
FN:446,_RNvMNtNtCs4I6j3VtXKYU_20rain_tracker_service2db26fopr_import_job_repositoryNtB2_23FoprImportJobRepository13job_exists_tx
FN:114,_RNvMNtNtCs4I6j3VtXKYU_20rain_tracker_service2db26fopr_import_job_repositoryNtB2_23FoprImportJobRepository14claim_next_job
FN:153,_RNvMNtNtCs4I6j3VtXKYU_20rain_tracker_service2db26fopr_import_job_repositoryNtB2_23FoprImportJobRepository14mark_completed
FN:405,_RNvMNtNtCs4I6j3VtXKYU_20rain_tracker_service2db26fopr_import_job_repositoryNtB2_23FoprImportJobRepository14mark_failed_tx
FN:266,_RNvMNtNtCs4I6j3VtXKYU_20rain_tracker_service2db26fopr_import_job_repositoryNtB2_23FoprImportJobRepository16get_pending_jobs
FN:332,_RNvMNtNtCs4I6j3VtXKYU_20rain_tracker_service2db26fopr_import_job_repositoryNtB2_23FoprImportJobRepository17claim_next_job_tx
FN:374,_RNvMNtNtCs4I6j3VtXKYU_20rain_tracker_service2db26fopr_import_job_repositoryNtB2_23FoprImportJobRepository17mark_completed_tx
FN:498,_RNvMNtNtCs4I6j3VtXKYU_20rain_tracker_service2db26fopr_import_job_repositoryNtB2_23FoprImportJobRepository19get_pending_jobs_tx
FN:67,_RNvMNtNtCs4I6j3VtXKYU_20rain_tracker_service2db26fopr_import_job_repositoryNtB2_23FoprImportJobRepository3new
FN:244,_RNvMNtNtCs4I6j3VtXKYU_20rain_tracker_service2db26fopr_import_job_repositoryNtB2_23FoprImportJobRepository7get_job
FN:83,_RNCNCNCNvMNtNtCs7iCqo0KpDVZ_20rain_tracker_service2db26fopr_import_job_repositoryNtB8_23FoprImportJobRepository10create_job000Cs449oeRE4YCE_23worker_integration_test
FN:79,_RNCNvMNtNtCs7iCqo0KpDVZ_20rain_tracker_service2db26fopr_import_job_repositoryNtB4_23FoprImportJobRepository10create_job0Cs449oeRE4YCE_23worker_integration_test
FNDA:0,_RNCNCNCNvMNtNtCs7iCqo0KpDVZ_20rain_tracker_service2db26fopr_import_job_repositoryNtB8_23FoprImportJobRepository10create_job000Bc_
FNDA:0,_RNCNCNCNvMNtNtCs7iCqo0KpDVZ_20rain_tracker_service2db26fopr_import_job_repositoryNtB8_23FoprImportJobRepository13create_job_tx000Bc_
FNDA:0,_RNCNvMNtNtCs7iCqo0KpDVZ_20rain_tracker_service2db26fopr_import_job_repositoryNtB4_23FoprImportJobRepository10create_job0B8_
FNDA:0,_RNCNvMNtNtCs7iCqo0KpDVZ_20rain_tracker_service2db26fopr_import_job_repositoryNtB4_23FoprImportJobRepository10get_job_tx0B8_
FNDA:0,_RNCNvMNtNtCs7iCqo0KpDVZ_20rain_tracker_service2db26fopr_import_job_repositoryNtB4_23FoprImportJobRepository10job_exists0B8_
FNDA:0,_RNCNvMNtNtCs7iCqo0KpDVZ_20rain_tracker_service2db26fopr_import_job_repositoryNtB4_23FoprImportJobRepository11mark_failed0B8_
FNDA:0,_RNCNvMNtNtCs7iCqo0KpDVZ_20rain_tracker_service2db26fopr_import_job_repositoryNtB4_23FoprImportJobRepository13create_job_tx0B8_
FNDA:0,_RNCNvMNtNtCs7iCqo0KpDVZ_20rain_tracker_service2db26fopr_import_job_repositoryNtB4_23FoprImportJobRepository13job_exists_tx0B8_
FNDA:0,_RNCNvMNtNtCs7iCqo0KpDVZ_20rain_tracker_service2db26fopr_import_job_repositoryNtB4_23FoprImportJobRepository14claim_next_job0B8_
FNDA:0,_RNCNvMNtNtCs7iCqo0KpDVZ_20rain_tracker_service2db26fopr_import_job_repositoryNtB4_23FoprImportJobRepository14mark_completed0B8_
FNDA:0,_RNCNvMNtNtCs7iCqo0KpDVZ_20rain_tracker_service2db26fopr_import_job_repositoryNtB4_23FoprImportJobRepository14mark_failed_tx0B8_
FNDA:0,_RNCNvMNtNtCs7iCqo0KpDVZ_20rain_tracker_service2db26fopr_import_job_repositoryNtB4_23FoprImportJobRepository16get_pending_jobs0B8_
FNDA:0,_RNCNvMNtNtCs7iCqo0KpDVZ_20rain_tracker_service2db26fopr_import_job_repositoryNtB4_23FoprImportJobRepository17claim_next_job_tx0B8_
FNDA:0,_RNCNvMNtNtCs7iCqo0KpDVZ_20rain_tracker_service2db26fopr_import_job_repositoryNtB4_23FoprImportJobRepository17mark_completed_tx0B8_
FNDA:0,_RNCNvMNtNtCs7iCqo0KpDVZ_20rain_tracker_service2db26fopr_import_job_repositoryNtB4_23FoprImportJobRepository19get_pending_jobs_tx0B8_
FNDA:0,_RNCNvMNtNtCs7iCqo0KpDVZ_20rain_tracker_service2db26fopr_import_job_repositoryNtB4_23FoprImportJobRepository7get_job0B8_
FNDA:20,_RNvMNtNtCs7iCqo0KpDVZ_20rain_tracker_service2db26fopr_import_job_repositoryNtB2_23FoprImportJobRepository10create_job
FNDA:1,_RNvMNtNtCs7iCqo0KpDVZ_20rain_tracker_service2db26fopr_import_job_repositoryNtB2_23FoprImportJobRepository10get_job_tx
FNDA:7,_RNvMNtNtCs7iCqo0KpDVZ_20rain_tracker_service2db26fopr_import_job_repositoryNtB2_23FoprImportJobRepository10job_exists
FNDA:10,_RNvMNtNtCs7iCqo0KpDVZ_20rain_tracker_service2db26fopr_import_job_repositoryNtB2_23FoprImportJobRepository11mark_failed
FNDA:1,_RNvMNtNtCs7iCqo0KpDVZ_20rain_tracker_service2db26fopr_import_job_repositoryNtB2_23FoprImportJobRepository13create_job_tx
FNDA:1,_RNvMNtNtCs7iCqo0KpDVZ_20rain_tracker_service2db26fopr_import_job_repositoryNtB2_23FoprImportJobRepository13job_exists_tx
FNDA:19,_RNvMNtNtCs7iCqo0KpDVZ_20rain_tracker_service2db26fopr_import_job_repositoryNtB2_23FoprImportJobRepository14claim_next_job
FNDA:1,_RNvMNtNtCs7iCqo0KpDVZ_20rain_tracker_service2db26fopr_import_job_repositoryNtB2_23FoprImportJobRepository14mark_completed
FNDA:1,_RNvMNtNtCs7iCqo0KpDVZ_20rain_tracker_service2db26fopr_import_job_repositoryNtB2_23FoprImportJobRepository14mark_failed_tx
FNDA:2,_RNvMNtNtCs7iCqo0KpDVZ_20rain_tracker_service2db26fopr_import_job_repositoryNtB2_23FoprImportJobRepository16get_pending_jobs
FNDA:1,_RNvMNtNtCs7iCqo0KpDVZ_20rain_tracker_service2db26fopr_import_job_repositoryNtB2_23FoprImportJobRepository17claim_next_job_tx
FNDA:1,_RNvMNtNtCs7iCqo0KpDVZ_20rain_tracker_service2db26fopr_import_job_repositoryNtB2_23FoprImportJobRepository17mark_completed_tx
FNDA:1,_RNvMNtNtCs7iCqo0KpDVZ_20rain_tracker_service2db26fopr_import_job_repositoryNtB2_23FoprImportJobRepository19get_pending_jobs_tx
FNDA:50,_RNvMNtNtCs7iCqo0KpDVZ_20rain_tracker_service2db26fopr_import_job_repositoryNtB2_23FoprImportJobRepository3new
FNDA:11,_RNvMNtNtCs7iCqo0KpDVZ_20rain_tracker_service2db26fopr_import_job_repositoryNtB2_23FoprImportJobRepository7get_job
FNDA:2,_RNCNCNCNvMNtNtCs7iCqo0KpDVZ_20rain_tracker_service2db26fopr_import_job_repositoryNtB8_23FoprImportJobRepository10create_job000Cs3PAmBzODhhi_19error_handling_test
FNDA:2,_RNCNvMNtNtCs7iCqo0KpDVZ_20rain_tracker_service2db26fopr_import_job_repositoryNtB4_23FoprImportJobRepository10create_job0Cs3PAmBzODhhi_19error_handling_test
FNDA:5,_RNCNvMNtNtCs7iCqo0KpDVZ_20rain_tracker_service2db26fopr_import_job_repositoryNtB4_23FoprImportJobRepository10job_exists0Cs3PAmBzODhhi_19error_handling_test
FNDA:0,_RNCNCNCNvMNtNtCs7iCqo0KpDVZ_20rain_tracker_service2db26fopr_import_job_repositoryNtB8_23FoprImportJobRepository10create_job000CseH0guzo6yrj_31fopr_import_job_repository_test
FNDA:0,_RNCNCNCNvMNtNtCs7iCqo0KpDVZ_20rain_tracker_service2db26fopr_import_job_repositoryNtB8_23FoprImportJobRepository13create_job_tx000CseH0guzo6yrj_31fopr_import_job_repository_test
FNDA:7,_RNCNvMNtNtCs7iCqo0KpDVZ_20rain_tracker_service2db26fopr_import_job_repositoryNtB4_23FoprImportJobRepository10create_job0CseH0guzo6yrj_31fopr_import_job_repository_test
FNDA:1,_RNCNvMNtNtCs7iCqo0KpDVZ_20rain_tracker_service2db26fopr_import_job_repositoryNtB4_23FoprImportJobRepository10get_job_tx0CseH0guzo6yrj_31fopr_import_job_repository_test
FNDA:1,_RNCNvMNtNtCs7iCqo0KpDVZ_20rain_tracker_service2db26fopr_import_job_repositoryNtB4_23FoprImportJobRepository13create_job_tx0CseH0guzo6yrj_31fopr_import_job_repository_test
FNDA:1,_RNCNvMNtNtCs7iCqo0KpDVZ_20rain_tracker_service2db26fopr_import_job_repositoryNtB4_23FoprImportJobRepository13job_exists_tx0CseH0guzo6yrj_31fopr_import_job_repository_test
FNDA:2,_RNCNvMNtNtCs7iCqo0KpDVZ_20rain_tracker_service2db26fopr_import_job_repositoryNtB4_23FoprImportJobRepository14claim_next_job0CseH0guzo6yrj_31fopr_import_job_repository_test
FNDA:1,_RNCNvMNtNtCs7iCqo0KpDVZ_20rain_tracker_service2db26fopr_import_job_repositoryNtB4_23FoprImportJobRepository14mark_failed_tx0CseH0guzo6yrj_31fopr_import_job_repository_test
FNDA:2,_RNCNvMNtNtCs7iCqo0KpDVZ_20rain_tracker_service2db26fopr_import_job_repositoryNtB4_23FoprImportJobRepository16get_pending_jobs0CseH0guzo6yrj_31fopr_import_job_repository_test
FNDA:1,_RNCNvMNtNtCs7iCqo0KpDVZ_20rain_tracker_service2db26fopr_import_job_repositoryNtB4_23FoprImportJobRepository17claim_next_job_tx0CseH0guzo6yrj_31fopr_import_job_repository_test
FNDA:1,_RNCNvMNtNtCs7iCqo0KpDVZ_20rain_tracker_service2db26fopr_import_job_repositoryNtB4_23FoprImportJobRepository17mark_completed_tx0CseH0guzo6yrj_31fopr_import_job_repository_test
FNDA:1,_RNCNvMNtNtCs7iCqo0KpDVZ_20rain_tracker_service2db26fopr_import_job_repositoryNtB4_23FoprImportJobRepository19get_pending_jobs_tx0CseH0guzo6yrj_31fopr_import_job_repository_test
FNDA:3,_RNCNvMNtNtCs7iCqo0KpDVZ_20rain_tracker_service2db26fopr_import_job_repositoryNtB4_23FoprImportJobRepository7get_job0CseH0guzo6yrj_31fopr_import_job_repository_test
FNDA:0,_RNCNCNCNvMNtNtCs7iCqo0KpDVZ_20rain_tracker_service2db26fopr_import_job_repositoryNtB8_23FoprImportJobRepository10create_job000CskhdQylLvBLq_24fopr_import_service_test
FNDA:1,_RNCNvMNtNtCs7iCqo0KpDVZ_20rain_tracker_service2db26fopr_import_job_repositoryNtB4_23FoprImportJobRepository10create_job0CskhdQylLvBLq_24fopr_import_service_test
FNDA:2,_RNCNvMNtNtCs7iCqo0KpDVZ_20rain_tracker_service2db26fopr_import_job_repositoryNtB4_23FoprImportJobRepository10job_exists0CskhdQylLvBLq_24fopr_import_service_test
FNDA:0,_RNCNCNCNvMNtNtCs7iCqo0KpDVZ_20rain_tracker_service2db26fopr_import_job_repositoryNtB8_23FoprImportJobRepository10create_job000Cs1juIzkGC2Eo_23fopr_import_worker_test
FNDA:9,_RNCNvMNtNtCs7iCqo0KpDVZ_20rain_tracker_service2db26fopr_import_job_repositoryNtB4_23FoprImportJobRepository10create_job0Cs1juIzkGC2Eo_23fopr_import_worker_test
FNDA:10,_RNCNvMNtNtCs7iCqo0KpDVZ_20rain_tracker_service2db26fopr_import_job_repositoryNtB4_23FoprImportJobRepository11mark_failed0Cs1juIzkGC2Eo_23fopr_import_worker_test
FNDA:17,_RNCNvMNtNtCs7iCqo0KpDVZ_20rain_tracker_service2db26fopr_import_job_repositoryNtB4_23FoprImportJobRepository14claim_next_job0Cs1juIzkGC2Eo_23fopr_import_worker_test
FNDA:1,_RNCNvMNtNtCs7iCqo0KpDVZ_20rain_tracker_service2db26fopr_import_job_repositoryNtB4_23FoprImportJobRepository14mark_completed0Cs1juIzkGC2Eo_23fopr_import_worker_test
FNDA:8,_RNCNvMNtNtCs7iCqo0KpDVZ_20rain_tracker_service2db26fopr_import_job_repositoryNtB4_23FoprImportJobRepository7get_job0Cs1juIzkGC2Eo_23fopr_import_worker_test
FNDA:0,_RNCNCNCNvMNtNtCs7iCqo0KpDVZ_20rain_tracker_service2db26fopr_import_job_repositoryNtB8_23FoprImportJobRepository10create_job000Csdpfhlhhwi2Y_20rain_tracker_service
FNDA:0,_RNCNvMNtNtCs7iCqo0KpDVZ_20rain_tracker_service2db26fopr_import_job_repositoryNtB4_23FoprImportJobRepository10create_job0Csdpfhlhhwi2Y_20rain_tracker_service
FNDA:0,_RNCNvMNtNtCs7iCqo0KpDVZ_20rain_tracker_service2db26fopr_import_job_repositoryNtB4_23FoprImportJobRepository10job_exists0Csdpfhlhhwi2Y_20rain_tracker_service
FNDA:0,_RNCNvMNtNtCs7iCqo0KpDVZ_20rain_tracker_service2db26fopr_import_job_repositoryNtB4_23FoprImportJobRepository11mark_failed0Csdpfhlhhwi2Y_20rain_tracker_service
FNDA:0,_RNCNvMNtNtCs7iCqo0KpDVZ_20rain_tracker_service2db26fopr_import_job_repositoryNtB4_23FoprImportJobRepository14claim_next_job0Csdpfhlhhwi2Y_20rain_tracker_service
FNDA:0,_RNCNvMNtNtCs7iCqo0KpDVZ_20rain_tracker_service2db26fopr_import_job_repositoryNtB4_23FoprImportJobRepository14mark_completed0Csdpfhlhhwi2Y_20rain_tracker_service
FNDA:0,_RNCNCNCNvMNtNtCs4I6j3VtXKYU_20rain_tracker_service2db26fopr_import_job_repositoryNtB8_23FoprImportJobRepository10create_job000Bc_
FNDA:0,_RNCNCNCNvMNtNtCs4I6j3VtXKYU_20rain_tracker_service2db26fopr_import_job_repositoryNtB8_23FoprImportJobRepository13create_job_tx000Bc_
FNDA:0,_RNCNvMNtNtCs4I6j3VtXKYU_20rain_tracker_service2db26fopr_import_job_repositoryNtB4_23FoprImportJobRepository10create_job0B8_
FNDA:0,_RNCNvMNtNtCs4I6j3VtXKYU_20rain_tracker_service2db26fopr_import_job_repositoryNtB4_23FoprImportJobRepository10get_job_tx0B8_
FNDA:0,_RNCNvMNtNtCs4I6j3VtXKYU_20rain_tracker_service2db26fopr_import_job_repositoryNtB4_23FoprImportJobRepository10job_exists0B8_
FNDA:0,_RNCNvMNtNtCs4I6j3VtXKYU_20rain_tracker_service2db26fopr_import_job_repositoryNtB4_23FoprImportJobRepository11mark_failed0B8_
FNDA:0,_RNCNvMNtNtCs4I6j3VtXKYU_20rain_tracker_service2db26fopr_import_job_repositoryNtB4_23FoprImportJobRepository13create_job_tx0B8_
FNDA:0,_RNCNvMNtNtCs4I6j3VtXKYU_20rain_tracker_service2db26fopr_import_job_repositoryNtB4_23FoprImportJobRepository13job_exists_tx0B8_
FNDA:0,_RNCNvMNtNtCs4I6j3VtXKYU_20rain_tracker_service2db26fopr_import_job_repositoryNtB4_23FoprImportJobRepository14claim_next_job0B8_
FNDA:0,_RNCNvMNtNtCs4I6j3VtXKYU_20rain_tracker_service2db26fopr_import_job_repositoryNtB4_23FoprImportJobRepository14mark_completed0B8_
FNDA:0,_RNCNvMNtNtCs4I6j3VtXKYU_20rain_tracker_service2db26fopr_import_job_repositoryNtB4_23FoprImportJobRepository14mark_failed_tx0B8_
FNDA:0,_RNCNvMNtNtCs4I6j3VtXKYU_20rain_tracker_service2db26fopr_import_job_repositoryNtB4_23FoprImportJobRepository16get_pending_jobs0B8_
FNDA:0,_RNCNvMNtNtCs4I6j3VtXKYU_20rain_tracker_service2db26fopr_import_job_repositoryNtB4_23FoprImportJobRepository17claim_next_job_tx0B8_
FNDA:0,_RNCNvMNtNtCs4I6j3VtXKYU_20rain_tracker_service2db26fopr_import_job_repositoryNtB4_23FoprImportJobRepository17mark_completed_tx0B8_
FNDA:0,_RNCNvMNtNtCs4I6j3VtXKYU_20rain_tracker_service2db26fopr_import_job_repositoryNtB4_23FoprImportJobRepository19get_pending_jobs_tx0B8_
FNDA:0,_RNCNvMNtNtCs4I6j3VtXKYU_20rain_tracker_service2db26fopr_import_job_repositoryNtB4_23FoprImportJobRepository7get_job0B8_
FNDA:0,_RNvMNtNtCs4I6j3VtXKYU_20rain_tracker_service2db26fopr_import_job_repositoryNtB2_23FoprImportJobRepository10create_job
FNDA:0,_RNvMNtNtCs4I6j3VtXKYU_20rain_tracker_service2db26fopr_import_job_repositoryNtB2_23FoprImportJobRepository10get_job_tx
FNDA:0,_RNvMNtNtCs4I6j3VtXKYU_20rain_tracker_service2db26fopr_import_job_repositoryNtB2_23FoprImportJobRepository10job_exists
FNDA:0,_RNvMNtNtCs4I6j3VtXKYU_20rain_tracker_service2db26fopr_import_job_repositoryNtB2_23FoprImportJobRepository11mark_failed
FNDA:0,_RNvMNtNtCs4I6j3VtXKYU_20rain_tracker_service2db26fopr_import_job_repositoryNtB2_23FoprImportJobRepository13create_job_tx
FNDA:0,_RNvMNtNtCs4I6j3VtXKYU_20rain_tracker_service2db26fopr_import_job_repositoryNtB2_23FoprImportJobRepository13job_exists_tx
FNDA:0,_RNvMNtNtCs4I6j3VtXKYU_20rain_tracker_service2db26fopr_import_job_repositoryNtB2_23FoprImportJobRepository14claim_next_job
FNDA:0,_RNvMNtNtCs4I6j3VtXKYU_20rain_tracker_service2db26fopr_import_job_repositoryNtB2_23FoprImportJobRepository14mark_completed
FNDA:0,_RNvMNtNtCs4I6j3VtXKYU_20rain_tracker_service2db26fopr_import_job_repositoryNtB2_23FoprImportJobRepository14mark_failed_tx
FNDA:0,_RNvMNtNtCs4I6j3VtXKYU_20rain_tracker_service2db26fopr_import_job_repositoryNtB2_23FoprImportJobRepository16get_pending_jobs
FNDA:0,_RNvMNtNtCs4I6j3VtXKYU_20rain_tracker_service2db26fopr_import_job_repositoryNtB2_23FoprImportJobRepository17claim_next_job_tx
FNDA:0,_RNvMNtNtCs4I6j3VtXKYU_20rain_tracker_service2db26fopr_import_job_repositoryNtB2_23FoprImportJobRepository17mark_completed_tx
FNDA:0,_RNvMNtNtCs4I6j3VtXKYU_20rain_tracker_service2db26fopr_import_job_repositoryNtB2_23FoprImportJobRepository19get_pending_jobs_tx
FNDA:0,_RNvMNtNtCs4I6j3VtXKYU_20rain_tracker_service2db26fopr_import_job_repositoryNtB2_23FoprImportJobRepository3new
FNDA:0,_RNvMNtNtCs4I6j3VtXKYU_20rain_tracker_service2db26fopr_import_job_repositoryNtB2_23FoprImportJobRepository7get_job
FNDA:0,_RNCNCNCNvMNtNtCs7iCqo0KpDVZ_20rain_tracker_service2db26fopr_import_job_repositoryNtB8_23FoprImportJobRepository10create_job000Cs449oeRE4YCE_23worker_integration_test
FNDA:1,_RNCNvMNtNtCs7iCqo0KpDVZ_20rain_tracker_service2db26fopr_import_job_repositoryNtB4_23FoprImportJobRepository10create_job0Cs449oeRE4YCE_23worker_integration_test
FNF:31
FNH:30
DA:67,50
DA:68,50
DA:69,50
DA:73,20
DA:74,20
DA:75,20
DA:76,20
DA:77,20
DA:78,20
DA:79,20
DA:83,2
DA:107,20
DA:114,19
DA:149,19
DA:153,1
DA:175,1
DA:182,10
DA:183,10
DA:184,10
DA:185,10
DA:186,10
DA:187,10
DA:188,10
DA:189,10
DA:218,10
DA:222,7
DA:240,7
DA:244,11
DA:262,11
DA:266,2
DA:285,2
DA:293,1
DA:294,1
DA:295,1
DA:296,1
DA:297,1
DA:298,1
DA:299,1
DA:300,1
DA:304,0
DA:328,1
DA:332,1
DA:333,1
DA:334,1
DA:335,1
DA:370,1
DA:374,1
DA:375,1
DA:376,1
DA:377,1
DA:378,1
DA:379,1
DA:401,1
DA:405,1
DA:406,1
DA:407,1
DA:408,1
DA:409,1
DA:410,1
DA:411,1
DA:412,1
DA:413,1
DA:442,1
DA:446,1
DA:447,1
DA:448,1
DA:449,1
DA:450,1
DA:468,1
DA:472,1
DA:473,1
DA:474,1
DA:475,1
DA:476,1
DA:494,1
DA:498,1
DA:499,1
DA:500,1
DA:501,1
DA:520,1
BRF:0
BRH:0
LF:94
LH:93
end_of_record
SF:/Users/terry/RustroverProjects/rain-tracker-service/src/db/gauge_repository.rs
FN:59,_RNCNCNCNvMNtNtCs7iCqo0KpDVZ_20rain_tracker_service2db16gauge_repositoryNtB8_15GaugeRepository16upsert_summaries000Bc_
FN:223,_RNCNvMNtNtCs7iCqo0KpDVZ_20rain_tracker_service2db16gauge_repositoryNtB4_15GaugeRepository12gauge_exists0B8_
FN:322,_RNCNvMNtNtCs7iCqo0KpDVZ_20rain_tracker_service2db16gauge_repositoryNtB4_15GaugeRepository13find_by_id_tx0B8_
FN:355,_RNCNvMNtNtCs7iCqo0KpDVZ_20rain_tracker_service2db16gauge_repositoryNtB4_15GaugeRepository15gauge_exists_tx0B8_
FN:19,_RNCNvMNtNtCs7iCqo0KpDVZ_20rain_tracker_service2db16gauge_repositoryNtB4_15GaugeRepository16upsert_summaries0B8_
FN:383,_RNCNvMNtNtCs7iCqo0KpDVZ_20rain_tracker_service2db16gauge_repositoryNtB4_15GaugeRepository17find_paginated_tx0B8_
FN:148,_RNCNvMNtNtCs7iCqo0KpDVZ_20rain_tracker_service2db16gauge_repositoryNtB4_15GaugeRepository21upsert_gauge_metadata0B8_
FN:244,_RNCNvMNtNtCs7iCqo0KpDVZ_20rain_tracker_service2db16gauge_repositoryNtB4_15GaugeRepository24upsert_gauge_metadata_tx0B8_
FN:368,_RNCNvMNtNtCs7iCqo0KpDVZ_20rain_tracker_service2db16gauge_repositoryNtB4_15GaugeRepository8count_tx0B8_
FN:116,_RNCNvMNtNtCs7iCqo0KpDVZ_20rain_tracker_service2db16gauge_repositoryNtB4_15GaugeRepository10find_by_id0B8_
FN:91,_RNCNvMNtNtCs7iCqo0KpDVZ_20rain_tracker_service2db16gauge_repositoryNtB4_15GaugeRepository14find_paginated0B8_
FN:78,_RNCNvMNtNtCs7iCqo0KpDVZ_20rain_tracker_service2db16gauge_repositoryNtB4_15GaugeRepository5count0B8_
FN:116,_RNvMNtNtCs7iCqo0KpDVZ_20rain_tracker_service2db16gauge_repositoryNtB2_15GaugeRepository10find_by_id
FN:223,_RNvMNtNtCs7iCqo0KpDVZ_20rain_tracker_service2db16gauge_repositoryNtB2_15GaugeRepository12gauge_exists
FN:318,_RNvMNtNtCs7iCqo0KpDVZ_20rain_tracker_service2db16gauge_repositoryNtB2_15GaugeRepository13find_by_id_tx
FN:87,_RNvMNtNtCs7iCqo0KpDVZ_20rain_tracker_service2db16gauge_repositoryNtB2_15GaugeRepository14find_paginated
FN:351,_RNvMNtNtCs7iCqo0KpDVZ_20rain_tracker_service2db16gauge_repositoryNtB2_15GaugeRepository15gauge_exists_tx
FN:19,_RNvMNtNtCs7iCqo0KpDVZ_20rain_tracker_service2db16gauge_repositoryNtB2_15GaugeRepository16upsert_summaries
FN:378,_RNvMNtNtCs7iCqo0KpDVZ_20rain_tracker_service2db16gauge_repositoryNtB2_15GaugeRepository17find_paginated_tx
FN:148,_RNvMNtNtCs7iCqo0KpDVZ_20rain_tracker_service2db16gauge_repositoryNtB2_15GaugeRepository21upsert_gauge_metadata
FN:240,_RNvMNtNtCs7iCqo0KpDVZ_20rain_tracker_service2db16gauge_repositoryNtB2_15GaugeRepository24upsert_gauge_metadata_tx
FN:14,_RNvMNtNtCs7iCqo0KpDVZ_20rain_tracker_service2db16gauge_repositoryNtB2_15GaugeRepository3new
FN:78,_RNvMNtNtCs7iCqo0KpDVZ_20rain_tracker_service2db16gauge_repositoryNtB2_15GaugeRepository5count
FN:368,_RNvMNtNtCs7iCqo0KpDVZ_20rain_tracker_service2db16gauge_repositoryNtB2_15GaugeRepository8count_tx
FN:148,_RNCNvMNtNtCs7iCqo0KpDVZ_20rain_tracker_service2db16gauge_repositoryNtB4_15GaugeRepository21upsert_gauge_metadata0Cs6zvS6A0gBSI_20api_integration_test
FN:59,_RNCNCNCNvMNtNtCs7iCqo0KpDVZ_20rain_tracker_service2db16gauge_repositoryNtB8_15GaugeRepository16upsert_summaries000Cs3PAmBzODhhi_19error_handling_test
FN:223,_RNCNvMNtNtCs7iCqo0KpDVZ_20rain_tracker_service2db16gauge_repositoryNtB4_15GaugeRepository12gauge_exists0Cs3PAmBzODhhi_19error_handling_test
FN:19,_RNCNvMNtNtCs7iCqo0KpDVZ_20rain_tracker_service2db16gauge_repositoryNtB4_15GaugeRepository16upsert_summaries0Cs3PAmBzODhhi_19error_handling_test
FN:148,_RNCNvMNtNtCs7iCqo0KpDVZ_20rain_tracker_service2db16gauge_repositoryNtB4_15GaugeRepository21upsert_gauge_metadata0Cs3PAmBzODhhi_19error_handling_test
FN:148,_RNCNvMNtNtCs7iCqo0KpDVZ_20rain_tracker_service2db16gauge_repositoryNtB4_15GaugeRepository21upsert_gauge_metadata0CskhdQylLvBLq_24fopr_import_service_test
FN:223,_RNCNvMNtNtCs7iCqo0KpDVZ_20rain_tracker_service2db16gauge_repositoryNtB4_15GaugeRepository12gauge_exists0Cs1juIzkGC2Eo_23fopr_import_worker_test
FN:148,_RNCNvMNtNtCs7iCqo0KpDVZ_20rain_tracker_service2db16gauge_repositoryNtB4_15GaugeRepository21upsert_gauge_metadata0Cs1juIzkGC2Eo_23fopr_import_worker_test
FN:59,_RNCNCNCNvMNtNtCs7iCqo0KpDVZ_20rain_tracker_service2db16gauge_repositoryNtB8_15GaugeRepository16upsert_summaries000Csg1aD9cOPpNR_21gauge_repository_test
FN:223,_RNCNvMNtNtCs7iCqo0KpDVZ_20rain_tracker_service2db16gauge_repositoryNtB4_15GaugeRepository12gauge_exists0Csg1aD9cOPpNR_21gauge_repository_test
FN:322,_RNCNvMNtNtCs7iCqo0KpDVZ_20rain_tracker_service2db16gauge_repositoryNtB4_15GaugeRepository13find_by_id_tx0Csg1aD9cOPpNR_21gauge_repository_test
FN:355,_RNCNvMNtNtCs7iCqo0KpDVZ_20rain_tracker_service2db16gauge_repositoryNtB4_15GaugeRepository15gauge_exists_tx0Csg1aD9cOPpNR_21gauge_repository_test
FN:19,_RNCNvMNtNtCs7iCqo0KpDVZ_20rain_tracker_service2db16gauge_repositoryNtB4_15GaugeRepository16upsert_summaries0Csg1aD9cOPpNR_21gauge_repository_test
FN:383,_RNCNvMNtNtCs7iCqo0KpDVZ_20rain_tracker_service2db16gauge_repositoryNtB4_15GaugeRepository17find_paginated_tx0Csg1aD9cOPpNR_21gauge_repository_test
FN:148,_RNCNvMNtNtCs7iCqo0KpDVZ_20rain_tracker_service2db16gauge_repositoryNtB4_15GaugeRepository21upsert_gauge_metadata0Csg1aD9cOPpNR_21gauge_repository_test
FN:244,_RNCNvMNtNtCs7iCqo0KpDVZ_20rain_tracker_service2db16gauge_repositoryNtB4_15GaugeRepository24upsert_gauge_metadata_tx0Csg1aD9cOPpNR_21gauge_repository_test
FN:368,_RNCNvMNtNtCs7iCqo0KpDVZ_20rain_tracker_service2db16gauge_repositoryNtB4_15GaugeRepository8count_tx0Csg1aD9cOPpNR_21gauge_repository_test
FN:223,_RNCNvMNtNtCs7iCqo0KpDVZ_20rain_tracker_service2db16gauge_repositoryNtB4_15GaugeRepository12gauge_exists0Cs30uj6WIuzt3_17historical_import
FN:148,_RNCNvMNtNtCs7iCqo0KpDVZ_20rain_tracker_service2db16gauge_repositoryNtB4_15GaugeRepository21upsert_gauge_metadata0Cs30uj6WIuzt3_17historical_import
FN:244,_RNCNvMNtNtCs7iCqo0KpDVZ_20rain_tracker_service2db16gauge_repositoryNtB4_15GaugeRepository24upsert_gauge_metadata_tx0CsfwmCgHvd3Ip_16integration_test
FN:59,_RNCNCNCNvMNtNtCs7iCqo0KpDVZ_20rain_tracker_service2db16gauge_repositoryNtB8_15GaugeRepository16upsert_summaries000Csdpfhlhhwi2Y_20rain_tracker_service
FN:223,_RNCNvMNtNtCs7iCqo0KpDVZ_20rain_tracker_service2db16gauge_repositoryNtB4_15GaugeRepository12gauge_exists0Csdpfhlhhwi2Y_20rain_tracker_service
FN:19,_RNCNvMNtNtCs7iCqo0KpDVZ_20rain_tracker_service2db16gauge_repositoryNtB4_15GaugeRepository16upsert_summaries0Csdpfhlhhwi2Y_20rain_tracker_service
FN:148,_RNCNvMNtNtCs7iCqo0KpDVZ_20rain_tracker_service2db16gauge_repositoryNtB4_15GaugeRepository21upsert_gauge_metadata0Csdpfhlhhwi2Y_20rain_tracker_service
FN:59,_RNCNCNCNvMNtNtCs4I6j3VtXKYU_20rain_tracker_service2db16gauge_repositoryNtB8_15GaugeRepository16upsert_summaries000Bc_
FN:116,_RNCNvMNtNtCs4I6j3VtXKYU_20rain_tracker_service2db16gauge_repositoryNtB4_15GaugeRepository10find_by_id0B8_
FN:223,_RNCNvMNtNtCs4I6j3VtXKYU_20rain_tracker_service2db16gauge_repositoryNtB4_15GaugeRepository12gauge_exists0B8_
FN:322,_RNCNvMNtNtCs4I6j3VtXKYU_20rain_tracker_service2db16gauge_repositoryNtB4_15GaugeRepository13find_by_id_tx0B8_
FN:91,_RNCNvMNtNtCs4I6j3VtXKYU_20rain_tracker_service2db16gauge_repositoryNtB4_15GaugeRepository14find_paginated0B8_
FN:355,_RNCNvMNtNtCs4I6j3VtXKYU_20rain_tracker_service2db16gauge_repositoryNtB4_15GaugeRepository15gauge_exists_tx0B8_
FN:19,_RNCNvMNtNtCs4I6j3VtXKYU_20rain_tracker_service2db16gauge_repositoryNtB4_15GaugeRepository16upsert_summaries0B8_
FN:383,_RNCNvMNtNtCs4I6j3VtXKYU_20rain_tracker_service2db16gauge_repositoryNtB4_15GaugeRepository17find_paginated_tx0B8_
FN:148,_RNCNvMNtNtCs4I6j3VtXKYU_20rain_tracker_service2db16gauge_repositoryNtB4_15GaugeRepository21upsert_gauge_metadata0B8_
FN:244,_RNCNvMNtNtCs4I6j3VtXKYU_20rain_tracker_service2db16gauge_repositoryNtB4_15GaugeRepository24upsert_gauge_metadata_tx0B8_
FN:78,_RNCNvMNtNtCs4I6j3VtXKYU_20rain_tracker_service2db16gauge_repositoryNtB4_15GaugeRepository5count0B8_
FN:368,_RNCNvMNtNtCs4I6j3VtXKYU_20rain_tracker_service2db16gauge_repositoryNtB4_15GaugeRepository8count_tx0B8_
FN:116,_RNvMNtNtCs4I6j3VtXKYU_20rain_tracker_service2db16gauge_repositoryNtB2_15GaugeRepository10find_by_id
FN:223,_RNvMNtNtCs4I6j3VtXKYU_20rain_tracker_service2db16gauge_repositoryNtB2_15GaugeRepository12gauge_exists
FN:318,_RNvMNtNtCs4I6j3VtXKYU_20rain_tracker_service2db16gauge_repositoryNtB2_15GaugeRepository13find_by_id_tx
FN:87,_RNvMNtNtCs4I6j3VtXKYU_20rain_tracker_service2db16gauge_repositoryNtB2_15GaugeRepository14find_paginated
FN:351,_RNvMNtNtCs4I6j3VtXKYU_20rain_tracker_service2db16gauge_repositoryNtB2_15GaugeRepository15gauge_exists_tx
FN:19,_RNvMNtNtCs4I6j3VtXKYU_20rain_tracker_service2db16gauge_repositoryNtB2_15GaugeRepository16upsert_summaries
FN:378,_RNvMNtNtCs4I6j3VtXKYU_20rain_tracker_service2db16gauge_repositoryNtB2_15GaugeRepository17find_paginated_tx
FN:148,_RNvMNtNtCs4I6j3VtXKYU_20rain_tracker_service2db16gauge_repositoryNtB2_15GaugeRepository21upsert_gauge_metadata
FN:240,_RNvMNtNtCs4I6j3VtXKYU_20rain_tracker_service2db16gauge_repositoryNtB2_15GaugeRepository24upsert_gauge_metadata_tx
FN:14,_RNvMNtNtCs4I6j3VtXKYU_20rain_tracker_service2db16gauge_repositoryNtB2_15GaugeRepository3new
FN:78,_RNvMNtNtCs4I6j3VtXKYU_20rain_tracker_service2db16gauge_repositoryNtB2_15GaugeRepository5count
FN:368,_RNvMNtNtCs4I6j3VtXKYU_20rain_tracker_service2db16gauge_repositoryNtB2_15GaugeRepository8count_tx
FNDA:0,_RNCNCNCNvMNtNtCs7iCqo0KpDVZ_20rain_tracker_service2db16gauge_repositoryNtB8_15GaugeRepository16upsert_summaries000Bc_
FNDA:0,_RNCNvMNtNtCs7iCqo0KpDVZ_20rain_tracker_service2db16gauge_repositoryNtB4_15GaugeRepository12gauge_exists0B8_
FNDA:0,_RNCNvMNtNtCs7iCqo0KpDVZ_20rain_tracker_service2db16gauge_repositoryNtB4_15GaugeRepository13find_by_id_tx0B8_
FNDA:0,_RNCNvMNtNtCs7iCqo0KpDVZ_20rain_tracker_service2db16gauge_repositoryNtB4_15GaugeRepository15gauge_exists_tx0B8_
FNDA:0,_RNCNvMNtNtCs7iCqo0KpDVZ_20rain_tracker_service2db16gauge_repositoryNtB4_15GaugeRepository16upsert_summaries0B8_
FNDA:0,_RNCNvMNtNtCs7iCqo0KpDVZ_20rain_tracker_service2db16gauge_repositoryNtB4_15GaugeRepository17find_paginated_tx0B8_
FNDA:0,_RNCNvMNtNtCs7iCqo0KpDVZ_20rain_tracker_service2db16gauge_repositoryNtB4_15GaugeRepository21upsert_gauge_metadata0B8_
FNDA:0,_RNCNvMNtNtCs7iCqo0KpDVZ_20rain_tracker_service2db16gauge_repositoryNtB4_15GaugeRepository24upsert_gauge_metadata_tx0B8_
FNDA:0,_RNCNvMNtNtCs7iCqo0KpDVZ_20rain_tracker_service2db16gauge_repositoryNtB4_15GaugeRepository8count_tx0B8_
FNDA:5,_RNCNvMNtNtCs7iCqo0KpDVZ_20rain_tracker_service2db16gauge_repositoryNtB4_15GaugeRepository10find_by_id0B8_
FNDA:4,_RNCNvMNtNtCs7iCqo0KpDVZ_20rain_tracker_service2db16gauge_repositoryNtB4_15GaugeRepository14find_paginated0B8_
FNDA:4,_RNCNvMNtNtCs7iCqo0KpDVZ_20rain_tracker_service2db16gauge_repositoryNtB4_15GaugeRepository5count0B8_
FNDA:5,_RNvMNtNtCs7iCqo0KpDVZ_20rain_tracker_service2db16gauge_repositoryNtB2_15GaugeRepository10find_by_id
FNDA:58,_RNvMNtNtCs7iCqo0KpDVZ_20rain_tracker_service2db16gauge_repositoryNtB2_15GaugeRepository12gauge_exists
FNDA:1,_RNvMNtNtCs7iCqo0KpDVZ_20rain_tracker_service2db16gauge_repositoryNtB2_15GaugeRepository13find_by_id_tx
FNDA:4,_RNvMNtNtCs7iCqo0KpDVZ_20rain_tracker_service2db16gauge_repositoryNtB2_15GaugeRepository14find_paginated
FNDA:1,_RNvMNtNtCs7iCqo0KpDVZ_20rain_tracker_service2db16gauge_repositoryNtB2_15GaugeRepository15gauge_exists_tx
FNDA:14,_RNvMNtNtCs7iCqo0KpDVZ_20rain_tracker_service2db16gauge_repositoryNtB2_15GaugeRepository16upsert_summaries
FNDA:1,_RNvMNtNtCs7iCqo0KpDVZ_20rain_tracker_service2db16gauge_repositoryNtB2_15GaugeRepository17find_paginated_tx
FNDA:23,_RNvMNtNtCs7iCqo0KpDVZ_20rain_tracker_service2db16gauge_repositoryNtB2_15GaugeRepository21upsert_gauge_metadata
FNDA:6,_RNvMNtNtCs7iCqo0KpDVZ_20rain_tracker_service2db16gauge_repositoryNtB2_15GaugeRepository24upsert_gauge_metadata_tx
FNDA:138,_RNvMNtNtCs7iCqo0KpDVZ_20rain_tracker_service2db16gauge_repositoryNtB2_15GaugeRepository3new
FNDA:4,_RNvMNtNtCs7iCqo0KpDVZ_20rain_tracker_service2db16gauge_repositoryNtB2_15GaugeRepository5count
FNDA:1,_RNvMNtNtCs7iCqo0KpDVZ_20rain_tracker_service2db16gauge_repositoryNtB2_15GaugeRepository8count_tx
FNDA:5,_RNCNvMNtNtCs7iCqo0KpDVZ_20rain_tracker_service2db16gauge_repositoryNtB4_15GaugeRepository21upsert_gauge_metadata0Cs6zvS6A0gBSI_20api_integration_test
FNDA:1,_RNCNCNCNvMNtNtCs7iCqo0KpDVZ_20rain_tracker_service2db16gauge_repositoryNtB8_15GaugeRepository16upsert_summaries000Cs3PAmBzODhhi_19error_handling_test
FNDA:6,_RNCNvMNtNtCs7iCqo0KpDVZ_20rain_tracker_service2db16gauge_repositoryNtB4_15GaugeRepository12gauge_exists0Cs3PAmBzODhhi_19error_handling_test
FNDA:1,_RNCNvMNtNtCs7iCqo0KpDVZ_20rain_tracker_service2db16gauge_repositoryNtB4_15GaugeRepository16upsert_summaries0Cs3PAmBzODhhi_19error_handling_test
FNDA:1,_RNCNvMNtNtCs7iCqo0KpDVZ_20rain_tracker_service2db16gauge_repositoryNtB4_15GaugeRepository21upsert_gauge_metadata0Cs3PAmBzODhhi_19error_handling_test
FNDA:0,_RNCNvMNtNtCs7iCqo0KpDVZ_20rain_tracker_service2db16gauge_repositoryNtB4_15GaugeRepository21upsert_gauge_metadata0CskhdQylLvBLq_24fopr_import_service_test
FNDA:48,_RNCNvMNtNtCs7iCqo0KpDVZ_20rain_tracker_service2db16gauge_repositoryNtB4_15GaugeRepository12gauge_exists0Cs1juIzkGC2Eo_23fopr_import_worker_test
FNDA:0,_RNCNvMNtNtCs7iCqo0KpDVZ_20rain_tracker_service2db16gauge_repositoryNtB4_15GaugeRepository21upsert_gauge_metadata0Cs1juIzkGC2Eo_23fopr_import_worker_test
FNDA:0,_RNCNCNCNvMNtNtCs7iCqo0KpDVZ_20rain_tracker_service2db16gauge_repositoryNtB8_15GaugeRepository16upsert_summaries000Csg1aD9cOPpNR_21gauge_repository_test
FNDA:4,_RNCNvMNtNtCs7iCqo0KpDVZ_20rain_tracker_service2db16gauge_repositoryNtB4_15GaugeRepository12gauge_exists0Csg1aD9cOPpNR_21gauge_repository_test
FNDA:1,_RNCNvMNtNtCs7iCqo0KpDVZ_20rain_tracker_service2db16gauge_repositoryNtB4_15GaugeRepository13find_by_id_tx0Csg1aD9cOPpNR_21gauge_repository_test
FNDA:1,_RNCNvMNtNtCs7iCqo0KpDVZ_20rain_tracker_service2db16gauge_repositoryNtB4_15GaugeRepository15gauge_exists_tx0Csg1aD9cOPpNR_21gauge_repository_test
FNDA:13,_RNCNvMNtNtCs7iCqo0KpDVZ_20rain_tracker_service2db16gauge_repositoryNtB4_15GaugeRepository16upsert_summaries0Csg1aD9cOPpNR_21gauge_repository_test
FNDA:1,_RNCNvMNtNtCs7iCqo0KpDVZ_20rain_tracker_service2db16gauge_repositoryNtB4_15GaugeRepository17find_paginated_tx0Csg1aD9cOPpNR_21gauge_repository_test
FNDA:17,_RNCNvMNtNtCs7iCqo0KpDVZ_20rain_tracker_service2db16gauge_repositoryNtB4_15GaugeRepository21upsert_gauge_metadata0Csg1aD9cOPpNR_21gauge_repository_test
FNDA:1,_RNCNvMNtNtCs7iCqo0KpDVZ_20rain_tracker_service2db16gauge_repositoryNtB4_15GaugeRepository24upsert_gauge_metadata_tx0Csg1aD9cOPpNR_21gauge_repository_test
FNDA:1,_RNCNvMNtNtCs7iCqo0KpDVZ_20rain_tracker_service2db16gauge_repositoryNtB4_15GaugeRepository8count_tx0Csg1aD9cOPpNR_21gauge_repository_test
FNDA:0,_RNCNvMNtNtCs7iCqo0KpDVZ_20rain_tracker_service2db16gauge_repositoryNtB4_15GaugeRepository12gauge_exists0Cs30uj6WIuzt3_17historical_import
FNDA:0,_RNCNvMNtNtCs7iCqo0KpDVZ_20rain_tracker_service2db16gauge_repositoryNtB4_15GaugeRepository21upsert_gauge_metadata0Cs30uj6WIuzt3_17historical_import
FNDA:5,_RNCNvMNtNtCs7iCqo0KpDVZ_20rain_tracker_service2db16gauge_repositoryNtB4_15GaugeRepository24upsert_gauge_metadata_tx0CsfwmCgHvd3Ip_16integration_test
FNDA:0,_RNCNCNCNvMNtNtCs7iCqo0KpDVZ_20rain_tracker_service2db16gauge_repositoryNtB8_15GaugeRepository16upsert_summaries000Csdpfhlhhwi2Y_20rain_tracker_service
FNDA:0,_RNCNvMNtNtCs7iCqo0KpDVZ_20rain_tracker_service2db16gauge_repositoryNtB4_15GaugeRepository12gauge_exists0Csdpfhlhhwi2Y_20rain_tracker_service
FNDA:0,_RNCNvMNtNtCs7iCqo0KpDVZ_20rain_tracker_service2db16gauge_repositoryNtB4_15GaugeRepository16upsert_summaries0Csdpfhlhhwi2Y_20rain_tracker_service
FNDA:0,_RNCNvMNtNtCs7iCqo0KpDVZ_20rain_tracker_service2db16gauge_repositoryNtB4_15GaugeRepository21upsert_gauge_metadata0Csdpfhlhhwi2Y_20rain_tracker_service
FNDA:0,_RNCNCNCNvMNtNtCs4I6j3VtXKYU_20rain_tracker_service2db16gauge_repositoryNtB8_15GaugeRepository16upsert_summaries000Bc_
FNDA:0,_RNCNvMNtNtCs4I6j3VtXKYU_20rain_tracker_service2db16gauge_repositoryNtB4_15GaugeRepository10find_by_id0B8_
FNDA:0,_RNCNvMNtNtCs4I6j3VtXKYU_20rain_tracker_service2db16gauge_repositoryNtB4_15GaugeRepository12gauge_exists0B8_
FNDA:0,_RNCNvMNtNtCs4I6j3VtXKYU_20rain_tracker_service2db16gauge_repositoryNtB4_15GaugeRepository13find_by_id_tx0B8_
FNDA:0,_RNCNvMNtNtCs4I6j3VtXKYU_20rain_tracker_service2db16gauge_repositoryNtB4_15GaugeRepository14find_paginated0B8_
FNDA:0,_RNCNvMNtNtCs4I6j3VtXKYU_20rain_tracker_service2db16gauge_repositoryNtB4_15GaugeRepository15gauge_exists_tx0B8_
FNDA:0,_RNCNvMNtNtCs4I6j3VtXKYU_20rain_tracker_service2db16gauge_repositoryNtB4_15GaugeRepository16upsert_summaries0B8_
FNDA:0,_RNCNvMNtNtCs4I6j3VtXKYU_20rain_tracker_service2db16gauge_repositoryNtB4_15GaugeRepository17find_paginated_tx0B8_
FNDA:0,_RNCNvMNtNtCs4I6j3VtXKYU_20rain_tracker_service2db16gauge_repositoryNtB4_15GaugeRepository21upsert_gauge_metadata0B8_
FNDA:0,_RNCNvMNtNtCs4I6j3VtXKYU_20rain_tracker_service2db16gauge_repositoryNtB4_15GaugeRepository24upsert_gauge_metadata_tx0B8_
FNDA:0,_RNCNvMNtNtCs4I6j3VtXKYU_20rain_tracker_service2db16gauge_repositoryNtB4_15GaugeRepository5count0B8_
FNDA:0,_RNCNvMNtNtCs4I6j3VtXKYU_20rain_tracker_service2db16gauge_repositoryNtB4_15GaugeRepository8count_tx0B8_
FNDA:0,_RNvMNtNtCs4I6j3VtXKYU_20rain_tracker_service2db16gauge_repositoryNtB2_15GaugeRepository10find_by_id
FNDA:0,_RNvMNtNtCs4I6j3VtXKYU_20rain_tracker_service2db16gauge_repositoryNtB2_15GaugeRepository12gauge_exists
FNDA:0,_RNvMNtNtCs4I6j3VtXKYU_20rain_tracker_service2db16gauge_repositoryNtB2_15GaugeRepository13find_by_id_tx
FNDA:0,_RNvMNtNtCs4I6j3VtXKYU_20rain_tracker_service2db16gauge_repositoryNtB2_15GaugeRepository14find_paginated
FNDA:0,_RNvMNtNtCs4I6j3VtXKYU_20rain_tracker_service2db16gauge_repositoryNtB2_15GaugeRepository15gauge_exists_tx
FNDA:0,_RNvMNtNtCs4I6j3VtXKYU_20rain_tracker_service2db16gauge_repositoryNtB2_15GaugeRepository16upsert_summaries
FNDA:0,_RNvMNtNtCs4I6j3VtXKYU_20rain_tracker_service2db16gauge_repositoryNtB2_15GaugeRepository17find_paginated_tx
FNDA:0,_RNvMNtNtCs4I6j3VtXKYU_20rain_tracker_service2db16gauge_repositoryNtB2_15GaugeRepository21upsert_gauge_metadata
FNDA:0,_RNvMNtNtCs4I6j3VtXKYU_20rain_tracker_service2db16gauge_repositoryNtB2_15GaugeRepository24upsert_gauge_metadata_tx
FNDA:0,_RNvMNtNtCs4I6j3VtXKYU_20rain_tracker_service2db16gauge_repositoryNtB2_15GaugeRepository3new
FNDA:0,_RNvMNtNtCs4I6j3VtXKYU_20rain_tracker_service2db16gauge_repositoryNtB2_15GaugeRepository5count
FNDA:0,_RNvMNtNtCs4I6j3VtXKYU_20rain_tracker_service2db16gauge_repositoryNtB2_15GaugeRepository8count_tx
FNF:24
FNH:24
DA:14,138
DA:15,138
DA:16,138
DA:19,14
DA:59,1
DA:60,1
DA:64,0
DA:66,1
DA:67,1
DA:75,14
DA:78,4
DA:84,4
DA:87,4
DA:88,4
DA:89,4
DA:90,4
DA:91,4
DA:113,4
DA:116,5
DA:141,5
DA:148,23
DA:219,23
DA:223,58
DA:232,58
DA:240,6
DA:241,6
DA:242,6
DA:243,6
DA:244,6
DA:314,6
DA:318,1
DA:319,1
DA:320,1
DA:321,1
DA:322,1
DA:347,1
DA:351,1
DA:352,1
DA:353,1
DA:354,1
DA:355,1
DA:364,1
DA:368,1
DA:374,1
DA:378,1
DA:379,1
DA:380,1
DA:381,1
DA:382,1
DA:383,1
DA:405,1
BRF:0
BRH:0
LF:62
LH:61
end_of_record
SF:/Users/terry/RustroverProjects/rain-tracker-service/src/db/monthly_rainfall_repository.rs
FN:49,_RNCNCNCNvMNtNtCs7iCqo0KpDVZ_20rain_tracker_service2db27monthly_rainfall_repositoryNtB8_25MonthlyRainfallRepository22upsert_monthly_summary00s4_0Bc_
FN:55,_RNCNCNCNvMNtNtCs7iCqo0KpDVZ_20rain_tracker_service2db27monthly_rainfall_repositoryNtB8_25MonthlyRainfallRepository22upsert_monthly_summary00s6_0Bc_
FN:206,_RNCNCNCNvMNtNtCs7iCqo0KpDVZ_20rain_tracker_service2db27monthly_rainfall_repositoryNtB8_25MonthlyRainfallRepository25upsert_monthly_summary_tx00s4_0Bc_
FN:212,_RNCNCNCNvMNtNtCs7iCqo0KpDVZ_20rain_tracker_service2db27monthly_rainfall_repositoryNtB8_25MonthlyRainfallRepository25upsert_monthly_summary_tx00s6_0Bc_
FN:26,_RNCNvMNtNtCs7iCqo0KpDVZ_20rain_tracker_service2db27monthly_rainfall_repositoryNtB4_25MonthlyRainfallRepository22upsert_monthly_summary0B8_
FN:184,_RNCNvMNtNtCs7iCqo0KpDVZ_20rain_tracker_service2db27monthly_rainfall_repositoryNtB4_25MonthlyRainfallRepository25upsert_monthly_summary_tx0B8_
FN:145,_RNCNvMNtNtCs7iCqo0KpDVZ_20rain_tracker_service2db27monthly_rainfall_repositoryNtB4_25MonthlyRainfallRepository27recalculate_monthly_summary0B8_
FN:260,_RNCNvMNtNtCs7iCqo0KpDVZ_20rain_tracker_service2db27monthly_rainfall_repositoryNtB4_25MonthlyRainfallRepository30get_summaries_by_date_range_tx0B8_
FN:298,_RNCNvMNtNtCs7iCqo0KpDVZ_20rain_tracker_service2db27monthly_rainfall_repositoryNtB4_25MonthlyRainfallRepository30recalculate_monthly_summary_tx0B8_
FN:105,_RNCNvMNtNtCs7iCqo0KpDVZ_20rain_tracker_service2db27monthly_rainfall_repositoryNtB4_25MonthlyRainfallRepository27get_summaries_by_date_range0B8_
FN:20,_RNvMNtNtCs7iCqo0KpDVZ_20rain_tracker_service2db27monthly_rainfall_repositoryNtB2_25MonthlyRainfallRepository22upsert_monthly_summary
FN:177,_RNvMNtNtCs7iCqo0KpDVZ_20rain_tracker_service2db27monthly_rainfall_repositoryNtB2_25MonthlyRainfallRepository25upsert_monthly_summary_tx
FN:100,_RNvMNtNtCs7iCqo0KpDVZ_20rain_tracker_service2db27monthly_rainfall_repositoryNtB2_25MonthlyRainfallRepository27get_summaries_by_date_range
FN:138,_RNvMNtNtCs7iCqo0KpDVZ_20rain_tracker_service2db27monthly_rainfall_repositoryNtB2_25MonthlyRainfallRepository27recalculate_monthly_summary
FN:254,_RNvMNtNtCs7iCqo0KpDVZ_20rain_tracker_service2db27monthly_rainfall_repositoryNtB2_25MonthlyRainfallRepository30get_summaries_by_date_range_tx
FN:290,_RNvMNtNtCs7iCqo0KpDVZ_20rain_tracker_service2db27monthly_rainfall_repositoryNtB2_25MonthlyRainfallRepository30recalculate_monthly_summary_tx
FN:13,_RNvMNtNtCs7iCqo0KpDVZ_20rain_tracker_service2db27monthly_rainfall_repositoryNtB2_25MonthlyRainfallRepository3new
FN:49,_RNCNCNCNvMNtNtCs7iCqo0KpDVZ_20rain_tracker_service2db27monthly_rainfall_repositoryNtB8_25MonthlyRainfallRepository22upsert_monthly_summary00s4_0Cs6zvS6A0gBSI_20api_integration_test
FN:55,_RNCNCNCNvMNtNtCs7iCqo0KpDVZ_20rain_tracker_service2db27monthly_rainfall_repositoryNtB8_25MonthlyRainfallRepository22upsert_monthly_summary00s6_0Cs6zvS6A0gBSI_20api_integration_test
FN:26,_RNCNvMNtNtCs7iCqo0KpDVZ_20rain_tracker_service2db27monthly_rainfall_repositoryNtB4_25MonthlyRainfallRepository22upsert_monthly_summary0Cs6zvS6A0gBSI_20api_integration_test
FN:145,_RNCNvMNtNtCs7iCqo0KpDVZ_20rain_tracker_service2db27monthly_rainfall_repositoryNtB4_25MonthlyRainfallRepository27recalculate_monthly_summary0Cs6zvS6A0gBSI_20api_integration_test
FN:49,_RNCNCNCNvMNtNtCs7iCqo0KpDVZ_20rain_tracker_service2db27monthly_rainfall_repositoryNtB8_25MonthlyRainfallRepository22upsert_monthly_summary00s4_0Cs3PAmBzODhhi_19error_handling_test
FN:55,_RNCNCNCNvMNtNtCs7iCqo0KpDVZ_20rain_tracker_service2db27monthly_rainfall_repositoryNtB8_25MonthlyRainfallRepository22upsert_monthly_summary00s6_0Cs3PAmBzODhhi_19error_handling_test
FN:26,_RNCNvMNtNtCs7iCqo0KpDVZ_20rain_tracker_service2db27monthly_rainfall_repositoryNtB4_25MonthlyRainfallRepository22upsert_monthly_summary0Cs3PAmBzODhhi_19error_handling_test
FN:145,_RNCNvMNtNtCs7iCqo0KpDVZ_20rain_tracker_service2db27monthly_rainfall_repositoryNtB4_25MonthlyRainfallRepository27recalculate_monthly_summary0Cs3PAmBzODhhi_19error_handling_test
FN:49,_RNCNCNCNvMNtNtCs7iCqo0KpDVZ_20rain_tracker_service2db27monthly_rainfall_repositoryNtB8_25MonthlyRainfallRepository22upsert_monthly_summary00s4_0CskhdQylLvBLq_24fopr_import_service_test
FN:55,_RNCNCNCNvMNtNtCs7iCqo0KpDVZ_20rain_tracker_service2db27monthly_rainfall_repositoryNtB8_25MonthlyRainfallRepository22upsert_monthly_summary00s6_0CskhdQylLvBLq_24fopr_import_service_test
FN:26,_RNCNvMNtNtCs7iCqo0KpDVZ_20rain_tracker_service2db27monthly_rainfall_repositoryNtB4_25MonthlyRainfallRepository22upsert_monthly_summary0CskhdQylLvBLq_24fopr_import_service_test
FN:145,_RNCNvMNtNtCs7iCqo0KpDVZ_20rain_tracker_service2db27monthly_rainfall_repositoryNtB4_25MonthlyRainfallRepository27recalculate_monthly_summary0CskhdQylLvBLq_24fopr_import_service_test
FN:49,_RNCNCNCNvMNtNtCs7iCqo0KpDVZ_20rain_tracker_service2db27monthly_rainfall_repositoryNtB8_25MonthlyRainfallRepository22upsert_monthly_summary00s4_0Cs30uj6WIuzt3_17historical_import
FN:55,_RNCNCNCNvMNtNtCs7iCqo0KpDVZ_20rain_tracker_service2db27monthly_rainfall_repositoryNtB8_25MonthlyRainfallRepository22upsert_monthly_summary00s6_0Cs30uj6WIuzt3_17historical_import
FN:26,_RNCNvMNtNtCs7iCqo0KpDVZ_20rain_tracker_service2db27monthly_rainfall_repositoryNtB4_25MonthlyRainfallRepository22upsert_monthly_summary0Cs30uj6WIuzt3_17historical_import
FN:145,_RNCNvMNtNtCs7iCqo0KpDVZ_20rain_tracker_service2db27monthly_rainfall_repositoryNtB4_25MonthlyRainfallRepository27recalculate_monthly_summary0Cs30uj6WIuzt3_17historical_import
FN:49,_RNCNCNCNvMNtNtCs7iCqo0KpDVZ_20rain_tracker_service2db27monthly_rainfall_repositoryNtB8_25MonthlyRainfallRepository22upsert_monthly_summary00s4_0CsfwmCgHvd3Ip_16integration_test
FN:55,_RNCNCNCNvMNtNtCs7iCqo0KpDVZ_20rain_tracker_service2db27monthly_rainfall_repositoryNtB8_25MonthlyRainfallRepository22upsert_monthly_summary00s6_0CsfwmCgHvd3Ip_16integration_test
FN:26,_RNCNvMNtNtCs7iCqo0KpDVZ_20rain_tracker_service2db27monthly_rainfall_repositoryNtB4_25MonthlyRainfallRepository22upsert_monthly_summary0CsfwmCgHvd3Ip_16integration_test
FN:145,_RNCNvMNtNtCs7iCqo0KpDVZ_20rain_tracker_service2db27monthly_rainfall_repositoryNtB4_25MonthlyRainfallRepository27recalculate_monthly_summary0CsfwmCgHvd3Ip_16integration_test
FN:49,_RNCNCNCNvMNtNtCs7iCqo0KpDVZ_20rain_tracker_service2db27monthly_rainfall_repositoryNtB8_25MonthlyRainfallRepository22upsert_monthly_summary00s4_0Cscezn5nv2BKM_32monthly_rainfall_repository_test
FN:55,_RNCNCNCNvMNtNtCs7iCqo0KpDVZ_20rain_tracker_service2db27monthly_rainfall_repositoryNtB8_25MonthlyRainfallRepository22upsert_monthly_summary00s6_0Cscezn5nv2BKM_32monthly_rainfall_repository_test
FN:206,_RNCNCNCNvMNtNtCs7iCqo0KpDVZ_20rain_tracker_service2db27monthly_rainfall_repositoryNtB8_25MonthlyRainfallRepository25upsert_monthly_summary_tx00s4_0Cscezn5nv2BKM_32monthly_rainfall_repository_test
FN:212,_RNCNCNCNvMNtNtCs7iCqo0KpDVZ_20rain_tracker_service2db27monthly_rainfall_repositoryNtB8_25MonthlyRainfallRepository25upsert_monthly_summary_tx00s6_0Cscezn5nv2BKM_32monthly_rainfall_repository_test
FN:26,_RNCNvMNtNtCs7iCqo0KpDVZ_20rain_tracker_service2db27monthly_rainfall_repositoryNtB4_25MonthlyRainfallRepository22upsert_monthly_summary0Cscezn5nv2BKM_32monthly_rainfall_repository_test
FN:184,_RNCNvMNtNtCs7iCqo0KpDVZ_20rain_tracker_service2db27monthly_rainfall_repositoryNtB4_25MonthlyRainfallRepository25upsert_monthly_summary_tx0Cscezn5nv2BKM_32monthly_rainfall_repository_test
FN:145,_RNCNvMNtNtCs7iCqo0KpDVZ_20rain_tracker_service2db27monthly_rainfall_repositoryNtB4_25MonthlyRainfallRepository27recalculate_monthly_summary0Cscezn5nv2BKM_32monthly_rainfall_repository_test
FN:260,_RNCNvMNtNtCs7iCqo0KpDVZ_20rain_tracker_service2db27monthly_rainfall_repositoryNtB4_25MonthlyRainfallRepository30get_summaries_by_date_range_tx0Cscezn5nv2BKM_32monthly_rainfall_repository_test
FN:298,_RNCNvMNtNtCs7iCqo0KpDVZ_20rain_tracker_service2db27monthly_rainfall_repositoryNtB4_25MonthlyRainfallRepository30recalculate_monthly_summary_tx0Cscezn5nv2BKM_32monthly_rainfall_repository_test
FN:49,_RNCNCNCNvMNtNtCs7iCqo0KpDVZ_20rain_tracker_service2db27monthly_rainfall_repositoryNtB8_25MonthlyRainfallRepository22upsert_monthly_summary00s4_0Csdpfhlhhwi2Y_20rain_tracker_service
FN:55,_RNCNCNCNvMNtNtCs7iCqo0KpDVZ_20rain_tracker_service2db27monthly_rainfall_repositoryNtB8_25MonthlyRainfallRepository22upsert_monthly_summary00s6_0Csdpfhlhhwi2Y_20rain_tracker_service
FN:26,_RNCNvMNtNtCs7iCqo0KpDVZ_20rain_tracker_service2db27monthly_rainfall_repositoryNtB4_25MonthlyRainfallRepository22upsert_monthly_summary0Csdpfhlhhwi2Y_20rain_tracker_service
FN:145,_RNCNvMNtNtCs7iCqo0KpDVZ_20rain_tracker_service2db27monthly_rainfall_repositoryNtB4_25MonthlyRainfallRepository27recalculate_monthly_summary0Csdpfhlhhwi2Y_20rain_tracker_service
FN:49,_RNCNCNCNvMNtNtCs4I6j3VtXKYU_20rain_tracker_service2db27monthly_rainfall_repositoryNtB8_25MonthlyRainfallRepository22upsert_monthly_summary00s4_0Bc_
FN:55,_RNCNCNCNvMNtNtCs4I6j3VtXKYU_20rain_tracker_service2db27monthly_rainfall_repositoryNtB8_25MonthlyRainfallRepository22upsert_monthly_summary00s6_0Bc_
FN:206,_RNCNCNCNvMNtNtCs4I6j3VtXKYU_20rain_tracker_service2db27monthly_rainfall_repositoryNtB8_25MonthlyRainfallRepository25upsert_monthly_summary_tx00s4_0Bc_
FN:212,_RNCNCNCNvMNtNtCs4I6j3VtXKYU_20rain_tracker_service2db27monthly_rainfall_repositoryNtB8_25MonthlyRainfallRepository25upsert_monthly_summary_tx00s6_0Bc_
FN:26,_RNCNvMNtNtCs4I6j3VtXKYU_20rain_tracker_service2db27monthly_rainfall_repositoryNtB4_25MonthlyRainfallRepository22upsert_monthly_summary0B8_
FN:184,_RNCNvMNtNtCs4I6j3VtXKYU_20rain_tracker_service2db27monthly_rainfall_repositoryNtB4_25MonthlyRainfallRepository25upsert_monthly_summary_tx0B8_
FN:105,_RNCNvMNtNtCs4I6j3VtXKYU_20rain_tracker_service2db27monthly_rainfall_repositoryNtB4_25MonthlyRainfallRepository27get_summaries_by_date_range0B8_
FN:145,_RNCNvMNtNtCs4I6j3VtXKYU_20rain_tracker_service2db27monthly_rainfall_repositoryNtB4_25MonthlyRainfallRepository27recalculate_monthly_summary0B8_
FN:260,_RNCNvMNtNtCs4I6j3VtXKYU_20rain_tracker_service2db27monthly_rainfall_repositoryNtB4_25MonthlyRainfallRepository30get_summaries_by_date_range_tx0B8_
FN:298,_RNCNvMNtNtCs4I6j3VtXKYU_20rain_tracker_service2db27monthly_rainfall_repositoryNtB4_25MonthlyRainfallRepository30recalculate_monthly_summary_tx0B8_
FN:20,_RNvMNtNtCs4I6j3VtXKYU_20rain_tracker_service2db27monthly_rainfall_repositoryNtB2_25MonthlyRainfallRepository22upsert_monthly_summary
FN:177,_RNvMNtNtCs4I6j3VtXKYU_20rain_tracker_service2db27monthly_rainfall_repositoryNtB2_25MonthlyRainfallRepository25upsert_monthly_summary_tx
FN:100,_RNvMNtNtCs4I6j3VtXKYU_20rain_tracker_service2db27monthly_rainfall_repositoryNtB2_25MonthlyRainfallRepository27get_summaries_by_date_range
FN:138,_RNvMNtNtCs4I6j3VtXKYU_20rain_tracker_service2db27monthly_rainfall_repositoryNtB2_25MonthlyRainfallRepository27recalculate_monthly_summary
FN:254,_RNvMNtNtCs4I6j3VtXKYU_20rain_tracker_service2db27monthly_rainfall_repositoryNtB2_25MonthlyRainfallRepository30get_summaries_by_date_range_tx
FN:290,_RNvMNtNtCs4I6j3VtXKYU_20rain_tracker_service2db27monthly_rainfall_repositoryNtB2_25MonthlyRainfallRepository30recalculate_monthly_summary_tx
FN:13,_RNvMNtNtCs4I6j3VtXKYU_20rain_tracker_service2db27monthly_rainfall_repositoryNtB2_25MonthlyRainfallRepository3new
FNDA:0,_RNCNCNCNvMNtNtCs7iCqo0KpDVZ_20rain_tracker_service2db27monthly_rainfall_repositoryNtB8_25MonthlyRainfallRepository22upsert_monthly_summary00s4_0Bc_
FNDA:0,_RNCNCNCNvMNtNtCs7iCqo0KpDVZ_20rain_tracker_service2db27monthly_rainfall_repositoryNtB8_25MonthlyRainfallRepository22upsert_monthly_summary00s6_0Bc_
FNDA:0,_RNCNCNCNvMNtNtCs7iCqo0KpDVZ_20rain_tracker_service2db27monthly_rainfall_repositoryNtB8_25MonthlyRainfallRepository25upsert_monthly_summary_tx00s4_0Bc_
FNDA:0,_RNCNCNCNvMNtNtCs7iCqo0KpDVZ_20rain_tracker_service2db27monthly_rainfall_repositoryNtB8_25MonthlyRainfallRepository25upsert_monthly_summary_tx00s6_0Bc_
FNDA:0,_RNCNvMNtNtCs7iCqo0KpDVZ_20rain_tracker_service2db27monthly_rainfall_repositoryNtB4_25MonthlyRainfallRepository22upsert_monthly_summary0B8_
FNDA:0,_RNCNvMNtNtCs7iCqo0KpDVZ_20rain_tracker_service2db27monthly_rainfall_repositoryNtB4_25MonthlyRainfallRepository25upsert_monthly_summary_tx0B8_
FNDA:0,_RNCNvMNtNtCs7iCqo0KpDVZ_20rain_tracker_service2db27monthly_rainfall_repositoryNtB4_25MonthlyRainfallRepository27recalculate_monthly_summary0B8_
FNDA:0,_RNCNvMNtNtCs7iCqo0KpDVZ_20rain_tracker_service2db27monthly_rainfall_repositoryNtB4_25MonthlyRainfallRepository30get_summaries_by_date_range_tx0B8_
FNDA:0,_RNCNvMNtNtCs7iCqo0KpDVZ_20rain_tracker_service2db27monthly_rainfall_repositoryNtB4_25MonthlyRainfallRepository30recalculate_monthly_summary_tx0B8_
FNDA:14,_RNCNvMNtNtCs7iCqo0KpDVZ_20rain_tracker_service2db27monthly_rainfall_repositoryNtB4_25MonthlyRainfallRepository27get_summaries_by_date_range0B8_
FNDA:25,_RNvMNtNtCs7iCqo0KpDVZ_20rain_tracker_service2db27monthly_rainfall_repositoryNtB2_25MonthlyRainfallRepository22upsert_monthly_summary
FNDA:2,_RNvMNtNtCs7iCqo0KpDVZ_20rain_tracker_service2db27monthly_rainfall_repositoryNtB2_25MonthlyRainfallRepository25upsert_monthly_summary_tx
FNDA:14,_RNvMNtNtCs7iCqo0KpDVZ_20rain_tracker_service2db27monthly_rainfall_repositoryNtB2_25MonthlyRainfallRepository27get_summaries_by_date_range
FNDA:16,_RNvMNtNtCs7iCqo0KpDVZ_20rain_tracker_service2db27monthly_rainfall_repositoryNtB2_25MonthlyRainfallRepository27recalculate_monthly_summary
FNDA:1,_RNvMNtNtCs7iCqo0KpDVZ_20rain_tracker_service2db27monthly_rainfall_repositoryNtB2_25MonthlyRainfallRepository30get_summaries_by_date_range_tx
FNDA:1,_RNvMNtNtCs7iCqo0KpDVZ_20rain_tracker_service2db27monthly_rainfall_repositoryNtB2_25MonthlyRainfallRepository30recalculate_monthly_summary_tx
FNDA:40,_RNvMNtNtCs7iCqo0KpDVZ_20rain_tracker_service2db27monthly_rainfall_repositoryNtB2_25MonthlyRainfallRepository3new
FNDA:0,_RNCNCNCNvMNtNtCs7iCqo0KpDVZ_20rain_tracker_service2db27monthly_rainfall_repositoryNtB8_25MonthlyRainfallRepository22upsert_monthly_summary00s4_0Cs6zvS6A0gBSI_20api_integration_test
FNDA:0,_RNCNCNCNvMNtNtCs7iCqo0KpDVZ_20rain_tracker_service2db27monthly_rainfall_repositoryNtB8_25MonthlyRainfallRepository22upsert_monthly_summary00s6_0Cs6zvS6A0gBSI_20api_integration_test
FNDA:6,_RNCNvMNtNtCs7iCqo0KpDVZ_20rain_tracker_service2db27monthly_rainfall_repositoryNtB4_25MonthlyRainfallRepository22upsert_monthly_summary0Cs6zvS6A0gBSI_20api_integration_test
FNDA:6,_RNCNvMNtNtCs7iCqo0KpDVZ_20rain_tracker_service2db27monthly_rainfall_repositoryNtB4_25MonthlyRainfallRepository27recalculate_monthly_summary0Cs6zvS6A0gBSI_20api_integration_test
FNDA:0,_RNCNCNCNvMNtNtCs7iCqo0KpDVZ_20rain_tracker_service2db27monthly_rainfall_repositoryNtB8_25MonthlyRainfallRepository22upsert_monthly_summary00s4_0Cs3PAmBzODhhi_19error_handling_test
FNDA:0,_RNCNCNCNvMNtNtCs7iCqo0KpDVZ_20rain_tracker_service2db27monthly_rainfall_repositoryNtB8_25MonthlyRainfallRepository22upsert_monthly_summary00s6_0Cs3PAmBzODhhi_19error_handling_test
FNDA:0,_RNCNvMNtNtCs7iCqo0KpDVZ_20rain_tracker_service2db27monthly_rainfall_repositoryNtB4_25MonthlyRainfallRepository22upsert_monthly_summary0Cs3PAmBzODhhi_19error_handling_test
FNDA:0,_RNCNvMNtNtCs7iCqo0KpDVZ_20rain_tracker_service2db27monthly_rainfall_repositoryNtB4_25MonthlyRainfallRepository27recalculate_monthly_summary0Cs3PAmBzODhhi_19error_handling_test
FNDA:0,_RNCNCNCNvMNtNtCs7iCqo0KpDVZ_20rain_tracker_service2db27monthly_rainfall_repositoryNtB8_25MonthlyRainfallRepository22upsert_monthly_summary00s4_0CskhdQylLvBLq_24fopr_import_service_test
FNDA:0,_RNCNCNCNvMNtNtCs7iCqo0KpDVZ_20rain_tracker_service2db27monthly_rainfall_repositoryNtB8_25MonthlyRainfallRepository22upsert_monthly_summary00s6_0CskhdQylLvBLq_24fopr_import_service_test
FNDA:0,_RNCNvMNtNtCs7iCqo0KpDVZ_20rain_tracker_service2db27monthly_rainfall_repositoryNtB4_25MonthlyRainfallRepository22upsert_monthly_summary0CskhdQylLvBLq_24fopr_import_service_test
FNDA:0,_RNCNvMNtNtCs7iCqo0KpDVZ_20rain_tracker_service2db27monthly_rainfall_repositoryNtB4_25MonthlyRainfallRepository27recalculate_monthly_summary0CskhdQylLvBLq_24fopr_import_service_test
FNDA:0,_RNCNCNCNvMNtNtCs7iCqo0KpDVZ_20rain_tracker_service2db27monthly_rainfall_repositoryNtB8_25MonthlyRainfallRepository22upsert_monthly_summary00s4_0Cs30uj6WIuzt3_17historical_import
FNDA:0,_RNCNCNCNvMNtNtCs7iCqo0KpDVZ_20rain_tracker_service2db27monthly_rainfall_repositoryNtB8_25MonthlyRainfallRepository22upsert_monthly_summary00s6_0Cs30uj6WIuzt3_17historical_import
FNDA:0,_RNCNvMNtNtCs7iCqo0KpDVZ_20rain_tracker_service2db27monthly_rainfall_repositoryNtB4_25MonthlyRainfallRepository22upsert_monthly_summary0Cs30uj6WIuzt3_17historical_import
FNDA:0,_RNCNvMNtNtCs7iCqo0KpDVZ_20rain_tracker_service2db27monthly_rainfall_repositoryNtB4_25MonthlyRainfallRepository27recalculate_monthly_summary0Cs30uj6WIuzt3_17historical_import
FNDA:0,_RNCNCNCNvMNtNtCs7iCqo0KpDVZ_20rain_tracker_service2db27monthly_rainfall_repositoryNtB8_25MonthlyRainfallRepository22upsert_monthly_summary00s4_0CsfwmCgHvd3Ip_16integration_test
FNDA:0,_RNCNCNCNvMNtNtCs7iCqo0KpDVZ_20rain_tracker_service2db27monthly_rainfall_repositoryNtB8_25MonthlyRainfallRepository22upsert_monthly_summary00s6_0CsfwmCgHvd3Ip_16integration_test
FNDA:9,_RNCNvMNtNtCs7iCqo0KpDVZ_20rain_tracker_service2db27monthly_rainfall_repositoryNtB4_25MonthlyRainfallRepository22upsert_monthly_summary0CsfwmCgHvd3Ip_16integration_test
FNDA:9,_RNCNvMNtNtCs7iCqo0KpDVZ_20rain_tracker_service2db27monthly_rainfall_repositoryNtB4_25MonthlyRainfallRepository27recalculate_monthly_summary0CsfwmCgHvd3Ip_16integration_test
FNDA:18,_RNCNCNCNvMNtNtCs7iCqo0KpDVZ_20rain_tracker_service2db27monthly_rainfall_repositoryNtB8_25MonthlyRainfallRepository22upsert_monthly_summary00s4_0Cscezn5nv2BKM_32monthly_rainfall_repository_test
FNDA:18,_RNCNCNCNvMNtNtCs7iCqo0KpDVZ_20rain_tracker_service2db27monthly_rainfall_repositoryNtB8_25MonthlyRainfallRepository22upsert_monthly_summary00s6_0Cscezn5nv2BKM_32monthly_rainfall_repository_test
FNDA:4,_RNCNCNCNvMNtNtCs7iCqo0KpDVZ_20rain_tracker_service2db27monthly_rainfall_repositoryNtB8_25MonthlyRainfallRepository25upsert_monthly_summary_tx00s4_0Cscezn5nv2BKM_32monthly_rainfall_repository_test
FNDA:4,_RNCNCNCNvMNtNtCs7iCqo0KpDVZ_20rain_tracker_service2db27monthly_rainfall_repositoryNtB8_25MonthlyRainfallRepository25upsert_monthly_summary_tx00s6_0Cscezn5nv2BKM_32monthly_rainfall_repository_test
FNDA:10,_RNCNvMNtNtCs7iCqo0KpDVZ_20rain_tracker_service2db27monthly_rainfall_repositoryNtB4_25MonthlyRainfallRepository22upsert_monthly_summary0Cscezn5nv2BKM_32monthly_rainfall_repository_test
FNDA:2,_RNCNvMNtNtCs7iCqo0KpDVZ_20rain_tracker_service2db27monthly_rainfall_repositoryNtB4_25MonthlyRainfallRepository25upsert_monthly_summary_tx0Cscezn5nv2BKM_32monthly_rainfall_repository_test
FNDA:1,_RNCNvMNtNtCs7iCqo0KpDVZ_20rain_tracker_service2db27monthly_rainfall_repositoryNtB4_25MonthlyRainfallRepository27recalculate_monthly_summary0Cscezn5nv2BKM_32monthly_rainfall_repository_test
FNDA:1,_RNCNvMNtNtCs7iCqo0KpDVZ_20rain_tracker_service2db27monthly_rainfall_repositoryNtB4_25MonthlyRainfallRepository30get_summaries_by_date_range_tx0Cscezn5nv2BKM_32monthly_rainfall_repository_test
FNDA:1,_RNCNvMNtNtCs7iCqo0KpDVZ_20rain_tracker_service2db27monthly_rainfall_repositoryNtB4_25MonthlyRainfallRepository30recalculate_monthly_summary_tx0Cscezn5nv2BKM_32monthly_rainfall_repository_test
FNDA:0,_RNCNCNCNvMNtNtCs7iCqo0KpDVZ_20rain_tracker_service2db27monthly_rainfall_repositoryNtB8_25MonthlyRainfallRepository22upsert_monthly_summary00s4_0Csdpfhlhhwi2Y_20rain_tracker_service
FNDA:0,_RNCNCNCNvMNtNtCs7iCqo0KpDVZ_20rain_tracker_service2db27monthly_rainfall_repositoryNtB8_25MonthlyRainfallRepository22upsert_monthly_summary00s6_0Csdpfhlhhwi2Y_20rain_tracker_service
FNDA:0,_RNCNvMNtNtCs7iCqo0KpDVZ_20rain_tracker_service2db27monthly_rainfall_repositoryNtB4_25MonthlyRainfallRepository22upsert_monthly_summary0Csdpfhlhhwi2Y_20rain_tracker_service
FNDA:0,_RNCNvMNtNtCs7iCqo0KpDVZ_20rain_tracker_service2db27monthly_rainfall_repositoryNtB4_25MonthlyRainfallRepository27recalculate_monthly_summary0Csdpfhlhhwi2Y_20rain_tracker_service
FNDA:0,_RNCNCNCNvMNtNtCs4I6j3VtXKYU_20rain_tracker_service2db27monthly_rainfall_repositoryNtB8_25MonthlyRainfallRepository22upsert_monthly_summary00s4_0Bc_
FNDA:0,_RNCNCNCNvMNtNtCs4I6j3VtXKYU_20rain_tracker_service2db27monthly_rainfall_repositoryNtB8_25MonthlyRainfallRepository22upsert_monthly_summary00s6_0Bc_
FNDA:0,_RNCNCNCNvMNtNtCs4I6j3VtXKYU_20rain_tracker_service2db27monthly_rainfall_repositoryNtB8_25MonthlyRainfallRepository25upsert_monthly_summary_tx00s4_0Bc_
FNDA:0,_RNCNCNCNvMNtNtCs4I6j3VtXKYU_20rain_tracker_service2db27monthly_rainfall_repositoryNtB8_25MonthlyRainfallRepository25upsert_monthly_summary_tx00s6_0Bc_
FNDA:0,_RNCNvMNtNtCs4I6j3VtXKYU_20rain_tracker_service2db27monthly_rainfall_repositoryNtB4_25MonthlyRainfallRepository22upsert_monthly_summary0B8_
FNDA:0,_RNCNvMNtNtCs4I6j3VtXKYU_20rain_tracker_service2db27monthly_rainfall_repositoryNtB4_25MonthlyRainfallRepository25upsert_monthly_summary_tx0B8_
FNDA:0,_RNCNvMNtNtCs4I6j3VtXKYU_20rain_tracker_service2db27monthly_rainfall_repositoryNtB4_25MonthlyRainfallRepository27get_summaries_by_date_range0B8_
FNDA:0,_RNCNvMNtNtCs4I6j3VtXKYU_20rain_tracker_service2db27monthly_rainfall_repositoryNtB4_25MonthlyRainfallRepository27recalculate_monthly_summary0B8_
FNDA:0,_RNCNvMNtNtCs4I6j3VtXKYU_20rain_tracker_service2db27monthly_rainfall_repositoryNtB4_25MonthlyRainfallRepository30get_summaries_by_date_range_tx0B8_
FNDA:0,_RNCNvMNtNtCs4I6j3VtXKYU_20rain_tracker_service2db27monthly_rainfall_repositoryNtB4_25MonthlyRainfallRepository30recalculate_monthly_summary_tx0B8_
FNDA:0,_RNvMNtNtCs4I6j3VtXKYU_20rain_tracker_service2db27monthly_rainfall_repositoryNtB2_25MonthlyRainfallRepository22upsert_monthly_summary
FNDA:0,_RNvMNtNtCs4I6j3VtXKYU_20rain_tracker_service2db27monthly_rainfall_repositoryNtB2_25MonthlyRainfallRepository25upsert_monthly_summary_tx
FNDA:0,_RNvMNtNtCs4I6j3VtXKYU_20rain_tracker_service2db27monthly_rainfall_repositoryNtB2_25MonthlyRainfallRepository27get_summaries_by_date_range
FNDA:0,_RNvMNtNtCs4I6j3VtXKYU_20rain_tracker_service2db27monthly_rainfall_repositoryNtB2_25MonthlyRainfallRepository27recalculate_monthly_summary
FNDA:0,_RNvMNtNtCs4I6j3VtXKYU_20rain_tracker_service2db27monthly_rainfall_repositoryNtB2_25MonthlyRainfallRepository30get_summaries_by_date_range_tx
FNDA:0,_RNvMNtNtCs4I6j3VtXKYU_20rain_tracker_service2db27monthly_rainfall_repositoryNtB2_25MonthlyRainfallRepository30recalculate_monthly_summary_tx
FNDA:0,_RNvMNtNtCs4I6j3VtXKYU_20rain_tracker_service2db27monthly_rainfall_repositoryNtB2_25MonthlyRainfallRepository3new
FNF:17
FNH:17
DA:13,40
DA:14,40
DA:15,40
DA:20,25
DA:21,25
DA:22,25
DA:23,25
DA:24,25
DA:25,25
DA:26,25
DA:49,18
DA:55,18
DA:93,25
DA:100,14
DA:101,14
DA:102,14
DA:103,14
DA:104,14
DA:105,14
DA:131,14
DA:138,16
DA:139,16
DA:140,16
DA:141,16
DA:142,16
DA:143,16
DA:144,16
DA:145,16
DA:169,16
DA:177,2
DA:178,2
DA:179,2
DA:180,2
DA:181,2
DA:182,2
DA:183,2
DA:184,2
DA:206,4
DA:212,4
DA:250,2
DA:254,1
DA:255,1
DA:256,1
DA:257,1
DA:258,1
DA:259,1
DA:260,1
DA:286,1
DA:290,1
DA:291,1
DA:292,1
DA:293,1
DA:294,1
DA:295,1
DA:296,1
DA:297,1
DA:298,1
DA:322,1
BRF:0
BRH:0
LF:64
LH:64
end_of_record
SF:/Users/terry/RustroverProjects/rain-tracker-service/src/db/reading_repository.rs
FN:84,_RNCNCNCNvMNtNtCs7iCqo0KpDVZ_20rain_tracker_service2db18reading_repositoryNtB8_17ReadingRepository31bulk_insert_historical_readings000Bc_
FN:217,_RNCNCNCNvMNtNtCs7iCqo0KpDVZ_20rain_tracker_service2db18reading_repositoryNtB8_17ReadingRepository34bulk_insert_historical_readings_tx000Bc_
FN:300,_RNCNvMNtNtCs7iCqo0KpDVZ_20rain_tracker_service2db18reading_repositoryNtB4_17ReadingRepository14find_latest_tx0B8_
[...]
FNDA:2,_RNvMNtNtCs7iCqo0KpDVZ_20rain_tracker_service8services13gauge_serviceNtB2_16PaginationParams5limit
FNDA:2,_RNvMNtNtCs7iCqo0KpDVZ_20rain_tracker_service8services13gauge_serviceNtB2_16PaginationParams6offset
FNDA:2,_RNvMs_NtNtCs7iCqo0KpDVZ_20rain_tracker_service8services13gauge_serviceNtB4_12GaugeService15get_gauge_by_id
FNDA:1,_RNvMs_NtNtCs7iCqo0KpDVZ_20rain_tracker_service8services13gauge_serviceNtB4_12GaugeService16upsert_summaries
FNDA:2,_RNvMs_NtNtCs7iCqo0KpDVZ_20rain_tracker_service8services13gauge_serviceNtB4_12GaugeService20get_gauges_paginated
FNDA:6,_RNvMs_NtNtCs7iCqo0KpDVZ_20rain_tracker_service8services13gauge_serviceNtB4_12GaugeService26handle_new_gauge_discovery
FNDA:15,_RNvMs_NtNtCs7iCqo0KpDVZ_20rain_tracker_service8services13gauge_serviceNtB4_12GaugeService3new
FNDA:1,_RNvNtNtCs7iCqo0KpDVZ_20rain_tracker_service8services13gauge_service12default_page
FNDA:1,_RNvNtNtCs7iCqo0KpDVZ_20rain_tracker_service8services13gauge_service17default_page_size
FNDA:1,_RNCNCNCNvMs_NtNtCs7iCqo0KpDVZ_20rain_tracker_service8services13gauge_serviceNtBa_12GaugeService16upsert_summaries000Cs3PAmBzODhhi_19error_handling_test
FNDA:0,_RNCNCNCNvMs_NtNtCs7iCqo0KpDVZ_20rain_tracker_service8services13gauge_serviceNtBa_12GaugeService26handle_new_gauge_discovery000Cs3PAmBzODhhi_19error_handling_test
FNDA:1,_RNCNvMs_NtNtCs7iCqo0KpDVZ_20rain_tracker_service8services13gauge_serviceNtB6_12GaugeService16upsert_summaries0Cs3PAmBzODhhi_19error_handling_test
FNDA:6,_RNCNvMs_NtNtCs7iCqo0KpDVZ_20rain_tracker_service8services13gauge_serviceNtB6_12GaugeService26handle_new_gauge_discovery0Cs3PAmBzODhhi_19error_handling_test
FNDA:0,_RNCNCNCNvMs_NtNtCs7iCqo0KpDVZ_20rain_tracker_service8services13gauge_serviceNtBa_12GaugeService16upsert_summaries000Csdpfhlhhwi2Y_20rain_tracker_service
FNDA:0,_RNCNCNCNvMs_NtNtCs7iCqo0KpDVZ_20rain_tracker_service8services13gauge_serviceNtBa_12GaugeService26handle_new_gauge_discovery000Csdpfhlhhwi2Y_20rain_tracker_service
FNDA:0,_RNCNvMs_NtNtCs7iCqo0KpDVZ_20rain_tracker_service8services13gauge_serviceNtB6_12GaugeService16upsert_summaries0Csdpfhlhhwi2Y_20rain_tracker_service
FNDA:0,_RNCNvMs_NtNtCs7iCqo0KpDVZ_20rain_tracker_service8services13gauge_serviceNtB6_12GaugeService26handle_new_gauge_discovery0Csdpfhlhhwi2Y_20rain_tracker_service
FNDA:0,_RNCNCNCNvMs_NtNtCs4I6j3VtXKYU_20rain_tracker_service8services13gauge_serviceNtBa_12GaugeService16upsert_summaries000Be_
FNDA:0,_RNCNCNCNvMs_NtNtCs4I6j3VtXKYU_20rain_tracker_service8services13gauge_serviceNtBa_12GaugeService26handle_new_gauge_discovery000Be_
FNDA:0,_RNCNvMs_NtNtCs4I6j3VtXKYU_20rain_tracker_service8services13gauge_serviceNtB6_12GaugeService15get_gauge_by_id0Ba_
FNDA:0,_RNCNvMs_NtNtCs4I6j3VtXKYU_20rain_tracker_service8services13gauge_serviceNtB6_12GaugeService16upsert_summaries0Ba_
FNDA:0,_RNCNvMs_NtNtCs4I6j3VtXKYU_20rain_tracker_service8services13gauge_serviceNtB6_12GaugeService20get_gauges_paginated0Ba_
FNDA:0,_RNCNvMs_NtNtCs4I6j3VtXKYU_20rain_tracker_service8services13gauge_serviceNtB6_12GaugeService26handle_new_gauge_discovery0Ba_
FNDA:0,_RNvMNtNtCs4I6j3VtXKYU_20rain_tracker_service8services13gauge_serviceNtB2_16PaginationParams5limit
FNDA:0,_RNvMNtNtCs4I6j3VtXKYU_20rain_tracker_service8services13gauge_serviceNtB2_16PaginationParams6offset
FNDA:0,_RNvMs_NtNtCs4I6j3VtXKYU_20rain_tracker_service8services13gauge_serviceNtB4_12GaugeService15get_gauge_by_id
FNDA:0,_RNvMs_NtNtCs4I6j3VtXKYU_20rain_tracker_service8services13gauge_serviceNtB4_12GaugeService16upsert_summaries
FNDA:0,_RNvMs_NtNtCs4I6j3VtXKYU_20rain_tracker_service8services13gauge_serviceNtB4_12GaugeService20get_gauges_paginated
FNDA:0,_RNvMs_NtNtCs4I6j3VtXKYU_20rain_tracker_service8services13gauge_serviceNtB4_12GaugeService26handle_new_gauge_discovery
FNDA:0,_RNvMs_NtNtCs4I6j3VtXKYU_20rain_tracker_service8services13gauge_serviceNtB4_12GaugeService3new
FNDA:0,_RNvNtNtCs4I6j3VtXKYU_20rain_tracker_service8services13gauge_service12default_page
FNDA:0,_RNvNtNtCs4I6j3VtXKYU_20rain_tracker_service8services13gauge_service17default_page_size
FNF:15
FNH:14
DA:18,1
DA:19,1
DA:20,1
DA:22,1
DA:23,1
DA:24,1
DA:27,2
DA:28,2
DA:29,2
DA:31,2
DA:32,2
DA:33,2
DA:55,15
DA:56,15
DA:57,15
DA:58,15
DA:59,15
DA:60,15
DA:63,2
DA:64,2
DA:65,2
DA:66,2
DA:68,2
DA:69,2
DA:70,2
DA:71,2
DA:72,2
DA:75,2
DA:76,2
DA:77,2
DA:79,2
DA:81,2
DA:82,2
DA:83,2
DA:84,2
DA:85,2
DA:86,2
DA:87,2
DA:88,2
DA:89,2
DA:90,2
DA:91,2
DA:94,2
DA:95,2
DA:96,2
DA:108,6
DA:109,6
DA:110,6
DA:111,6
DA:162,0
DA:163,0
DA:166,0
DA:168,0
DA:169,0
DA:177,6
DA:184,1
DA:189,1
DA:190,1
DA:191,0
DA:193,0
DA:195,1
DA:196,1
DA:197,1
BRF:0
BRH:0
LF:67
LH:60
end_of_record
SF:/Users/terry/RustroverProjects/rain-tracker-service/src/services/reading_service.rs
FN:188,_RNvMNtNtCs7iCqo0KpDVZ_20rain_tracker_service8services15reading_serviceNtB2_14ReadingService14get_month_name
FN:208,_RNvMNtNtCs7iCqo0KpDVZ_20rain_tracker_service8services15reading_serviceNtB2_14ReadingService14get_water_year
FN:113,_RNvMNtNtCs7iCqo0KpDVZ_20rain_tracker_service8services15reading_serviceNtB2_14ReadingService14normalize_zero
FN:106,_RNvMNtNtCs7iCqo0KpDVZ_20rain_tracker_service8services15reading_serviceNtB2_14ReadingService18get_latest_reading
FN:121,_RNvMNtNtCs7iCqo0KpDVZ_20rain_tracker_service8services15reading_serviceNtB2_14ReadingService21water_year_date_range
FN:27,_RNvMNtNtCs7iCqo0KpDVZ_20rain_tracker_service8services15reading_serviceNtB2_14ReadingService22get_water_year_summary
FN:153,_RNvMNtNtCs7iCqo0KpDVZ_20rain_tracker_service8services15reading_serviceNtB2_14ReadingService23build_monthly_summaries
FN:65,_RNvMNtNtCs7iCqo0KpDVZ_20rain_tracker_service8services15reading_serviceNtB2_14ReadingService25get_calendar_year_summary
FN:137,_RNvMNtNtCs7iCqo0KpDVZ_20rain_tracker_service8services15reading_serviceNtB2_14ReadingService29calendar_year_date_range_only
FN:16,_RNvMNtNtCs7iCqo0KpDVZ_20rain_tracker_service8services15reading_serviceNtB2_14ReadingService3new
FN:106,_RNCNvMNtNtCs7iCqo0KpDVZ_20rain_tracker_service8services15reading_serviceNtB4_14ReadingService18get_latest_reading0B8_
FN:31,_RNCNvMNtNtCs7iCqo0KpDVZ_20rain_tracker_service8services15reading_serviceNtB4_14ReadingService22get_water_year_summary0B8_
FN:161,_RNCNvMNtNtCs7iCqo0KpDVZ_20rain_tracker_service8services15reading_serviceNtB4_14ReadingService23build_monthly_summaries0B8_
FN:69,_RNCNvMNtNtCs7iCqo0KpDVZ_20rain_tracker_service8services15reading_serviceNtB4_14ReadingService25get_calendar_year_summary0B8_
FN:106,_RNCNvMNtNtCs4I6j3VtXKYU_20rain_tracker_service8services15reading_serviceNtB4_14ReadingService18get_latest_reading0B8_
FN:31,_RNCNvMNtNtCs4I6j3VtXKYU_20rain_tracker_service8services15reading_serviceNtB4_14ReadingService22get_water_year_summary0B8_
FN:161,_RNCNvMNtNtCs4I6j3VtXKYU_20rain_tracker_service8services15reading_serviceNtB4_14ReadingService23build_monthly_summaries0B8_
FN:69,_RNCNvMNtNtCs4I6j3VtXKYU_20rain_tracker_service8services15reading_serviceNtB4_14ReadingService25get_calendar_year_summary0B8_
FN:188,_RNvMNtNtCs4I6j3VtXKYU_20rain_tracker_service8services15reading_serviceNtB2_14ReadingService14get_month_name
FN:113,_RNvMNtNtCs4I6j3VtXKYU_20rain_tracker_service8services15reading_serviceNtB2_14ReadingService14normalize_zero
FN:106,_RNvMNtNtCs4I6j3VtXKYU_20rain_tracker_service8services15reading_serviceNtB2_14ReadingService18get_latest_reading
FN:121,_RNvMNtNtCs4I6j3VtXKYU_20rain_tracker_service8services15reading_serviceNtB2_14ReadingService21water_year_date_range
FN:27,_RNvMNtNtCs4I6j3VtXKYU_20rain_tracker_service8services15reading_serviceNtB2_14ReadingService22get_water_year_summary
FN:153,_RNvMNtNtCs4I6j3VtXKYU_20rain_tracker_service8services15reading_serviceNtB2_14ReadingService23build_monthly_summaries
FN:65,_RNvMNtNtCs4I6j3VtXKYU_20rain_tracker_service8services15reading_serviceNtB2_14ReadingService25get_calendar_year_summary
FN:137,_RNvMNtNtCs4I6j3VtXKYU_20rain_tracker_service8services15reading_serviceNtB2_14ReadingService29calendar_year_date_range_only
FN:16,_RNvMNtNtCs4I6j3VtXKYU_20rain_tracker_service8services15reading_serviceNtB2_14ReadingService3new
FN:208,_RNvMNtNtCs4I6j3VtXKYU_20rain_tracker_service8services15reading_serviceNtB2_14ReadingService14get_water_year
FN:226,_RNvNtNtNtCs4I6j3VtXKYU_20rain_tracker_service8services15reading_service5testss_19test_get_water_year
FNDA:36,_RNvMNtNtCs7iCqo0KpDVZ_20rain_tracker_service8services15reading_serviceNtB2_14ReadingService14get_month_name
FNDA:1,_RNvMNtNtCs7iCqo0KpDVZ_20rain_tracker_service8services15reading_serviceNtB2_14ReadingService14get_water_year
FNDA:6,_RNvMNtNtCs7iCqo0KpDVZ_20rain_tracker_service8services15reading_serviceNtB2_14ReadingService14normalize_zero
FNDA:3,_RNvMNtNtCs7iCqo0KpDVZ_20rain_tracker_service8services15reading_serviceNtB2_14ReadingService18get_latest_reading
FNDA:3,_RNvMNtNtCs7iCqo0KpDVZ_20rain_tracker_service8services15reading_serviceNtB2_14ReadingService21water_year_date_range
FNDA:3,_RNvMNtNtCs7iCqo0KpDVZ_20rain_tracker_service8services15reading_serviceNtB2_14ReadingService22get_water_year_summary
FNDA:3,_RNvMNtNtCs7iCqo0KpDVZ_20rain_tracker_service8services15reading_serviceNtB2_14ReadingService23build_monthly_summaries
FNDA:3,_RNvMNtNtCs7iCqo0KpDVZ_20rain_tracker_service8services15reading_serviceNtB2_14ReadingService25get_calendar_year_summary
FNDA:3,_RNvMNtNtCs7iCqo0KpDVZ_20rain_tracker_service8services15reading_serviceNtB2_14ReadingService29calendar_year_date_range_only
FNDA:16,_RNvMNtNtCs7iCqo0KpDVZ_20rain_tracker_service8services15reading_serviceNtB2_14ReadingService3new
FNDA:3,_RNCNvMNtNtCs7iCqo0KpDVZ_20rain_tracker_service8services15reading_serviceNtB4_14ReadingService18get_latest_reading0B8_
FNDA:3,_RNCNvMNtNtCs7iCqo0KpDVZ_20rain_tracker_service8services15reading_serviceNtB4_14ReadingService22get_water_year_summary0B8_
FNDA:8,_RNCNvMNtNtCs7iCqo0KpDVZ_20rain_tracker_service8services15reading_serviceNtB4_14ReadingService23build_monthly_summaries0B8_
FNDA:3,_RNCNvMNtNtCs7iCqo0KpDVZ_20rain_tracker_service8services15reading_serviceNtB4_14ReadingService25get_calendar_year_summary0B8_
FNDA:0,_RNCNvMNtNtCs4I6j3VtXKYU_20rain_tracker_service8services15reading_serviceNtB4_14ReadingService18get_latest_reading0B8_
FNDA:0,_RNCNvMNtNtCs4I6j3VtXKYU_20rain_tracker_service8services15reading_serviceNtB4_14ReadingService22get_water_year_summary0B8_
FNDA:0,_RNCNvMNtNtCs4I6j3VtXKYU_20rain_tracker_service8services15reading_serviceNtB4_14ReadingService23build_monthly_summaries0B8_
FNDA:0,_RNCNvMNtNtCs4I6j3VtXKYU_20rain_tracker_service8services15reading_serviceNtB4_14ReadingService25get_calendar_year_summary0B8_
FNDA:0,_RNvMNtNtCs4I6j3VtXKYU_20rain_tracker_service8services15reading_serviceNtB2_14ReadingService14get_month_name
FNDA:0,_RNvMNtNtCs4I6j3VtXKYU_20rain_tracker_service8services15reading_serviceNtB2_14ReadingService14normalize_zero
FNDA:0,_RNvMNtNtCs4I6j3VtXKYU_20rain_tracker_service8services15reading_serviceNtB2_14ReadingService18get_latest_reading
FNDA:0,_RNvMNtNtCs4I6j3VtXKYU_20rain_tracker_service8services15reading_serviceNtB2_14ReadingService21water_year_date_range
FNDA:0,_RNvMNtNtCs4I6j3VtXKYU_20rain_tracker_service8services15reading_serviceNtB2_14ReadingService22get_water_year_summary
FNDA:0,_RNvMNtNtCs4I6j3VtXKYU_20rain_tracker_service8services15reading_serviceNtB2_14ReadingService23build_monthly_summaries
FNDA:0,_RNvMNtNtCs4I6j3VtXKYU_20rain_tracker_service8services15reading_serviceNtB2_14ReadingService25get_calendar_year_summary
FNDA:0,_RNvMNtNtCs4I6j3VtXKYU_20rain_tracker_service8services15reading_serviceNtB2_14ReadingService29calendar_year_date_range_only
FNDA:0,_RNvMNtNtCs4I6j3VtXKYU_20rain_tracker_service8services15reading_serviceNtB2_14ReadingService3new
FNDA:3,_RNvMNtNtCs4I6j3VtXKYU_20rain_tracker_service8services15reading_serviceNtB2_14ReadingService14get_water_year
FNDA:1,_RNvNtNtNtCs4I6j3VtXKYU_20rain_tracker_service8services15reading_service5testss_19test_get_water_year
FNF:15
FNH:15
DA:16,16
DA:17,16
DA:18,16
DA:19,16
DA:20,16
DA:21,16
DA:22,16
DA:23,16
DA:24,16
DA:27,3
DA:28,3
DA:29,3
DA:30,3
DA:31,3
DA:33,3
DA:36,3
DA:37,3
DA:38,3
DA:39,3
DA:42,3
DA:43,3
DA:44,3
DA:45,3
DA:48,3
DA:51,3
DA:52,3
DA:53,3
DA:54,3
DA:56,3
DA:57,3
DA:58,3
DA:59,3
DA:60,3
DA:61,3
DA:62,3
DA:65,3
DA:66,3
DA:67,3
DA:68,3
DA:69,3
DA:71,3
DA:74,3
DA:75,3
DA:76,3
DA:77,3
DA:80,3
DA:81,3
DA:82,3
DA:83,3
DA:86,3
DA:87,3
DA:88,3
DA:89,3
DA:92,3
DA:94,3
DA:96,3
DA:97,3
DA:98,3
DA:99,3
DA:100,3
DA:101,3
DA:102,3
DA:103,3
DA:106,3
DA:107,3
DA:108,3
DA:113,6
DA:114,6
DA:115,2
DA:117,4
DA:119,6
DA:121,3
DA:122,3
DA:123,3
DA:124,3
DA:125,3
DA:126,3
DA:127,3
DA:128,3
DA:129,3
DA:131,3
DA:132,3
DA:134,3
DA:135,3
DA:137,3
DA:138,3
DA:139,3
DA:140,3
DA:141,3
DA:142,3
DA:143,3
DA:144,3
DA:145,3
DA:147,3
DA:148,3
DA:150,3
DA:151,3
DA:153,3
DA:154,3
DA:155,3
DA:156,3
DA:157,3
DA:160,3
DA:161,8
DA:163,39
DA:164,36
DA:165,8
DA:166,8
DA:167,8
DA:168,8
DA:169,8
DA:170,8
DA:171,8
DA:172,8
DA:173,28
DA:174,28
DA:175,28
DA:176,28
DA:177,28
DA:178,28
DA:179,28
DA:180,28
DA:181,28
DA:182,28
DA:185,3
DA:186,3
DA:188,36
DA:189,36
DA:190,3
DA:191,3
DA:192,3
DA:193,3
DA:194,3
DA:195,3
DA:196,3
DA:197,3
DA:198,3
DA:199,3
DA:200,3
DA:201,3
DA:202,0
DA:204,36
DA:205,36
DA:208,4
DA:209,4
DA:210,4
DA:212,4
DA:213,3
DA:215,1
DA:217,4
DA:226,1
DA:227,1
DA:228,1
DA:230,1
DA:231,1
DA:233,1
DA:234,1
DA:235,1
BRF:0
BRH:0
LF:162
LH:161
end_of_record
SF:/Users/terry/RustroverProjects/rain-tracker-service/src/utils.rs
FN:19,_RNvNtCs7iCqo0KpDVZ_20rain_tracker_service5utils18extract_station_id
FN:23,_RNCNvNtCs7iCqo0KpDVZ_20rain_tracker_service5utils18extract_station_id0B5_
FN:29,_RNCNvNtCs7iCqo0KpDVZ_20rain_tracker_service5utils18extract_station_ids_0B5_
FN:84,_RNvNtNtCs4I6j3VtXKYU_20rain_tracker_service5utils5testss_32test_extract_station_id_too_long
FN:79,_RNvNtNtCs4I6j3VtXKYU_20rain_tracker_service5utils5testss_33test_extract_station_id_too_short
FN:71,_RNvNtNtCs4I6j3VtXKYU_20rain_tracker_service5utils5testss_34test_extract_station_id_with_prior
FN:89,_RNvNtNtCs4I6j3VtXKYU_20rain_tracker_service5utils5testss_35test_extract_station_id_non_numeric
FN:48,_RNvNtNtCs4I6j3VtXKYU_20rain_tracker_service5utils5testss_36test_extract_station_id_4digit_clean
FN:43,_RNvNtNtCs4I6j3VtXKYU_20rain_tracker_service5utils5testss_36test_extract_station_id_5digit_clean
FN:94,_RNvNtNtCs4I6j3VtXKYU_20rain_tracker_service5utils5testss_38test_extract_station_id_leading_digits
FN:63,_RNvNtNtCs4I6j3VtXKYU_20rain_tracker_service5utils5testss_41test_extract_station_id_with_installation
FN:58,_RNvNtNtCs4I6j3VtXKYU_20rain_tracker_service5utils5testss_41test_extract_station_id_with_since_4digit
FN:53,_RNvNtNtCs4I6j3VtXKYU_20rain_tracker_service5utils5testss_41test_extract_station_id_with_since_5digit
FN:19,_RNvNtCs4I6j3VtXKYU_20rain_tracker_service5utils18extract_station_id
FN:23,_RNCNvNtCs4I6j3VtXKYU_20rain_tracker_service5utils18extract_station_id0B5_
FN:29,_RNCNvNtCs4I6j3VtXKYU_20rain_tracker_service5utils18extract_station_ids_0B5_
FNDA:10,_RNvNtCs7iCqo0KpDVZ_20rain_tracker_service5utils18extract_station_id
FNDA:45,_RNCNvNtCs7iCqo0KpDVZ_20rain_tracker_service5utils18extract_station_id0B5_
FNDA:0,_RNCNvNtCs7iCqo0KpDVZ_20rain_tracker_service5utils18extract_station_ids_0B5_
FNDA:1,_RNvNtNtCs4I6j3VtXKYU_20rain_tracker_service5utils5testss_32test_extract_station_id_too_long
FNDA:1,_RNvNtNtCs4I6j3VtXKYU_20rain_tracker_service5utils5testss_33test_extract_station_id_too_short
FNDA:1,_RNvNtNtCs4I6j3VtXKYU_20rain_tracker_service5utils5testss_34test_extract_station_id_with_prior
FNDA:1,_RNvNtNtCs4I6j3VtXKYU_20rain_tracker_service5utils5testss_35test_extract_station_id_non_numeric
FNDA:1,_RNvNtNtCs4I6j3VtXKYU_20rain_tracker_service5utils5testss_36test_extract_station_id_4digit_clean
FNDA:1,_RNvNtNtCs4I6j3VtXKYU_20rain_tracker_service5utils5testss_36test_extract_station_id_5digit_clean
FNDA:1,_RNvNtNtCs4I6j3VtXKYU_20rain_tracker_service5utils5testss_38test_extract_station_id_leading_digits
FNDA:1,_RNvNtNtCs4I6j3VtXKYU_20rain_tracker_service5utils5testss_41test_extract_station_id_with_installation
FNDA:1,_RNvNtNtCs4I6j3VtXKYU_20rain_tracker_service5utils5testss_41test_extract_station_id_with_since_4digit
FNDA:1,_RNvNtNtCs4I6j3VtXKYU_20rain_tracker_service5utils5testss_41test_extract_station_id_with_since_5digit
FNDA:39,_RNvNtCs4I6j3VtXKYU_20rain_tracker_service5utils18extract_station_id
FNDA:151,_RNCNvNtCs4I6j3VtXKYU_20rain_tracker_service5utils18extract_station_id0B5_
FNDA:33,_RNCNvNtCs4I6j3VtXKYU_20rain_tracker_service5utils18extract_station_ids_0B5_
FNF:13
FNH:13
DA:19,49
DA:21,49
DA:22,49
DA:23,196
DA:24,40
DA:25,9
DA:29,33
DA:30,9
DA:31,9
DA:32,2
DA:33,7
DA:35,7
DA:36,49
DA:43,1
DA:44,1
DA:45,1
DA:48,1
DA:49,1
DA:50,1
DA:53,1
DA:54,1
DA:55,1
DA:58,1
DA:59,1
DA:60,1
DA:63,1
DA:64,1
DA:65,1
DA:68,1
DA:71,1
DA:72,1
DA:73,1
DA:76,1
DA:79,1
DA:80,1
DA:81,1
DA:84,1
DA:85,1
DA:86,1
DA:89,1
DA:90,1
DA:91,1
DA:94,1
DA:96,1
DA:97,1
BRF:0
BRH:0
LF:47
LH:47
end_of_record
SF:/Users/terry/RustroverProjects/rain-tracker-service/src/workers/fopr_import_worker.rs
FN:69,_RNCNvMNtNtCs7iCqo0KpDVZ_20rain_tracker_service7workers18fopr_import_workerNtB4_16FoprImportWorker16process_next_job0B8_
FN:45,_RNCNvMNtNtCs7iCqo0KpDVZ_20rain_tracker_service7workers18fopr_import_workerNtB4_16FoprImportWorker3run0B8_
FN:69,_RNvMNtNtCs7iCqo0KpDVZ_20rain_tracker_service7workers18fopr_import_workerNtB2_16FoprImportWorker16process_next_job
FN:23,_RNvMNtNtCs7iCqo0KpDVZ_20rain_tracker_service7workers18fopr_import_workerNtB2_16FoprImportWorker3new
FN:45,_RNvMNtNtCs7iCqo0KpDVZ_20rain_tracker_service7workers18fopr_import_workerNtB2_16FoprImportWorker3run
FN:69,_RNCNvMNtNtCs7iCqo0KpDVZ_20rain_tracker_service7workers18fopr_import_workerNtB4_16FoprImportWorker16process_next_job0Csdpfhlhhwi2Y_20rain_tracker_service
FN:45,_RNCNvMNtNtCs7iCqo0KpDVZ_20rain_tracker_service7workers18fopr_import_workerNtB4_16FoprImportWorker3run0Csdpfhlhhwi2Y_20rain_tracker_service
FN:69,_RNCNvMNtNtCs4I6j3VtXKYU_20rain_tracker_service7workers18fopr_import_workerNtB4_16FoprImportWorker16process_next_job0B8_
FN:45,_RNCNvMNtNtCs4I6j3VtXKYU_20rain_tracker_service7workers18fopr_import_workerNtB4_16FoprImportWorker3run0B8_
FN:69,_RNvMNtNtCs4I6j3VtXKYU_20rain_tracker_service7workers18fopr_import_workerNtB2_16FoprImportWorker16process_next_job
FN:23,_RNvMNtNtCs4I6j3VtXKYU_20rain_tracker_service7workers18fopr_import_workerNtB2_16FoprImportWorker3new
FN:45,_RNvMNtNtCs4I6j3VtXKYU_20rain_tracker_service7workers18fopr_import_workerNtB2_16FoprImportWorker3run
FNDA:0,_RNCNvMNtNtCs7iCqo0KpDVZ_20rain_tracker_service7workers18fopr_import_workerNtB4_16FoprImportWorker16process_next_job0B8_
FNDA:0,_RNCNvMNtNtCs7iCqo0KpDVZ_20rain_tracker_service7workers18fopr_import_workerNtB4_16FoprImportWorker3run0B8_
FNDA:0,_RNvMNtNtCs7iCqo0KpDVZ_20rain_tracker_service7workers18fopr_import_workerNtB2_16FoprImportWorker16process_next_job
FNDA:16,_RNvMNtNtCs7iCqo0KpDVZ_20rain_tracker_service7workers18fopr_import_workerNtB2_16FoprImportWorker3new
FNDA:0,_RNvMNtNtCs7iCqo0KpDVZ_20rain_tracker_service7workers18fopr_import_workerNtB2_16FoprImportWorker3run
FNDA:0,_RNCNvMNtNtCs7iCqo0KpDVZ_20rain_tracker_service7workers18fopr_import_workerNtB4_16FoprImportWorker16process_next_job0Csdpfhlhhwi2Y_20rain_tracker_service
FNDA:0,_RNCNvMNtNtCs7iCqo0KpDVZ_20rain_tracker_service7workers18fopr_import_workerNtB4_16FoprImportWorker3run0Csdpfhlhhwi2Y_20rain_tracker_service
FNDA:0,_RNCNvMNtNtCs4I6j3VtXKYU_20rain_tracker_service7workers18fopr_import_workerNtB4_16FoprImportWorker16process_next_job0B8_
FNDA:0,_RNCNvMNtNtCs4I6j3VtXKYU_20rain_tracker_service7workers18fopr_import_workerNtB4_16FoprImportWorker3run0B8_
FNDA:0,_RNvMNtNtCs4I6j3VtXKYU_20rain_tracker_service7workers18fopr_import_workerNtB2_16FoprImportWorker16process_next_job
FNDA:0,_RNvMNtNtCs4I6j3VtXKYU_20rain_tracker_service7workers18fopr_import_workerNtB2_16FoprImportWorker3new
FNDA:0,_RNvMNtNtCs4I6j3VtXKYU_20rain_tracker_service7workers18fopr_import_workerNtB2_16FoprImportWorker3run
FNF:5
FNH:1
DA:23,16
DA:24,16
DA:25,16
DA:26,16
DA:27,16
DA:28,16
DA:29,16
DA:30,16
DA:31,16
DA:32,16
DA:33,16
DA:34,16
DA:35,16
DA:45,0
DA:65,0
DA:69,0
DA:174,0
BRF:0
BRH:0
LF:19
LH:13
end_of_record