SF:/Users/terry/RustroverProjects/rain-tracker-service/src/api.rs
FN:249,_RNCNCNCNvNtCs7iCqo0KpDVZ_20rain_tracker_service3api10get_latest000B9_
FN:256,_RNCNCNCNvNtCs7iCqo0KpDVZ_20rain_tracker_service3api10get_latest00s_0B9_
FN:295,_RNCNCNCNvNtCs7iCqo0KpDVZ_20rain_tracker_service3api14get_all_gauges000B9_
FN:168,_RNCNCNCNvNtCs7iCqo0KpDVZ_20rain_tracker_service3api14get_water_year000B9_
FN:335,_RNCNCNCNvNtCs7iCqo0KpDVZ_20rain_tracker_service3api15get_gauge_by_id000B9_
FN:339,_RNCNCNCNvNtCs7iCqo0KpDVZ_20rain_tracker_service3api15get_gauge_by_id00s_0B9_
FN:210,_RNCNCNCNvNtCs7iCqo0KpDVZ_20rain_tracker_service3api17get_calendar_year000B9_
FN:243,_RNCNvNtCs7iCqo0KpDVZ_20rain_tracker_service3api10get_latest0B5_
FN:96,_RNCNvNtCs7iCqo0KpDVZ_20rain_tracker_service3api12openapi_spec0B5_
FN:285,_RNCNvNtCs7iCqo0KpDVZ_20rain_tracker_service3api14get_all_gauges0B5_
FN:159,_RNCNvNtCs7iCqo0KpDVZ_20rain_tracker_service3api14get_water_year0B5_
FN:328,_RNCNvNtCs7iCqo0KpDVZ_20rain_tracker_service3api15get_gauge_by_id0B5_
FN:201,_RNCNvNtCs7iCqo0KpDVZ_20rain_tracker_service3api17get_calendar_year0B5_
FN:133,_RNCNvNtCs7iCqo0KpDVZ_20rain_tracker_service3api6health0B5_
FN:100,_RNCNvNtCs7iCqo0KpDVZ_20rain_tracker_service3api8redoc_ui0B5_
FN:240,_RNvNtCs7iCqo0KpDVZ_20rain_tracker_service3api10get_latest
FN:96,_RNvNtCs7iCqo0KpDVZ_20rain_tracker_service3api12openapi_spec
FN:28,_RNvNtCs7iCqo0KpDVZ_20rain_tracker_service3api13create_router
FN:282,_RNvNtCs7iCqo0KpDVZ_20rain_tracker_service3api14get_all_gauges
FN:156,_RNvNtCs7iCqo0KpDVZ_20rain_tracker_service3api14get_water_year
FN:325,_RNvNtCs7iCqo0KpDVZ_20rain_tracker_service3api15get_gauge_by_id
FN:198,_RNvNtCs7iCqo0KpDVZ_20rain_tracker_service3api17get_calendar_year
FN:92,_RNvNtCs7iCqo0KpDVZ_20rain_tracker_service3api21generate_openapi_spec
FN:133,_RNvNtCs7iCqo0KpDVZ_20rain_tracker_service3api6health
FN:100,_RNvNtCs7iCqo0KpDVZ_20rain_tracker_service3api8redoc_ui
FN:249,_RNCNCNCNvNtCs4I6j3VtXKYU_20rain_tracker_service3api10get_latest000B9_
FN:256,_RNCNCNCNvNtCs4I6j3VtXKYU_20rain_tracker_service3api10get_latest00s_0B9_
FN:295,_RNCNCNCNvNtCs4I6j3VtXKYU_20rain_tracker_service3api14get_all_gauges000B9_
FN:168,_RNCNCNCNvNtCs4I6j3VtXKYU_20rain_tracker_service3api14get_water_year000B9_
FN:335,_RNCNCNCNvNtCs4I6j3VtXKYU_20rain_tracker_service3api15get_gauge_by_id000B9_
FN:339,_RNCNCNCNvNtCs4I6j3VtXKYU_20rain_tracker_service3api15get_gauge_by_id00s_0B9_
FN:210,_RNCNCNCNvNtCs4I6j3VtXKYU_20rain_tracker_service3api17get_calendar_year000B9_
FN:243,_RNCNvNtCs4I6j3VtXKYU_20rain_tracker_service3api10get_latest0B5_
FN:96,_RNCNvNtCs4I6j3VtXKYU_20rain_tracker_service3api12openapi_spec0B5_
FN:285,_RNCNvNtCs4I6j3VtXKYU_20rain_tracker_service3api14get_all_gauges0B5_
FN:159,_RNCNvNtCs4I6j3VtXKYU_20rain_tracker_service3api14get_water_year0B5_
FN:328,_RNCNvNtCs4I6j3VtXKYU_20rain_tracker_service3api15get_gauge_by_id0B5_
FN:201,_RNCNvNtCs4I6j3VtXKYU_20rain_tracker_service3api17get_calendar_year0B5_
FN:133,_RNCNvNtCs4I6j3VtXKYU_20rain_tracker_service3api6health0B5_
FN:100,_RNCNvNtCs4I6j3VtXKYU_20rain_tracker_service3api8redoc_ui0B5_
FN:240,_RNvNtCs4I6j3VtXKYU_20rain_tracker_service3api10get_latest
FN:96,_RNvNtCs4I6j3VtXKYU_20rain_tracker_service3api12openapi_spec
FN:28,_RNvNtCs4I6j3VtXKYU_20rain_tracker_service3api13create_router
FN:282,_RNvNtCs4I6j3VtXKYU_20rain_tracker_service3api14get_all_gauges
FN:156,_RNvNtCs4I6j3VtXKYU_20rain_tracker_service3api14get_water_year
FN:325,_RNvNtCs4I6j3VtXKYU_20rain_tracker_service3api15get_gauge_by_id
FN:198,_RNvNtCs4I6j3VtXKYU_20rain_tracker_service3api17get_calendar_year
FN:92,_RNvNtCs4I6j3VtXKYU_20rain_tracker_service3api21generate_openapi_spec
FN:133,_RNvNtCs4I6j3VtXKYU_20rain_tracker_service3api6health
FN:100,_RNvNtCs4I6j3VtXKYU_20rain_tracker_service3api8redoc_ui
FNDA:0,_RNCNCNCNvNtCs7iCqo0KpDVZ_20rain_tracker_service3api10get_latest000B9_
FNDA:1,_RNCNCNCNvNtCs7iCqo0KpDVZ_20rain_tracker_service3api10get_latest00s_0B9_
FNDA:0,_RNCNCNCNvNtCs7iCqo0KpDVZ_20rain_tracker_service3api14get_all_gauges000B9_
FNDA:0,_RNCNCNCNvNtCs7iCqo0KpDVZ_20rain_tracker_service3api14get_water_year000B9_
FNDA:0,_RNCNCNCNvNtCs7iCqo0KpDVZ_20rain_tracker_service3api15get_gauge_by_id000B9_
FNDA:1,_RNCNCNCNvNtCs7iCqo0KpDVZ_20rain_tracker_service3api15get_gauge_by_id00s_0B9_
FNDA:0,_RNCNCNCNvNtCs7iCqo0KpDVZ_20rain_tracker_service3api17get_calendar_year000B9_
FNDA:2,_RNCNvNtCs7iCqo0KpDVZ_20rain_tracker_service3api10get_latest0B5_
FNDA:1,_RNCNvNtCs7iCqo0KpDVZ_20rain_tracker_service3api12openapi_spec0B5_
FNDA:2,_RNCNvNtCs7iCqo0KpDVZ_20rain_tracker_service3api14get_all_gauges0B5_
FNDA:1,_RNCNvNtCs7iCqo0KpDVZ_20rain_tracker_service3api14get_water_year0B5_
FNDA:2,_RNCNvNtCs7iCqo0KpDVZ_20rain_tracker_service3api15get_gauge_by_id0B5_
FNDA:1,_RNCNvNtCs7iCqo0KpDVZ_20rain_tracker_service3api17get_calendar_year0B5_
FNDA:1,_RNCNvNtCs7iCqo0KpDVZ_20rain_tracker_service3api6health0B5_
FNDA:1,_RNCNvNtCs7iCqo0KpDVZ_20rain_tracker_service3api8redoc_ui0B5_
FNDA:2,_RNvNtCs7iCqo0KpDVZ_20rain_tracker_service3api10get_latest
FNDA:1,_RNvNtCs7iCqo0KpDVZ_20rain_tracker_service3api12openapi_spec
FNDA:11,_RNvNtCs7iCqo0KpDVZ_20rain_tracker_service3api13create_router
FNDA:2,_RNvNtCs7iCqo0KpDVZ_20rain_tracker_service3api14get_all_gauges
FNDA:1,_RNvNtCs7iCqo0KpDVZ_20rain_tracker_service3api14get_water_year
FNDA:2,_RNvNtCs7iCqo0KpDVZ_20rain_tracker_service3api15get_gauge_by_id
FNDA:1,_RNvNtCs7iCqo0KpDVZ_20rain_tracker_service3api17get_calendar_year
FNDA:1,_RNvNtCs7iCqo0KpDVZ_20rain_tracker_service3api21generate_openapi_spec
FNDA:1,_RNvNtCs7iCqo0KpDVZ_20rain_tracker_service3api6health
FNDA:1,_RNvNtCs7iCqo0KpDVZ_20rain_tracker_service3api8redoc_ui
FNDA:0,_RNCNCNCNvNtCs4I6j3VtXKYU_20rain_tracker_service3api10get_latest000B9_
FNDA:0,_RNCNCNCNvNtCs4I6j3VtXKYU_20rain_tracker_service3api10get_latest00s_0B9_
FNDA:0,_RNCNCNCNvNtCs4I6j3VtXKYU_20rain_tracker_service3api14get_all_gauges000B9_
FNDA:0,_RNCNCNCNvNtCs4I6j3VtXKYU_20rain_tracker_service3api14get_water_year000B9_
FNDA:0,_RNCNCNCNvNtCs4I6j3VtXKYU_20rain_tracker_service3api15get_gauge_by_id000B9_
FNDA:0,_RNCNCNCNvNtCs4I6j3VtXKYU_20rain_tracker_service3api15get_gauge_by_id00s_0B9_
FNDA:0,_RNCNCNCNvNtCs4I6j3VtXKYU_20rain_tracker_service3api17get_calendar_year000B9_
FNDA:0,_RNCNvNtCs4I6j3VtXKYU_20rain_tracker_service3api10get_latest0B5_
FNDA:0,_RNCNvNtCs4I6j3VtXKYU_20rain_tracker_service3api12openapi_spec0B5_
FNDA:0,_RNCNvNtCs4I6j3VtXKYU_20rain_tracker_service3api14get_all_gauges0B5_
FNDA:0,_RNCNvNtCs4I6j3VtXKYU_20rain_tracker_service3api14get_water_year0B5_
FNDA:0,_RNCNvNtCs4I6j3VtXKYU_20rain_tracker_service3api15get_gauge_by_id0B5_
FNDA:0,_RNCNvNtCs4I6j3VtXKYU_20rain_tracker_service3api17get_calendar_year0B5_
FNDA:0,_RNCNvNtCs4I6j3VtXKYU_20rain_tracker_service3api6health0B5_
FNDA:0,_RNCNvNtCs4I6j3VtXKYU_20rain_tracker_service3api8redoc_ui0B5_
FNDA:0,_RNvNtCs4I6j3VtXKYU_20rain_tracker_service3api10get_latest
FNDA:0,_RNvNtCs4I6j3VtXKYU_20rain_tracker_service3api12openapi_spec
FNDA:0,_RNvNtCs4I6j3VtXKYU_20rain_tracker_service3api13create_router
FNDA:0,_RNvNtCs4I6j3VtXKYU_20rain_tracker_service3api14get_all_gauges
FNDA:0,_RNvNtCs4I6j3VtXKYU_20rain_tracker_service3api14get_water_year
FNDA:0,_RNvNtCs4I6j3VtXKYU_20rain_tracker_service3api15get_gauge_by_id
FNDA:0,_RNvNtCs4I6j3VtXKYU_20rain_tracker_service3api17get_calendar_year
FNDA:0,_RNvNtCs4I6j3VtXKYU_20rain_tracker_service3api21generate_openapi_spec
FNDA:0,_RNvNtCs4I6j3VtXKYU_20rain_tracker_service3api6health
FNDA:0,_RNvNtCs4I6j3VtXKYU_20rain_tracker_service3api8redoc_ui
FNF:25
FNH:20
DA:28,11
DA:29,11
DA:30,11
DA:31,11
DA:32,11
DA:33,11
DA:35,11
DA:36,11
DA:37,11
DA:39,11
DA:40,11
DA:41,11
DA:42,11
DA:44,11
DA:45,11
DA:46,11
DA:47,11
DA:48,11
DA:92,1
DA:93,1
DA:94,1
DA:96,1
DA:97,1
DA:98,1
DA:100,1
DA:101,1
DA:102,1
DA:103,1
DA:104,1
DA:105,1
DA:106,1
DA:107,1
DA:108,1
DA:109,1
DA:110,1
DA:111,1
DA:112,1
DA:113,1
DA:114,1
DA:115,1
DA:116,1
DA:117,1
DA:118,1
DA:119,1
DA:120,1
DA:121,1
DA:122,1
DA:133,1
DA:140,1
DA:156,1
DA:157,1
DA:158,1
DA:159,1
DA:168,0
DA:169,0
DA:170,0
DA:173,0
DA:174,0
DA:182,1
DA:198,1
DA:199,1
DA:200,1
DA:201,1
DA:210,0
DA:211,0
DA:212,0
DA:215,0
DA:216,0
DA:224,1
DA:240,2
DA:241,2
DA:242,2
DA:243,2
DA:249,0
DA:250,0
DA:251,0
DA:254,0
DA:255,0
DA:256,1
DA:257,1
DA:258,1
DA:259,1
DA:267,2
DA:282,2
DA:283,2
DA:284,2
DA:285,2
DA:295,0
DA:296,0
DA:297,0
DA:298,0
DA:309,2
DA:325,2
DA:326,2
DA:327,2
DA:328,2
DA:335,0
DA:336,0
DA:337,0
DA:338,0
DA:339,1
DA:340,1
DA:341,1
DA:342,1
DA:346,2
BRF:0
BRH:0
LF:113
LH:90
end_of_record
SF:/Users/terry/RustroverProjects/rain-tracker-service/src/bin/check_gauge.rs
FN:151,_RNCNCNvCshG6PWvhSQlR_11check_gauge4main0s8_0B5_
FN:17,_RNCNvCshG6PWvhSQlR_11check_gauge4main0B3_
FN:17,_RNvCshG6PWvhSQlR_11check_gauge4main
FN:151,_RNCNCNvCshcH33ULiCEB_11check_gauge4main0s8_0B5_
FN:17,_RNCNvCshcH33ULiCEB_11check_gauge4main0B3_
FN:17,_RNvCshcH33ULiCEB_11check_gauge4main
FNDA:0,_RNCNCNvCshG6PWvhSQlR_11check_gauge4main0s8_0B5_
FNDA:0,_RNCNvCshG6PWvhSQlR_11check_gauge4main0B3_
FNDA:0,_RNvCshG6PWvhSQlR_11check_gauge4main
FNDA:0,_RNCNCNvCshcH33ULiCEB_11check_gauge4main0s8_0B5_
FNDA:0,_RNCNvCshcH33ULiCEB_11check_gauge4main0B3_
FNDA:0,_RNvCshcH33ULiCEB_11check_gauge4main
FNF:3
FNH:0
DA:17,0
DA:18,0
DA:19,0
DA:21,0
DA:22,0
DA:23,0
DA:24,0
DA:26,0
DA:29,0
DA:39,0
DA:40,0
DA:42,0
DA:43,0
DA:44,0
DA:45,0
DA:48,0
DA:56,0
DA:57,0
DA:59,0
DA:62,0
DA:72,0
DA:73,0
DA:75,0
DA:76,0
DA:81,0
DA:91,0
DA:92,0
DA:94,0
DA:95,0
DA:96,0
DA:97,0
DA:98,0
DA:99,0
DA:100,0
DA:103,0
DA:104,0
DA:105,0
DA:106,0
DA:107,0
DA:108,0
DA:109,0
DA:110,0
DA:111,0
DA:112,0
DA:113,0
DA:115,0
DA:116,0
DA:117,0
DA:118,0
DA:121,0
DA:122,0
DA:123,0
DA:124,0
DA:125,0
DA:126,0
DA:127,0
DA:128,0
DA:129,0
DA:130,0
DA:131,0
DA:133,0
DA:134,0
DA:135,0
DA:137,0
DA:138,0
DA:139,0
DA:140,0
DA:141,0
DA:143,0
DA:146,0
DA:147,0
DA:148,0
DA:149,0
DA:150,0
DA:151,0
DA:152,0
DA:153,0
DA:156,0
DA:157,0
BRF:0
BRH:0
LF:82
LH:0
end_of_record
SF:/Users/terry/RustroverProjects/rain-tracker-service/src/bin/check_gauges.rs
FN:10,_RNCNvCseMYvIYoIfwb_12check_gauges4main0B3_
FN:25,_RNCNvCseMYvIYoIfwb_12check_gauges4mains0_0B3_
FN:39,_RNCNvCseMYvIYoIfwb_12check_gauges4mains1_0B3_
FN:15,_RNCNvCseMYvIYoIfwb_12check_gauges4mains_0B3_
FN:3,_RNvCseMYvIYoIfwb_12check_gauges4main
FN:10,_RNCNvCsgbgIV4MKTsN_12check_gauges4main0B3_
FN:25,_RNCNvCsgbgIV4MKTsN_12check_gauges4mains0_0B3_
FN:39,_RNCNvCsgbgIV4MKTsN_12check_gauges4mains1_0B3_
FN:15,_RNCNvCsgbgIV4MKTsN_12check_gauges4mains_0B3_
FN:3,_RNvCsgbgIV4MKTsN_12check_gauges4main
FNDA:0,_RNCNvCseMYvIYoIfwb_12check_gauges4main0B3_
FNDA:0,_RNCNvCseMYvIYoIfwb_12check_gauges4mains0_0B3_
FNDA:0,_RNCNvCseMYvIYoIfwb_12check_gauges4mains1_0B3_
FNDA:0,_RNCNvCseMYvIYoIfwb_12check_gauges4mains_0B3_
FNDA:0,_RNvCseMYvIYoIfwb_12check_gauges4main
FNDA:0,_RNCNvCsgbgIV4MKTsN_12check_gauges4main0B3_
FNDA:0,_RNCNvCsgbgIV4MKTsN_12check_gauges4mains0_0B3_
FNDA:0,_RNCNvCsgbgIV4MKTsN_12check_gauges4mains1_0B3_
FNDA:0,_RNCNvCsgbgIV4MKTsN_12check_gauges4mains_0B3_
FNDA:0,_RNvCsgbgIV4MKTsN_12check_gauges4main
FNF:5
FNH:0
DA:3,0
DA:4,0
DA:5,0
DA:8,0
DA:9,0
DA:10,0
DA:11,0
DA:13,0
DA:14,0
DA:15,0
DA:16,0
DA:18,0
DA:19,0
DA:20,0
DA:21,0
DA:22,0
DA:23,0
DA:24,0
DA:25,0
DA:26,0
DA:27,0
DA:28,0
DA:30,0
DA:32,0
DA:33,0
DA:34,0
DA:35,0
DA:36,0
DA:37,0
DA:38,0
DA:39,0
DA:40,0
DA:41,0
DA:42,0
DA:44,0
DA:45,0
DA:47,0
DA:48,0
BRF:0
BRH:0
LF:42
LH:0
end_of_record
SF:/Users/terry/RustroverProjects/rain-tracker-service/src/bin/cleanup_pdf_data.rs
FN:4,_RNCNvCsiM8Jf8Ngqyn_16cleanup_pdf_data4main0B3_
FN:4,_RNvCsiM8Jf8Ngqyn_16cleanup_pdf_data4main
FN:4,_RNCNvCsflO90TXlLTh_16cleanup_pdf_data4main0B3_
FN:4,_RNvCsflO90TXlLTh_16cleanup_pdf_data4main
FNDA:0,_RNCNvCsiM8Jf8Ngqyn_16cleanup_pdf_data4main0B3_
FNDA:0,_RNvCsiM8Jf8Ngqyn_16cleanup_pdf_data4main
FNDA:0,_RNCNvCsflO90TXlLTh_16cleanup_pdf_data4main0B3_
FNDA:0,_RNvCsflO90TXlLTh_16cleanup_pdf_data4main
FNF:2
FNH:0
DA:4,0
DA:5,0
DA:7,0
DA:8,0
DA:9,0
DA:10,0
DA:11,0
DA:13,0
DA:14,0
DA:15,0
DA:16,0
DA:18,0
DA:20,0
DA:21,0
BRF:0
BRH:0
LF:16
LH:0
end_of_record
SF:/Users/terry/RustroverProjects/rain-tracker-service/src/bin/examine_fopr.rs
FN:39,_RNCNvCs8T7C7yQZq0N_12examine_fopr4main0B3_
FN:4,_RNvCs8T7C7yQZq0N_12examine_fopr4main
FN:4,_RNvCs7TeQsbjdJd2_12examine_fopr4main
FN:39,_RNCNvCs7TeQsbjdJd2_12examine_fopr4main0B3_
FNDA:0,_RNCNvCs8T7C7yQZq0N_12examine_fopr4main0B3_
FNDA:0,_RNvCs8T7C7yQZq0N_12examine_fopr4main
FNDA:0,_RNvCs7TeQsbjdJd2_12examine_fopr4main
FNDA:0,_RNCNvCs7TeQsbjdJd2_12examine_fopr4main0B3_
FNF:2
FNH:0
DA:4,0
DA:5,0
DA:6,0
DA:7,0
DA:9,0
DA:12,0
DA:13,0
DA:15,0
DA:16,0
DA:17,0
DA:18,0
DA:21,0
DA:22,0
DA:25,0
DA:28,0
DA:29,0
DA:31,0
DA:33,0
DA:34,0
DA:35,0
DA:37,0
DA:39,0
DA:40,0
DA:41,0
DA:42,0
DA:43,0
DA:44,0
DA:45,0
DA:46,0
DA:47,0
DA:49,0
DA:50,0
DA:54,0
DA:55,0
DA:56,0
DA:57,0
DA:58,0
DA:59,0
DA:60,0
DA:61,0
DA:63,0
DA:65,0
DA:66,0
BRF:0
BRH:0
LF:44
LH:0
end_of_record
SF:/Users/terry/RustroverProjects/rain-tracker-service/src/bin/generate-openapi.rs
FN:4,_RNvCseo76KAVFoYV_16generate_openapi4main
FN:4,_RNvCsi5RTaF9ZD34_16generate_openapi4main
FNDA:0,_RNvCseo76KAVFoYV_16generate_openapi4main
FNDA:0,_RNvCsi5RTaF9ZD34_16generate_openapi4main
FNF:1
FNH:0
DA:4,0
DA:5,0
DA:6,0
DA:8,0
DA:9,0
DA:10,0
BRF:0
BRH:0
LF:6
LH:0
end_of_record
SF:/Users/terry/RustroverProjects/rain-tracker-service/src/bin/historical_import.rs
FN:656,_RNCNCNCNvCsiQXDVBjr1mq_17historical_import11import_fopr000B7_
FN:663,_RNCNCNCNvCsiQXDVBjr1mq_17historical_import11import_fopr00s0_0B7_
FN:660,_RNCNCNCNvCsiQXDVBjr1mq_17historical_import11import_fopr00s_0B7_
FN:1042,_RNCNCNCNvCsiQXDVBjr1mq_17historical_import16bulk_fopr_import000B7_
FN:468,_RNCNCNvCsiQXDVBjr1mq_17historical_import10import_pdf00B5_
FN:506,_RNCNCNvCsiQXDVBjr1mq_17historical_import10import_pdf0s_0B5_
FN:650,_RNCNCNvCsiQXDVBjr1mq_17historical_import11import_fopr00B5_
FN:669,_RNCNCNvCsiQXDVBjr1mq_17historical_import11import_fopr0s0_0B5_
FN:702,_RNCNCNvCsiQXDVBjr1mq_17historical_import11import_fopr0s1_0B5_
FN:668,_RNCNCNvCsiQXDVBjr1mq_17historical_import11import_fopr0s_0B5_
FN:281,_RNCNCNvCsiQXDVBjr1mq_17historical_import12import_excel00B5_
FN:317,_RNCNCNvCsiQXDVBjr1mq_17historical_import12import_excel0s_0B5_
FN:1287,_RNCNCNvCsiQXDVBjr1mq_17historical_import15load_water_year00B5_
FN:1370,_RNCNCNvCsiQXDVBjr1mq_17historical_import15load_water_year0s_0B5_
FN:1039,_RNCNCNvCsiQXDVBjr1mq_17historical_import16bulk_fopr_import00B5_
FN:1684,_RNCNCNvCsiQXDVBjr1mq_17historical_import19print_gauge_summarys_00B5_
FN:1542,_RNCNCNvCsiQXDVBjr1mq_17historical_import21insert_readings_batch00B5_
FN:148,_RNCNCNvCsiQXDVBjr1mq_17historical_import4main00B5_
FN:430,_RNCNvCsiQXDVBjr1mq_17historical_import10import_pdf0B3_
FN:618,_RNCNvCsiQXDVBjr1mq_17historical_import11import_fopr0B3_
FN:240,_RNCNvCsiQXDVBjr1mq_17historical_import12import_excel0B3_
FN:1442,_RNCNvCsiQXDVBjr1mq_17historical_import15load_bulk_years0B3_
FN:960,_RNCNvCsiQXDVBjr1mq_17historical_import15load_gauge_list0B3_
FN:962,_RNCNvCsiQXDVBjr1mq_17historical_import15load_gauge_lists0_0B3_
FN:961,_RNCNvCsiQXDVBjr1mq_17historical_import15load_gauge_lists_0B3_
FN:1202,_RNCNvCsiQXDVBjr1mq_17historical_import15load_water_year0B3_
FN:978,_RNCNvCsiQXDVBjr1mq_17historical_import16bulk_fopr_import0B3_
FN:1657,_RNCNvCsiQXDVBjr1mq_17historical_import19print_gauge_summary0B3_
FN:1667,_RNCNvCsiQXDVBjr1mq_17historical_import19print_gauge_summarys_0B3_
FN:1524,_RNCNvCsiQXDVBjr1mq_17historical_import21insert_readings_batch0B3_
FN:836,_RNCNvCsiQXDVBjr1mq_17historical_import24download_and_import_fopr0B3_
FN:1120,_RNCNvCsiQXDVBjr1mq_17historical_import31download_and_import_fopr_silent0B3_
FN:140,_RNCNvCsiQXDVBjr1mq_17historical_import4main0B3_
FN:424,_RNvCsiQXDVBjr1mq_17historical_import10import_pdf
FN:613,_RNvCsiQXDVBjr1mq_17historical_import11import_fopr
FN:235,_RNvCsiQXDVBjr1mq_17historical_import12import_excel
FN:1707,_RNvCsiQXDVBjr1mq_17historical_import13print_summary
FN:1435,_RNvCsiQXDVBjr1mq_17historical_import15load_bulk_years
FN:954,_RNvCsiQXDVBjr1mq_17historical_import15load_gauge_list
FN:1196,_RNvCsiQXDVBjr1mq_17historical_import15load_water_year
FN:970,_RNvCsiQXDVBjr1mq_17historical_import16bulk_fopr_import
FN:1749,_RNvCsiQXDVBjr1mq_17historical_import16month_date_range
FN:1631,_RNvCsiQXDVBjr1mq_17historical_import19print_gauge_summary
FN:1511,_RNvCsiQXDVBjr1mq_17historical_import21insert_readings_batch
FN:830,_RNvCsiQXDVBjr1mq_17historical_import24download_and_import_fopr
FN:93,_RNvCsiQXDVBjr1mq_17historical_import27calculate_cumulative_values
FN:909,_RNvCsiQXDVBjr1mq_17historical_import31discover_gauges_from_water_year
FN:1115,_RNvCsiQXDVBjr1mq_17historical_import31download_and_import_fopr_silent
FN:1145,_RNvCsiQXDVBjr1mq_17historical_import35calculate_cumulative_values_monthly
FN:140,_RNvCsiQXDVBjr1mq_17historical_import4main
FN:424,_RNvCs30uj6WIuzt3_17historical_import10import_pdf
FN:613,_RNvCs30uj6WIuzt3_17historical_import11import_fopr
FN:235,_RNvCs30uj6WIuzt3_17historical_import12import_excel
FN:1707,_RNvCs30uj6WIuzt3_17historical_import13print_summary
FN:1435,_RNvCs30uj6WIuzt3_17historical_import15load_bulk_years
FN:954,_RNvCs30uj6WIuzt3_17historical_import15load_gauge_list
FN:1196,_RNvCs30uj6WIuzt3_17historical_import15load_water_year
FN:970,_RNvCs30uj6WIuzt3_17historical_import16bulk_fopr_import
FN:1749,_RNvCs30uj6WIuzt3_17historical_import16month_date_range
FN:1631,_RNvCs30uj6WIuzt3_17historical_import19print_gauge_summary
FN:1511,_RNvCs30uj6WIuzt3_17historical_import21insert_readings_batch
FN:830,_RNvCs30uj6WIuzt3_17historical_import24download_and_import_fopr
FN:93,_RNvCs30uj6WIuzt3_17historical_import27calculate_cumulative_values
FN:909,_RNvCs30uj6WIuzt3_17historical_import31discover_gauges_from_water_year
FN:1115,_RNvCs30uj6WIuzt3_17historical_import31download_and_import_fopr_silent
FN:1145,_RNvCs30uj6WIuzt3_17historical_import35calculate_cumulative_values_monthly
FN:140,_RNvCs30uj6WIuzt3_17historical_import4main
FN:656,_RNCNCNCNvCs30uj6WIuzt3_17historical_import11import_fopr000B7_
FN:663,_RNCNCNCNvCs30uj6WIuzt3_17historical_import11import_fopr00s0_0B7_
FN:660,_RNCNCNCNvCs30uj6WIuzt3_17historical_import11import_fopr00s_0B7_
FN:1042,_RNCNCNCNvCs30uj6WIuzt3_17historical_import16bulk_fopr_import000B7_
FN:468,_RNCNCNvCs30uj6WIuzt3_17historical_import10import_pdf00B5_
FN:506,_RNCNCNvCs30uj6WIuzt3_17historical_import10import_pdf0s_0B5_
FN:650,_RNCNCNvCs30uj6WIuzt3_17historical_import11import_fopr00B5_
FN:669,_RNCNCNvCs30uj6WIuzt3_17historical_import11import_fopr0s0_0B5_
FN:702,_RNCNCNvCs30uj6WIuzt3_17historical_import11import_fopr0s1_0B5_
FN:668,_RNCNCNvCs30uj6WIuzt3_17historical_import11import_fopr0s_0B5_
FN:281,_RNCNCNvCs30uj6WIuzt3_17historical_import12import_excel00B5_
FN:317,_RNCNCNvCs30uj6WIuzt3_17historical_import12import_excel0s_0B5_
FN:1287,_RNCNCNvCs30uj6WIuzt3_17historical_import15load_water_year00B5_
FN:1370,_RNCNCNvCs30uj6WIuzt3_17historical_import15load_water_year0s_0B5_
FN:1039,_RNCNCNvCs30uj6WIuzt3_17historical_import16bulk_fopr_import00B5_
FN:1684,_RNCNCNvCs30uj6WIuzt3_17historical_import19print_gauge_summarys_00B5_
FN:1542,_RNCNCNvCs30uj6WIuzt3_17historical_import21insert_readings_batch00B5_
FN:148,_RNCNCNvCs30uj6WIuzt3_17historical_import4main00B5_
FN:430,_RNCNvCs30uj6WIuzt3_17historical_import10import_pdf0B3_
FN:618,_RNCNvCs30uj6WIuzt3_17historical_import11import_fopr0B3_
FN:240,_RNCNvCs30uj6WIuzt3_17historical_import12import_excel0B3_
FN:1442,_RNCNvCs30uj6WIuzt3_17historical_import15load_bulk_years0B3_
FN:960,_RNCNvCs30uj6WIuzt3_17historical_import15load_gauge_list0B3_
FN:962,_RNCNvCs30uj6WIuzt3_17historical_import15load_gauge_lists0_0B3_
FN:961,_RNCNvCs30uj6WIuzt3_17historical_import15load_gauge_lists_0B3_
FN:1202,_RNCNvCs30uj6WIuzt3_17historical_import15load_water_year0B3_
FN:978,_RNCNvCs30uj6WIuzt3_17historical_import16bulk_fopr_import0B3_
FN:1657,_RNCNvCs30uj6WIuzt3_17historical_import19print_gauge_summary0B3_
FN:1667,_RNCNvCs30uj6WIuzt3_17historical_import19print_gauge_summarys_0B3_
FN:1524,_RNCNvCs30uj6WIuzt3_17historical_import21insert_readings_batch0B3_
FN:836,_RNCNvCs30uj6WIuzt3_17historical_import24download_and_import_fopr0B3_
FN:1120,_RNCNvCs30uj6WIuzt3_17historical_import31download_and_import_fopr_silent0B3_
FN:140,_RNCNvCs30uj6WIuzt3_17historical_import4main0B3_
FNDA:0,_RNCNCNCNvCsiQXDVBjr1mq_17historical_import11import_fopr000B7_
FNDA:0,_RNCNCNCNvCsiQXDVBjr1mq_17historical_import11import_fopr00s0_0B7_
FNDA:0,_RNCNCNCNvCsiQXDVBjr1mq_17historical_import11import_fopr00s_0B7_
FNDA:0,_RNCNCNCNvCsiQXDVBjr1mq_17historical_import16bulk_fopr_import000B7_
FNDA:0,_RNCNCNvCsiQXDVBjr1mq_17historical_import10import_pdf00B5_
FNDA:0,_RNCNCNvCsiQXDVBjr1mq_17historical_import10import_pdf0s_0B5_
FNDA:0,_RNCNCNvCsiQXDVBjr1mq_17historical_import11import_fopr00B5_
FNDA:0,_RNCNCNvCsiQXDVBjr1mq_17historical_import11import_fopr0s0_0B5_
FNDA:0,_RNCNCNvCsiQXDVBjr1mq_17historical_import11import_fopr0s1_0B5_
FNDA:0,_RNCNCNvCsiQXDVBjr1mq_17historical_import11import_fopr0s_0B5_
FNDA:0,_RNCNCNvCsiQXDVBjr1mq_17historical_import12import_excel00B5_
FNDA:0,_RNCNCNvCsiQXDVBjr1mq_17historical_import12import_excel0s_0B5_
FNDA:0,_RNCNCNvCsiQXDVBjr1mq_17historical_import15load_water_year00B5_
FNDA:0,_RNCNCNvCsiQXDVBjr1mq_17historical_import15load_water_year0s_0B5_
FNDA:0,_RNCNCNvCsiQXDVBjr1mq_17historical_import16bulk_fopr_import00B5_
FNDA:0,_RNCNCNvCsiQXDVBjr1mq_17historical_import19print_gauge_summarys_00B5_
FNDA:0,_RNCNCNvCsiQXDVBjr1mq_17historical_import21insert_readings_batch00B5_
FNDA:0,_RNCNCNvCsiQXDVBjr1mq_17historical_import4main00B5_
FNDA:0,_RNCNvCsiQXDVBjr1mq_17historical_import10import_pdf0B3_
FNDA:0,_RNCNvCsiQXDVBjr1mq_17historical_import11import_fopr0B3_
FNDA:0,_RNCNvCsiQXDVBjr1mq_17historical_import12import_excel0B3_
FNDA:0,_RNCNvCsiQXDVBjr1mq_17historical_import15load_bulk_years0B3_
FNDA:0,_RNCNvCsiQXDVBjr1mq_17historical_import15load_gauge_list0B3_
FNDA:0,_RNCNvCsiQXDVBjr1mq_17historical_import15load_gauge_lists0_0B3_
FNDA:0,_RNCNvCsiQXDVBjr1mq_17historical_import15load_gauge_lists_0B3_
FNDA:0,_RNCNvCsiQXDVBjr1mq_17historical_import15load_water_year0B3_
FNDA:0,_RNCNvCsiQXDVBjr1mq_17historical_import16bulk_fopr_import0B3_
FNDA:0,_RNCNvCsiQXDVBjr1mq_17historical_import19print_gauge_summary0B3_
FNDA:0,_RNCNvCsiQXDVBjr1mq_17historical_import19print_gauge_summarys_0B3_
FNDA:0,_RNCNvCsiQXDVBjr1mq_17historical_import21insert_readings_batch0B3_
FNDA:0,_RNCNvCsiQXDVBjr1mq_17historical_import24download_and_import_fopr0B3_
FNDA:0,_RNCNvCsiQXDVBjr1mq_17historical_import31download_and_import_fopr_silent0B3_
FNDA:0,_RNCNvCsiQXDVBjr1mq_17historical_import4main0B3_
FNDA:0,_RNvCsiQXDVBjr1mq_17historical_import10import_pdf
FNDA:0,_RNvCsiQXDVBjr1mq_17historical_import11import_fopr
FNDA:0,_RNvCsiQXDVBjr1mq_17historical_import12import_excel
FNDA:0,_RNvCsiQXDVBjr1mq_17historical_import13print_summary
FNDA:0,_RNvCsiQXDVBjr1mq_17historical_import15load_bulk_years
FNDA:0,_RNvCsiQXDVBjr1mq_17historical_import15load_gauge_list
FNDA:0,_RNvCsiQXDVBjr1mq_17historical_import15load_water_year
FNDA:0,_RNvCsiQXDVBjr1mq_17historical_import16bulk_fopr_import
FNDA:0,_RNvCsiQXDVBjr1mq_17historical_import16month_date_range
FNDA:0,_RNvCsiQXDVBjr1mq_17historical_import19print_gauge_summary
FNDA:0,_RNvCsiQXDVBjr1mq_17historical_import21insert_readings_batch
FNDA:0,_RNvCsiQXDVBjr1mq_17historical_import24download_and_import_fopr
FNDA:0,_RNvCsiQXDVBjr1mq_17historical_import27calculate_cumulative_values
FNDA:0,_RNvCsiQXDVBjr1mq_17historical_import31discover_gauges_from_water_year
FNDA:0,_RNvCsiQXDVBjr1mq_17historical_import31download_and_import_fopr_silent
FNDA:0,_RNvCsiQXDVBjr1mq_17historical_import35calculate_cumulative_values_monthly
FNDA:0,_RNvCsiQXDVBjr1mq_17historical_import4main
FNDA:0,_RNvCs30uj6WIuzt3_17historical_import10import_pdf
FNDA:0,_RNvCs30uj6WIuzt3_17historical_import11import_fopr
FNDA:0,_RNvCs30uj6WIuzt3_17historical_import12import_excel
FNDA:0,_RNvCs30uj6WIuzt3_17historical_import13print_summary
FNDA:0,_RNvCs30uj6WIuzt3_17historical_import15load_bulk_years
FNDA:0,_RNvCs30uj6WIuzt3_17historical_import15load_gauge_list
FNDA:0,_RNvCs30uj6WIuzt3_17historical_import15load_water_year
FNDA:0,_RNvCs30uj6WIuzt3_17historical_import16bulk_fopr_import
FNDA:0,_RNvCs30uj6WIuzt3_17historical_import16month_date_range
FNDA:0,_RNvCs30uj6WIuzt3_17historical_import19print_gauge_summary
FNDA:0,_RNvCs30uj6WIuzt3_17historical_import21insert_readings_batch
FNDA:0,_RNvCs30uj6WIuzt3_17historical_import24download_and_import_fopr
FNDA:0,_RNvCs30uj6WIuzt3_17historical_import27calculate_cumulative_values
FNDA:0,_RNvCs30uj6WIuzt3_17historical_import31discover_gauges_from_water_year
FNDA:0,_RNvCs30uj6WIuzt3_17historical_import31download_and_import_fopr_silent
FNDA:0,_RNvCs30uj6WIuzt3_17historical_import35calculate_cumulative_values_monthly
FNDA:0,_RNvCs30uj6WIuzt3_17historical_import4main
FNDA:0,_RNCNCNCNvCs30uj6WIuzt3_17historical_import11import_fopr000B7_
FNDA:0,_RNCNCNCNvCs30uj6WIuzt3_17historical_import11import_fopr00s0_0B7_
FNDA:0,_RNCNCNCNvCs30uj6WIuzt3_17historical_import11import_fopr00s_0B7_
FNDA:0,_RNCNCNCNvCs30uj6WIuzt3_17historical_import16bulk_fopr_import000B7_
FNDA:0,_RNCNCNvCs30uj6WIuzt3_17historical_import10import_pdf00B5_
FNDA:0,_RNCNCNvCs30uj6WIuzt3_17historical_import10import_pdf0s_0B5_
FNDA:0,_RNCNCNvCs30uj6WIuzt3_17historical_import11import_fopr00B5_
FNDA:0,_RNCNCNvCs30uj6WIuzt3_17historical_import11import_fopr0s0_0B5_
FNDA:0,_RNCNCNvCs30uj6WIuzt3_17historical_import11import_fopr0s1_0B5_
FNDA:0,_RNCNCNvCs30uj6WIuzt3_17historical_import11import_fopr0s_0B5_
FNDA:0,_RNCNCNvCs30uj6WIuzt3_17historical_import12import_excel00B5_
FNDA:0,_RNCNCNvCs30uj6WIuzt3_17historical_import12import_excel0s_0B5_
FNDA:0,_RNCNCNvCs30uj6WIuzt3_17historical_import15load_water_year00B5_
FNDA:0,_RNCNCNvCs30uj6WIuzt3_17historical_import15load_water_year0s_0B5_
FNDA:0,_RNCNCNvCs30uj6WIuzt3_17historical_import16bulk_fopr_import00B5_
FNDA:0,_RNCNCNvCs30uj6WIuzt3_17historical_import19print_gauge_summarys_00B5_
FNDA:0,_RNCNCNvCs30uj6WIuzt3_17historical_import21insert_readings_batch00B5_
FNDA:0,_RNCNCNvCs30uj6WIuzt3_17historical_import4main00B5_
FNDA:0,_RNCNvCs30uj6WIuzt3_17historical_import10import_pdf0B3_
FNDA:0,_RNCNvCs30uj6WIuzt3_17historical_import11import_fopr0B3_
FNDA:0,_RNCNvCs30uj6WIuzt3_17historical_import12import_excel0B3_
FNDA:0,_RNCNvCs30uj6WIuzt3_17historical_import15load_bulk_years0B3_
FNDA:0,_RNCNvCs30uj6WIuzt3_17historical_import15load_gauge_list0B3_
FNDA:0,_RNCNvCs30uj6WIuzt3_17historical_import15load_gauge_lists0_0B3_
FNDA:0,_RNCNvCs30uj6WIuzt3_17historical_import15load_gauge_lists_0B3_
FNDA:0,_RNCNvCs30uj6WIuzt3_17historical_import15load_water_year0B3_
FNDA:0,_RNCNvCs30uj6WIuzt3_17historical_import16bulk_fopr_import0B3_
FNDA:0,_RNCNvCs30uj6WIuzt3_17historical_import19print_gauge_summary0B3_
FNDA:0,_RNCNvCs30uj6WIuzt3_17historical_import19print_gauge_summarys_0B3_
FNDA:0,_RNCNvCs30uj6WIuzt3_17historical_import21insert_readings_batch0B3_
FNDA:0,_RNCNvCs30uj6WIuzt3_17historical_import24download_and_import_fopr0B3_
FNDA:0,_RNCNvCs30uj6WIuzt3_17historical_import31download_and_import_fopr_silent0B3_
FNDA:0,_RNCNvCs30uj6WIuzt3_17historical_import4main0B3_
FNF:50
FNH:0
DA:93,0
DA:94,0
DA:95,0
DA:96,0
DA:98,0
DA:99,0
DA:100,0
DA:101,0
DA:102,0
DA:103,0
DA:104,0
DA:106,0
DA:109,0
DA:111,0
DA:114,0
DA:115,0
DA:117,0
DA:119,0
DA:120,0
DA:121,0
DA:122,0
DA:124,0
DA:126,0
DA:127,0
DA:128,0
DA:129,0
DA:130,0
DA:131,0
DA:132,0
DA:136,0
DA:137,0
DA:140,0
DA:142,0
DA:145,0
DA:146,0
DA:147,0
DA:148,0
DA:150,0
DA:152,0
DA:155,0
DA:156,0
DA:157,0
DA:158,0
DA:159,0
DA:161,0
DA:162,0
DA:163,0
DA:164,0
DA:165,0
DA:166,0
DA:168,0
DA:169,0
DA:170,0
DA:171,0
DA:172,0
DA:173,0
DA:174,0
DA:175,0
DA:176,0
DA:177,0
DA:178,0
DA:179,0
DA:180,0
DA:181,0
DA:183,0
DA:184,0
DA:185,0
DA:186,0
DA:187,0
DA:188,0
DA:190,0
DA:191,0
DA:192,0
DA:193,0
DA:194,0
DA:196,0
DA:197,0
DA:198,0
DA:199,0
DA:200,0
DA:201,0
DA:203,0
DA:204,0
DA:205,0
DA:206,0
DA:207,0
DA:208,0
DA:210,0
DA:211,0
DA:212,0
DA:213,0
DA:214,0
DA:215,0
DA:216,0
DA:217,0
DA:218,0
DA:219,0
DA:220,0
DA:223,0
DA:224,0
DA:225,0
DA:226,0
DA:227,0
DA:231,0
DA:232,0
DA:233,0
DA:235,0
DA:236,0
DA:237,0
DA:238,0
DA:239,0
DA:240,0
DA:241,0
DA:243,0
DA:244,0
DA:247,0
DA:248,0
DA:249,0
DA:250,0
DA:253,0
DA:254,0
DA:255,0
DA:256,0
DA:257,0
DA:258,0
DA:260,0
DA:262,0
DA:263,0
DA:264,0
DA:265,0
DA:266,0
DA:267,0
DA:268,0
DA:271,0
DA:272,0
DA:273,0
DA:274,0
DA:275,0
DA:276,0
DA:277,0
DA:279,0
DA:281,0
DA:282,0
DA:283,0
DA:284,0
DA:285,0
DA:287,0
DA:288,0
DA:289,0
DA:292,0
DA:293,0
DA:294,0
DA:295,0
DA:298,0
DA:299,0
DA:300,0
DA:301,0
DA:302,0
DA:303,0
DA:304,0
DA:305,0
DA:308,0
DA:309,0
DA:310,0
DA:313,0
DA:315,0
DA:317,0
DA:318,0
DA:319,0
DA:321,0
DA:323,0
DA:336,0
DA:337,0
DA:339,0
DA:340,0
DA:341,0
DA:342,0
DA:343,0
DA:344,0
DA:345,0
DA:346,0
DA:347,0
DA:349,0
DA:352,0
DA:353,0
DA:354,0
DA:357,0
DA:360,0
DA:361,0
DA:362,0
DA:363,0
DA:364,0
DA:368,0
DA:369,0
DA:370,0
DA:371,0
DA:372,0
DA:373,0
DA:376,0
DA:378,0
DA:379,0
DA:380,0
DA:381,0
DA:382,0
DA:383,0
DA:386,0
DA:387,0
DA:388,0
DA:389,0
DA:391,0
DA:394,0
DA:397,0
DA:398,0
DA:399,0
DA:400,0
DA:401,0
DA:402,0
DA:403,0
DA:404,0
DA:405,0
DA:406,0
DA:407,0
DA:408,0
DA:409,0
DA:410,0
DA:411,0
DA:412,0
DA:414,0
DA:415,0
DA:416,0
DA:417,0
DA:419,0
DA:421,0
DA:422,0
DA:424,0
DA:425,0
DA:426,0
DA:427,0
DA:428,0
DA:429,0
DA:430,0
DA:431,0
DA:433,0
DA:434,0
DA:437,0
DA:438,0
DA:439,0
DA:440,0
DA:443,0
DA:444,0
DA:445,0
DA:446,0
DA:447,0
DA:449,0
DA:450,0
DA:451,0
DA:452,0
DA:453,0
DA:454,0
DA:455,0
DA:458,0
DA:459,0
DA:460,0
DA:461,0
DA:462,0
DA:463,0
DA:464,0
DA:466,0
DA:468,0
DA:469,0
DA:470,0
DA:471,0
DA:472,0
DA:474,0
DA:475,0
DA:476,0
DA:481,0
DA:482,0
DA:483,0
DA:484,0
DA:487,0
DA:488,0
DA:489,0
DA:490,0
DA:491,0
DA:492,0
DA:493,0
DA:494,0
DA:497,0
DA:498,0
DA:499,0
DA:502,0
DA:504,0
DA:506,0
DA:507,0
DA:508,0
DA:510,0
DA:512,0
DA:525,0
DA:526,0
DA:528,0
DA:529,0
DA:530,0
DA:531,0
DA:532,0
DA:533,0
DA:534,0
DA:535,0
DA:536,0
DA:538,0
DA:541,0
DA:542,0
DA:543,0
DA:546,0
DA:549,0
DA:550,0
DA:551,0
DA:552,0
DA:553,0
DA:557,0
DA:558,0
DA:559,0
DA:560,0
DA:561,0
DA:562,0
DA:565,0
DA:567,0
DA:568,0
DA:569,0
DA:570,0
DA:571,0
DA:572,0
DA:575,0
DA:576,0
DA:577,0
DA:578,0
DA:580,0
DA:583,0
DA:586,0
DA:587,0
DA:588,0
DA:589,0
DA:590,0
DA:591,0
DA:592,0
DA:593,0
DA:594,0
DA:595,0
DA:596,0
DA:597,0
DA:598,0
DA:599,0
DA:600,0
DA:601,0
DA:603,0
DA:604,0
DA:605,0
DA:606,0
DA:608,0
DA:610,0
DA:611,0
DA:613,0
DA:614,0
DA:615,0
DA:616,0
DA:617,0
DA:618,0
DA:619,0
DA:621,0
DA:622,0
DA:625,0
DA:626,0
DA:627,0
DA:628,0
DA:631,0
DA:632,0
DA:633,0
DA:634,0
DA:635,0
DA:637,0
DA:638,0
DA:639,0
DA:640,0
DA:641,0
DA:642,0
DA:643,0
DA:646,0
DA:647,0
DA:648,0
DA:650,0
DA:655,0
DA:656,0
DA:658,0
DA:659,0
DA:660,0
DA:662,0
DA:663,0
DA:665,0
DA:666,0
DA:667,0
DA:668,0
DA:669,0
DA:671,0
DA:672,0
DA:677,0
DA:679,0
DA:680,0
DA:682,0
DA:685,0
DA:686,0
DA:689,0
DA:690,0
DA:692,0
DA:693,0
DA:694,0
DA:695,0
DA:696,0
DA:698,0
DA:699,0
DA:702,0
DA:703,0
DA:704,0
DA:705,0
DA:706,0
DA:708,0
DA:709,0
DA:710,0
DA:711,0
DA:712,0
DA:713,0
DA:716,0
DA:717,0
DA:718,0
DA:719,0
DA:722,0
DA:723,0
DA:724,0
DA:725,0
DA:728,0
DA:729,0
DA:731,0
DA:732,0
DA:733,0
DA:734,0
DA:735,0
DA:736,0
DA:739,0
DA:740,0
DA:741,0
DA:745,0
DA:746,0
DA:747,0
DA:758,0
DA:759,0
DA:761,0
DA:762,0
DA:763,0
DA:764,0
DA:765,0
DA:766,0
DA:770,0
DA:771,0
DA:774,0
DA:775,0
DA:778,0
DA:779,0
DA:780,0
DA:781,0
DA:782,0
DA:783,0
DA:784,0
DA:785,0
DA:787,0
DA:788,0
DA:790,0
DA:791,0
DA:792,0
DA:793,0
DA:794,0
DA:797,0
DA:798,0
DA:800,0
DA:803,0
DA:804,0
DA:805,0
DA:806,0
DA:807,0
DA:808,0
DA:809,0
DA:810,0
DA:811,0
DA:812,0
DA:813,0
DA:814,0
DA:815,0
DA:816,0
DA:817,0
DA:818,0
DA:820,0
DA:821,0
DA:822,0
DA:823,0
DA:825,0
DA:827,0
DA:828,0
DA:830,0
DA:831,0
DA:832,0
DA:833,0
DA:834,0
DA:835,0
DA:836,0
DA:837,0
DA:839,0
DA:842,0
DA:843,0
DA:844,0
DA:845,0
DA:847,0
DA:848,0
DA:849,0
DA:850,0
DA:851,0
DA:852,0
DA:853,0
DA:856,0
DA:857,0
DA:859,0
DA:860,0
DA:861,0
DA:862,0
DA:863,0
DA:865,0
DA:867,0
DA:868,0
DA:870,0
DA:871,0
DA:872,0
DA:874,0
DA:875,0
DA:876,0
DA:877,0
DA:881,0
DA:884,0
DA:885,0
DA:886,0
DA:889,0
DA:892,0
DA:893,0
DA:894,0
DA:895,0
DA:896,0
DA:897,0
DA:899,0
DA:900,0
DA:901,0
DA:902,0
DA:905,0
DA:906,0
DA:909,0
DA:910,0
DA:911,0
DA:917,0
DA:919,0
DA:920,0
DA:922,0
DA:923,0
DA:924,0
DA:925,0
DA:928,0
DA:929,0
DA:931,0
DA:932,0
DA:933,0
DA:934,0
DA:935,0
DA:936,0
DA:937,0
DA:938,0
DA:939,0
DA:940,0
DA:941,0
DA:942,0
DA:946,0
DA:947,0
DA:949,0
DA:950,0
DA:951,0
DA:954,0
DA:955,0
DA:957,0
DA:958,0
DA:959,0
DA:960,0
DA:961,0
DA:962,0
DA:963,0
DA:965,0
DA:966,0
DA:967,0
DA:970,0
DA:971,0
DA:972,0
DA:973,0
DA:974,0
DA:975,0
DA:976,0
DA:977,0
DA:978,0
DA:979,0
DA:982,0
DA:983,0
DA:984,0
DA:985,0
DA:987,0
DA:988,0
DA:989,0
DA:992,0
DA:995,0
DA:996,0
DA:997,0
DA:998,0
DA:1000,0
DA:1001,0
DA:1002,0
DA:1003,0
DA:1004,0
DA:1005,0
DA:1006,0
DA:1008,0
DA:1010,0
DA:1011,0
DA:1012,0
DA:1013,0
DA:1014,0
DA:1015,0
DA:1016,0
DA:1019,0
DA:1022,0
DA:1023,0
DA:1024,0
DA:1027,0
DA:1028,0
DA:1029,0
DA:1030,0
DA:1031,0
DA:1032,0
DA:1038,0
DA:1039,0
DA:1040,0
DA:1041,0
DA:1042,0
DA:1043,0
DA:1044,0
DA:1045,0
DA:1046,0
DA:1047,0
DA:1048,0
DA:1049,0
DA:1050,0
DA:1051,0
DA:1054,0
DA:1055,0
DA:1056,0
DA:1057,0
DA:1058,0
DA:1059,0
DA:1060,0
DA:1061,0
DA:1062,0
DA:1063,0
DA:1064,0
DA:1065,0
DA:1066,0
DA:1067,0
DA:1068,0
DA:1069,0
DA:1070,0
DA:1071,0
DA:1072,0
DA:1074,0
DA:1077,0
DA:1078,0
DA:1080,0
DA:1083,0
DA:1086,0
DA:1087,0
DA:1088,0
DA:1089,0
DA:1090,0
DA:1091,0
DA:1092,0
DA:1093,0
DA:1094,0
DA:1095,0
DA:1096,0
DA:1098,0
DA:1100,0
DA:1101,0
DA:1102,0
DA:1103,0
DA:1104,0
DA:1105,0
DA:1107,0
DA:1108,0
DA:1109,0
DA:1111,0
DA:1112,0
DA:1115,0
DA:1116,0
DA:1117,0
DA:1118,0
DA:1119,0
DA:1120,0
DA:1122,0
DA:1123,0
DA:1126,0
DA:1129,0
DA:1130,0
DA:1133,0
DA:1136,0
DA:1137,0
DA:1138,0
DA:1140,0
DA:1141,0
DA:1145,0
DA:1146,0
DA:1147,0
DA:1148,0
DA:1149,0
DA:1151,0
DA:1152,0
DA:1153,0
DA:1154,0
DA:1155,0
DA:1156,0
DA:1157,0
DA:1159,0
DA:1162,0
DA:1164,0
DA:1167,0
DA:1168,0
DA:1169,0
DA:1170,0
DA:1172,0
DA:1175,0
DA:1177,0
DA:1178,0
DA:1179,0
DA:1180,0
DA:1181,0
DA:1182,0
DA:1183,0
DA:1184,0
DA:1185,0
DA:1186,0
DA:1187,0
DA:1191,0
DA:1192,0
DA:1196,0
DA:1197,0
DA:1198,0
DA:1199,0
DA:1200,0
DA:1201,0
DA:1202,0
DA:1203,0
DA:1210,0
DA:1211,0
DA:1213,0
DA:1216,0
DA:1217,0
DA:1218,0
DA:1219,0
DA:1221,0
DA:1224,0
DA:1225,0
DA:1226,0
DA:1227,0
DA:1228,0
DA:1229,0
DA:1230,0
DA:1231,0
DA:1232,0
DA:1233,0
DA:1234,0
DA:1235,0
DA:1236,0
DA:1238,0
DA:1239,0
DA:1240,0
DA:1241,0
DA:1242,0
DA:1243,0
DA:1244,0
DA:1247,0
DA:1249,0
DA:1251,0
DA:1253,0
DA:1254,0
DA:1255,0
DA:1256,0
DA:1257,0
DA:1258,0
DA:1260,0
DA:1262,0
DA:1263,0
DA:1264,0
DA:1265,0
DA:1269,0
DA:1270,0
DA:1271,0
DA:1272,0
DA:1273,0
DA:1274,0
DA:1275,0
DA:1277,0
DA:1280,0
DA:1281,0
DA:1282,0
DA:1283,0
DA:1284,0
DA:1286,0
DA:1287,0
DA:1288,0
DA:1289,0
DA:1291,0
DA:1292,0
DA:1293,0
DA:1294,0
DA:1295,0
DA:1296,0
DA:1298,0
DA:1299,0
DA:1300,0
DA:1303,0
DA:1304,0
DA:1305,0
DA:1306,0
DA:1308,0
DA:1309,0
DA:1310,0
DA:1311,0
DA:1312,0
DA:1313,0
DA:1314,0
DA:1317,0
DA:1319,0
DA:1320,0
DA:1321,0
DA:1322,0
DA:1323,0
DA:1324,0
DA:1325,0
DA:1326,0
DA:1327,0
DA:1328,0
DA:1329,0
DA:1330,0
DA:1331,0
DA:1335,0
DA:1336,0
DA:1339,0
DA:1340,0
DA:1341,0
DA:1342,0
DA:1343,0
DA:1344,0
DA:1347,0
DA:1348,0
DA:1350,0
DA:1351,0
DA:1353,0
DA:1354,0
DA:1355,0
DA:1356,0
DA:1357,0
DA:1358,0
DA:1359,0
DA:1362,0
DA:1363,0
DA:1366,0
DA:1367,0
DA:1369,0
DA:1370,0
DA:1371,0
DA:1372,0
DA:1373,0
DA:1374,0
DA:1377,0
DA:1378,0
DA:1379,0
DA:1381,0
DA:1382,0
DA:1383,0
DA:1386,0
DA:1387,0
DA:1389,0
DA:1390,0
DA:1391,0
DA:1393,0
DA:1396,0
DA:1399,0
DA:1400,0
DA:1401,0
DA:1402,0
DA:1404,0
DA:1405,0
DA:1406,0
DA:1407,0
DA:1408,0
DA:1409,0
DA:1410,0
DA:1413,0
DA:1415,0
DA:1416,0
DA:1417,0
DA:1418,0
DA:1419,0
DA:1420,0
DA:1421,0
DA:1422,0
DA:1423,0
DA:1424,0
DA:1425,0
DA:1426,0
DA:1427,0
DA:1431,0
DA:1432,0
DA:1435,0
DA:1436,0
DA:1437,0
DA:1438,0
DA:1439,0
DA:1440,0
DA:1441,0
DA:1442,0
DA:1443,0
DA:1444,0
DA:1445,0
DA:1447,0
DA:1449,0
DA:1450,0
DA:1451,0
DA:1452,0
DA:1454,0
DA:1455,0
DA:1456,0
DA:1457,0
DA:1458,0
DA:1459,0
DA:1460,0
DA:1462,0
DA:1463,0
DA:1465,0
DA:1466,0
DA:1467,0
DA:1468,0
DA:1470,0
DA:1473,0
DA:1475,0
DA:1477,0
DA:1479,0
DA:1480,0
DA:1481,0
DA:1482,0
DA:1484,0
DA:1485,0
DA:1486,0
DA:1487,0
DA:1488,0
DA:1489,0
DA:1494,0
DA:1495,0
DA:1496,0
DA:1497,0
DA:1498,0
DA:1499,0
DA:1500,0
DA:1501,0
DA:1502,0
DA:1504,0
DA:1506,0
DA:1507,0
DA:1511,0
DA:1512,0
DA:1513,0
DA:1514,0
DA:1515,0
DA:1516,0
DA:1517,0
DA:1518,0
DA:1519,0
DA:1520,0
DA:1521,0
DA:1522,0
DA:1523,0
DA:1524,0
DA:1525,0
DA:1526,0
DA:1528,0
DA:1529,0
DA:1530,0
DA:1531,0
DA:1532,0
DA:1533,0
DA:1534,0
DA:1537,0
DA:1538,0
DA:1539,0
DA:1541,0
DA:1542,0
DA:1543,0
DA:1544,0
DA:1546,0
DA:1548,0
DA:1561,0
DA:1562,0
DA:1564,0
DA:1565,0
DA:1566,0
DA:1567,0
DA:1568,0
DA:1569,0
DA:1570,0
DA:1571,0
DA:1573,0
DA:1576,0
DA:1577,0
DA:1578,0
DA:1581,0
DA:1582,0
DA:1587,0
DA:1588,0
DA:1589,0
DA:1590,0
DA:1591,0
DA:1595,0
DA:1596,0
DA:1597,0
DA:1598,0
DA:1599,0
DA:1600,0
DA:1603,0
DA:1605,0
DA:1606,0
DA:1607,0
DA:1608,0
DA:1609,0
DA:1610,0
DA:1613,0
DA:1614,0
DA:1615,0
DA:1616,0
DA:1618,0
DA:1621,0
DA:1622,0
DA:1623,0
DA:1624,0
DA:1625,0
DA:1626,0
DA:1627,0
DA:1628,0
DA:1631,0
DA:1633,0
DA:1635,0
DA:1636,0
DA:1637,0
DA:1638,0
DA:1639,0
DA:1640,0
DA:1641,0
DA:1642,0
DA:1644,0
DA:1645,0
DA:1646,0
DA:1648,0
DA:1649,0
DA:1650,0
DA:1651,0
DA:1652,0
DA:1654,0
DA:1655,0
DA:1656,0
DA:1657,0
DA:1658,0
DA:1661,0
DA:1662,0
DA:1665,0
DA:1666,0
DA:1667,0
DA:1668,0
DA:1669,0
DA:1670,0
DA:1671,0
DA:1672,0
DA:1673,0
DA:1674,0
DA:1675,0
DA:1676,0
DA:1677,0
DA:1678,0
DA:1679,0
DA:1680,0
DA:1681,0
DA:1684,0
DA:1685,0
DA:1687,0
DA:1689,0
DA:1690,0
DA:1692,0
DA:1693,0
DA:1696,0
DA:1700,0
DA:1701,0
DA:1702,0
DA:1703,0
DA:1707,0
DA:1708,0
DA:1709,0
DA:1710,0
DA:1711,0
DA:1712,0
DA:1713,0
DA:1714,0
DA:1715,0
DA:1716,0
DA:1717,0
DA:1718,0
DA:1719,0
DA:1720,0
DA:1721,0
DA:1722,0
DA:1723,0
DA:1724,0
DA:1725,0
DA:1726,0
DA:1727,0
DA:1728,0
DA:1729,0
DA:1730,0
DA:1731,0
DA:1732,0
DA:1733,0
DA:1734,0
DA:1735,0
DA:1736,0
DA:1738,0
DA:1739,0
DA:1740,0
DA:1741,0
DA:1743,0
DA:1744,0
DA:1749,0
DA:1750,0
DA:1751,0
DA:1752,0
DA:1753,0
DA:1755,0
DA:1756,0
DA:1758,0
DA:1761,0
DA:1762,0
DA:1763,0
DA:1764,0
DA:1766,0
DA:1767,0
DA:1769,0
DA:1770,0
BRF:0
BRH:0
LF:1202
LH:0
end_of_record
SF:/Users/terry/RustroverProjects/rain-tracker-service/src/bin/list_gauges.rs
FN:8,_RNvCseuY4Ug2UCH8_11list_gauges4main
FN:8,_RNvCsjbIdVaMiKq_11list_gauges4main
FNDA:0,_RNvCseuY4Ug2UCH8_11list_gauges4main
FNDA:0,_RNvCsjbIdVaMiKq_11list_gauges4main
FNF:1
FNH:0
DA:8,0
DA:9,0
DA:10,0
DA:11,0
DA:13,0
DA:16,0
DA:18,0
DA:21,0
DA:23,0
DA:24,0
DA:25,0
DA:26,0
DA:29,0
DA:30,0
DA:32,0
DA:33,0
DA:34,0
DA:35,0
DA:36,0
DA:37,0
DA:38,0
DA:39,0
DA:40,0
DA:41,0
DA:42,0
DA:43,0
DA:47,0
DA:48,0
DA:50,0
DA:51,0
DA:52,0
DA:53,0
DA:54,0
DA:56,0
DA:57,0
DA:58,0
DA:59,0
DA:60,0
DA:61,0
DA:62,0
DA:65,0
DA:66,0
DA:68,0
DA:69,0
BRF:0
BRH:0
LF:44
LH:0
end_of_record
SF:/Users/terry/RustroverProjects/rain-tracker-service/src/db/fopr_import_job_repository.rs
FN:83,_RNCNCNCNvMNtNtCs7iCqo0KpDVZ_20rain_tracker_service2db26fopr_import_job_repositoryNtB8_23FoprImportJobRepository10create_job000Bc_
FN:304,_RNCNCNCNvMNtNtCs7iCqo0KpDVZ_20rain_tracker_service2db26fopr_import_job_repositoryNtB8_23FoprImportJobRepository13create_job_tx000Bc_
FN:79,_RNCNvMNtNtCs7iCqo0KpDVZ_20rain_tracker_service2db26fopr_import_job_repositoryNtB4_23FoprImportJobRepository10create_job0B8_
FN:476,_RNCNvMNtNtCs7iCqo0KpDVZ_20rain_tracker_service2db26fopr_import_job_repositoryNtB4_23FoprImportJobRepository10get_job_tx0B8_
FN:222,_RNCNvMNtNtCs7iCqo0KpDVZ_20rain_tracker_service2db26fopr_import_job_repositoryNtB4_23FoprImportJobRepository10job_exists0B8_
FN:189,_RNCNvMNtNtCs7iCqo0KpDVZ_20rain_tracker_service2db26fopr_import_job_repositoryNtB4_23FoprImportJobRepository11mark_failed0B8_
FN:300,_RNCNvMNtNtCs7iCqo0KpDVZ_20rain_tracker_service2db26fopr_import_job_repositoryNtB4_23FoprImportJobRepository13create_job_tx0B8_
FN:450,_RNCNvMNtNtCs7iCqo0KpDVZ_20rain_tracker_service2db26fopr_import_job_repositoryNtB4_23FoprImportJobRepository13job_exists_tx0B8_
FN:114,_RNCNvMNtNtCs7iCqo0KpDVZ_20rain_tracker_service2db26fopr_import_job_repositoryNtB4_23FoprImportJobRepository14claim_next_job0B8_
FN:153,_RNCNvMNtNtCs7iCqo0KpDVZ_20rain_tracker_service2db26fopr_import_job_repositoryNtB4_23FoprImportJobRepository14mark_completed0B8_
FN:413,_RNCNvMNtNtCs7iCqo0KpDVZ_20rain_tracker_service2db26fopr_import_job_repositoryNtB4_23FoprImportJobRepository14mark_failed_tx0B8_
FN:266,_RNCNvMNtNtCs7iCqo0KpDVZ_20rain_tracker_service2db26fopr_import_job_repositoryNtB4_23FoprImportJobRepository16get_pending_jobs0B8_
FN:335,_RNCNvMNtNtCs7iCqo0KpDVZ_20rain_tracker_service2db26fopr_import_job_repositoryNtB4_23FoprImportJobRepository17claim_next_job_tx0B8_
FN:379,_RNCNvMNtNtCs7iCqo0KpDVZ_20rain_tracker_service2db26fopr_import_job_repositoryNtB4_23FoprImportJobRepository17mark_completed_tx0B8_
FN:501,_RNCNvMNtNtCs7iCqo0KpDVZ_20rain_tracker_service2db26fopr_import_job_repositoryNtB4_23FoprImportJobRepository19get_pending_jobs_tx0B8_
FN:244,_RNCNvMNtNtCs7iCqo0KpDVZ_20rain_tracker_service2db26fopr_import_job_repositoryNtB4_23FoprImportJobRepository7get_job0B8_
FN:73,_RNvMNtNtCs7iCqo0KpDVZ_20rain_tracker_service2db26fopr_import_job_repositoryNtB2_23FoprImportJobRepository10create_job
FN:472,_RNvMNtNtCs7iCqo0KpDVZ_20rain_tracker_service2db26fopr_import_job_repositoryNtB2_23FoprImportJobRepository10get_job_tx
FN:222,_RNvMNtNtCs7iCqo0KpDVZ_20rain_tracker_service2db26fopr_import_job_repositoryNtB2_23FoprImportJobRepository10job_exists
FN:182,_RNvMNtNtCs7iCqo0KpDVZ_20rain_tracker_service2db26fopr_import_job_repositoryNtB2_23FoprImportJobRepository11mark_failed
FN:293,_RNvMNtNtCs7iCqo0KpDVZ_20rain_tracker_service2db26fopr_import_job_repositoryNtB2_23FoprImportJobRepository13create_job_tx
FN:446,_RNvMNtNtCs7iCqo0KpDVZ_20rain_tracker_service2db26fopr_import_job_repositoryNtB2_23FoprImportJobRepository13job_exists_tx
FN:114,_RNvMNtNtCs7iCqo0KpDVZ_20rain_tracker_service2db26fopr_import_job_repositoryNtB2_23FoprImportJobRepository14claim_next_job
FN:153,_RNvMNtNtCs7iCqo0KpDVZ_20rain_tracker_service2db26fopr_import_job_repositoryNtB2_23FoprImportJobRepository14mark_completed
FN:405,_RNvMNtNtCs7iCqo0KpDVZ_20rain_tracker_service2db26fopr_import_job_repositoryNtB2_23FoprImportJobRepository14mark_failed_tx
FN:266,_RNvMNtNtCs7iCqo0KpDVZ_20rain_tracker_service2db26fopr_import_job_repositoryNtB2_23FoprImportJobRepository16get_pending_jobs
FN:332,_RNvMNtNtCs7iCqo0KpDVZ_20rain_tracker_service2db26fopr_import_job_repositoryNtB2_23FoprImportJobRepository17claim_next_job_tx
FN:374,_RNvMNtNtCs7iCqo0KpDVZ_20rain_tracker_service2db26fopr_import_job_repositoryNtB2_23FoprImportJobRepository17mark_completed_tx
FN:498,_RNvMNtNtCs7iCqo0KpDVZ_20rain_tracker_service2db26fopr_import_job_repositoryNtB2_23FoprImportJobRepository19get_pending_jobs_tx
FN:67,_RNvMNtNtCs7iCqo0KpDVZ_20rain_tracker_service2db26fopr_import_job_repositoryNtB2_23FoprImportJobRepository3new
FN:244,_RNvMNtNtCs7iCqo0KpDVZ_20rain_tracker_service2db26fopr_import_job_repositoryNtB2_23FoprImportJobRepository7get_job
FN:83,_RNCNCNCNvMNtNtCs7iCqo0KpDVZ_20rain_tracker_service2db26fopr_import_job_repositoryNtB8_23FoprImportJobRepository10create_job000Cs3PAmBzODhhi_19error_handling_test
FN:79,_RNCNvMNtNtCs7iCqo0KpDVZ_20rain_tracker_service2db26fopr_import_job_repositoryNtB4_23FoprImportJobRepository10create_job0Cs3PAmBzODhhi_19error_handling_test
FN:222,_RNCNvMNtNtCs7iCqo0KpDVZ_20rain_tracker_service2db26fopr_import_job_repositoryNtB4_23FoprImportJobRepository10job_exists0Cs3PAmBzODhhi_19error_handling_test
FN:83,_RNCNCNCNvMNtNtCs7iCqo0KpDVZ_20rain_tracker_service2db26fopr_import_job_repositoryNtB8_23FoprImportJobRepository10create_job000CseH0guzo6yrj_31fopr_import_job_repository_test
FN:304,_RNCNCNCNvMNtNtCs7iCqo0KpDVZ_20rain_tracker_service2db26fopr_import_job_repositoryNtB8_23FoprImportJobRepository13create_job_tx000CseH0guzo6yrj_31fopr_import_job_repository_test
FN:79,_RNCNvMNtNtCs7iCqo0KpDVZ_20rain_tracker_service2db26fopr_import_job_repositoryNtB4_23FoprImportJobRepository10create_job0CseH0guzo6yrj_31fopr_import_job_repository_test
FN:476,_RNCNvMNtNtCs7iCqo0KpDVZ_20rain_tracker_service2db26fopr_import_job_repositoryNtB4_23FoprImportJobRepository10get_job_tx0CseH0guzo6yrj_31fopr_import_job_repository_test
FN:300,_RNCNvMNtNtCs7iCqo0KpDVZ_20rain_tracker_service2db26fopr_import_job_repositoryNtB4_23FoprImportJobRepository13create_job_tx0CseH0guzo6yrj_31fopr_import_job_repository_test
FN:450,_RNCNvMNtNtCs7iCqo0KpDVZ_20rain_tracker_service2db26fopr_import_job_repositoryNtB4_23FoprImportJobRepository13job_exists_tx0CseH0guzo6yrj_31fopr_import_job_repository_test
FN:114,_RNCNvMNtNtCs7iCqo0KpDVZ_20rain_tracker_service2db26fopr_import_job_repositoryNtB4_23FoprImportJobRepository14claim_next_job0CseH0guzo6yrj_31fopr_import_job_repository_test
FN:413,_RNCNvMNtNtCs7iCqo0KpDVZ_20rain_tracker_service2db26fopr_import_job_repositoryNtB4_23FoprImportJobRepository14mark_failed_tx0CseH0guzo6yrj_31fopr_import_job_repository_test
FN:266,_RNCNvMNtNtCs7iCqo0KpDVZ_20rain_tracker_service2db26fopr_import_job_repositoryNtB4_23FoprImportJobRepository16get_pending_jobs0CseH0guzo6yrj_31fopr_import_job_repository_test
FN:335,_RNCNvMNtNtCs7iCqo0KpDVZ_20rain_tracker_service2db26fopr_import_job_repositoryNtB4_23FoprImportJobRepository17claim_next_job_tx0CseH0guzo6yrj_31fopr_import_job_repository_test
FN:379,_RNCNvMNtNtCs7iCqo0KpDVZ_20rain_tracker_service2db26fopr_import_job_repositoryNtB4_23FoprImportJobRepository17mark_completed_tx0CseH0guzo6yrj_31fopr_import_job_repository_test
FN:501,_RNCNvMNtNtCs7iCqo0KpDVZ_20rain_tracker_service2db26fopr_import_job_repositoryNtB4_23FoprImportJobRepository19get_pending_jobs_tx0CseH0guzo6yrj_31fopr_import_job_repository_test
FN:244,_RNCNvMNtNtCs7iCqo0KpDVZ_20rain_tracker_service2db26fopr_import_job_repositoryNtB4_23FoprImportJobRepository7get_job0CseH0guzo6yrj_31fopr_import_job_repository_test
FN:83,_RNCNCNCNvMNtNtCs7iCqo0KpDVZ_20rain_tracker_service2db26fopr_import_job_repositoryNtB8_23FoprImportJobRepository10create_job000CskhdQylLvBLq_24fopr_import_service_test
FN:79,_RNCNvMNtNtCs7iCqo0KpDVZ_20rain_tracker_service2db26fopr_import_job_repositoryNtB4_23FoprImportJobRepository10create_job0CskhdQylLvBLq_24fopr_import_service_test
FN:222,_RNCNvMNtNtCs7iCqo0KpDVZ_20rain_tracker_service2db26fopr_import_job_repositoryNtB4_23FoprImportJobRepository10job_exists0CskhdQylLvBLq_24fopr_import_service_test
FN:83,_RNCNCNCNvMNtNtCs7iCqo0KpDVZ_20rain_tracker_service2db26fopr_import_job_repositoryNtB8_23FoprImportJobRepository10create_job000Cs1juIzkGC2Eo_23fopr_import_worker_test
FN:79,_RNCNvMNtNtCs7iCqo0KpDVZ_20rain_tracker_service2db26fopr_import_job_repositoryNtB4_23FoprImportJobRepository10create_job0Cs1juIzkGC2Eo_23fopr_import_worker_test
FN:189,_RNCNvMNtNtCs7iCqo0KpDVZ_20rain_tracker_service2db26fopr_import_job_repositoryNtB4_23FoprImportJobRepository11mark_failed0Cs1juIzkGC2Eo_23fopr_import_worker_test
FN:114,_RNCNvMNtNtCs7iCqo0KpDVZ_20rain_tracker_service2db26fopr_import_job_repositoryNtB4_23FoprImportJobRepository14claim_next_job0Cs1juIzkGC2Eo_23fopr_import_worker_test
FN:153,_RNCNvMNtNtCs7iCqo0KpDVZ_20rain_tracker_service2db26fopr_import_job_repositoryNtB4_23FoprImportJobRepository14mark_completed0Cs1juIzkGC2Eo_23fopr_import_worker_test
FN:244,_RNCNvMNtNtCs7iCqo0KpDVZ_20rain_tracker_service2db26fopr_import_job_repositoryNtB4_23FoprImportJobRepository7get_job0Cs1juIzkGC2Eo_23fopr_import_worker_test
FN:83,_RNCNCNCNvMNtNtCs7iCqo0KpDVZ_20rain_tracker_service2db26fopr_import_job_repositoryNtB8_23FoprImportJobRepository10create_job000Csdpfhlhhwi2Y_20rain_tracker_service
FN:79,_RNCNvMNtNtCs7iCqo0KpDVZ_20rain_tracker_service2db26fopr_import_job_repositoryNtB4_23FoprImportJobRepository10create_job0Csdpfhlhhwi2Y_20rain_tracker_service
FN:222,_RNCNvMNtNtCs7iCqo0KpDVZ_20rain_tracker_service2db26fopr_import_job_repositoryNtB4_23FoprImportJobRepository10job_exists0Csdpfhlhhwi2Y_20rain_tracker_service
FN:189,_RNCNvMNtNtCs7iCqo0KpDVZ_20rain_tracker_service2db26fopr_import_job_repositoryNtB4_23FoprImportJobRepository11mark_failed0Csdpfhlhhwi2Y_20rain_tracker_service
FN:114,_RNCNvMNtNtCs7iCqo0KpDVZ_20rain_tracker_service2db26fopr_import_job_repositoryNtB4_23FoprImportJobRepository14claim_next_job0Csdpfhlhhwi2Y_20rain_tracker_service
FN:153,_RNCNvMNtNtCs7iCqo0KpDVZ_20rain_tracker_service2db26fopr_import_job_repositoryNtB4_23FoprImportJobRepository14mark_completed0Csdpfhlhhwi2Y_20rain_tracker_service
FN:83,_RNCNCNCNvMNtNtCs4I6j3VtXKYU_20rain_tracker_service2db26fopr_import_job_repositoryNtB8_23FoprImportJobRepository10create_job000Bc_
FN:304,_RNCNCNCNvMNtNtCs4I6j3VtXKYU_20rain_tracker_service2db26fopr_import_job_repositoryNtB8_23FoprImportJobRepository13create_job_tx000Bc_
FN:79,_RNCNvMNtNtCs4I6j3VtXKYU_20rain_tracker_service2db26fopr_import_job_repositoryNtB4_23FoprImportJobRepository10create_job0B8_
FN:476,_RNCNvMNtNtCs4I6j3VtXKYU_20rain_tracker_service2db26fopr_import_job_repositoryNtB4_23FoprImportJobRepository10get_job_tx0B8_
FN:222,_RNCNvMNtNtCs4I6j3VtXKYU_20rain_tracker_service2db26fopr_import_job_repositoryNtB4_23FoprImportJobRepository10job_exists0B8_
FN:189,_RNCNvMNtNtCs4I6j3VtXKYU_20rain_tracker_service2db26fopr_import_job_repositoryNtB4_23FoprImportJobRepository11mark_failed0B8_
FN:300,_RNCNvMNtNtCs4I6j3VtXKYU_20rain_tracker_service2db26fopr_import_job_repositoryNtB4_23FoprImportJobRepository13create_job_tx0B8_
FN:450,_RNCNvMNtNtCs4I6j3VtXKYU_20rain_tracker_service2db26fopr_import_job_repositoryNtB4_23FoprImportJobRepository13job_exists_tx0B8_
FN:114,_RNCNvMNtNtCs4I6j3VtXKYU_20rain_tracker_service2db26fopr_import_job_repositoryNtB4_23FoprImportJobRepository14claim_next_job0B8_
FN:153,_RNCNvMNtNtCs4I6j3VtXKYU_20rain_tracker_service2db26fopr_import_job_repositoryNtB4_23FoprImportJobRepository14mark_completed0B8_
FN:413,_RNCNvMNtNtCs4I6j3VtXKYU_20rain_tracker_service2db26fopr_import_job_repositoryNtB4_23FoprImportJobRepository14mark_failed_tx0B8_
FN:266,_RNCNvMNtNtCs4I6j3VtXKYU_20rain_tracker_service2db26fopr_import_job_repositoryNtB4_23FoprImportJobRepository16get_pending_jobs0B8_
FN:335,_RNCNvMNtNtCs4I6j3VtXKYU_20rain_tracker_service2db26fopr_import_job_repositoryNtB4_23FoprImportJobRepository17claim_next_job_tx0B8_
FN:379,_RNCNvMNtNtCs4I6j3VtXKYU_20rain_tracker_service2db26fopr_import_job_repositoryNtB4_23FoprImportJobRepository17mark_completed_tx0B8_
FN:501,_RNCNvMNtNtCs4I6j3VtXKYU_20rain_tracker_service2db26fopr_import_job_repositoryNtB4_23FoprImportJobRepository19get_pending_jobs_tx0B8_
FN:244,_RNCNvMNtNtCs4I6j3VtXKYU_20rain_tracker_service2db26fopr_import_job_repositoryNtB4_23FoprImportJobRepository7get_job0B8_
FN:73,_RNvMNtNtCs4I6j3VtXKYU_20rain_tracker_service2db26fopr_import_job_repositoryNtB2_23FoprImportJobRepository10create_job
FN:472,_RNvMNtNtCs4I6j3VtXKYU_20rain_tracker_service2db26fopr_import_job_repositoryNtB2_23FoprImportJobRepository10get_job_tx
FN:222,_RNvMNtNtCs4I6j3VtXKYU_20rain_tracker_service2db26fopr_import_job_repositoryNtB2_23FoprImportJobRepository10job_exists
FN:182,_RNvMNtNtCs4I6j3VtXKYU_20rain_tracker_service2db26fopr_import_job_repositoryNtB2_23FoprImportJobRepository11mark_failed
FN:293,_RNvMNtNtCs4I6j3VtXKYU_20rain_tracker_service2db26fopr_import_job_repositoryNtB2_23FoprImportJobRepository13create_job_tx
FN:446,_RNvMNtNtCs4I6j3VtXKYU_20rain_tracker_service2db26fopr_import_job_repositoryNtB2_23FoprImportJobRepository13job_exists_tx
FN:114,_RNvMNtNtCs4I6j3VtXKYU_20rain_tracker_service2db26fopr_import_job_repositoryNtB2_23FoprImportJobRepository14claim_next_job
FN:153,_RNvMNtNtCs4I6j3VtXKYU_20rain_tracker_service2db26fopr_import_job_repositoryNtB2_23FoprImportJobRepository14mark_completed
FN:405,_RNvMNtNtCs4I6j3VtXKYU_20rain_tracker_service2db26fopr_import_job_repositoryNtB2_23FoprImportJobRepository14mark_failed_tx
FN:266,_RNvMNtNtCs4I6j3VtXKYU_20rain_tracker_service2db26fopr_import_job_repositoryNtB2_23FoprImportJobRepository16get_pending_jobs
FN:332,_RNvMNtNtCs4I6j3VtXKYU_20rain_tracker_service2db26fopr_import_job_repositoryNtB2_23FoprImportJobRepository17claim_next_job_tx
FN:374,_RNvMNtNtCs4I6j3VtXKYU_20rain_tracker_service2db26fopr_import_job_repositoryNtB2_23FoprImportJobRepository17mark_completed_tx
FN:498,_RNvMNtNtCs4I6j3VtXKYU_20rain_tracker_service2db26fopr_import_job_repositoryNtB2_23FoprImportJobRepository19get_pending_jobs_tx
FN:67,_RNvMNtNtCs4I6j3VtXKYU_20rain_tracker_service2db26fopr_import_job_repositoryNtB2_23FoprImportJobRepository3new
FN:244,_RNvMNtNtCs4I6j3VtXKYU_20rain_tracker_service2db26fopr_import_job_repositoryNtB2_23FoprImportJobRepository7get_job
FN:83,_RNCNCNCNvMNtNtCs7iCqo0KpDVZ_20rain_tracker_service2db26fopr_import_job_repositoryNtB8_23FoprImportJobRepository10create_job000Cs449oeRE4YCE_23worker_integration_test
FN:79,_RNCNvMNtNtCs7iCqo0KpDVZ_20rain_tracker_service2db26fopr_import_job_repositoryNtB4_23FoprImportJobRepository10create_job0Cs449oeRE4YCE_23worker_integration_test
FNDA:0,_RNCNCNCNvMNtNtCs7iCqo0KpDVZ_20rain_tracker_service2db26fopr_import_job_repositoryNtB8_23FoprImportJobRepository10create_job000Bc_
FNDA:0,_RNCNCNCNvMNtNtCs7iCqo0KpDVZ_20rain_tracker_service2db26fopr_import_job_repositoryNtB8_23FoprImportJobRepository13create_job_tx000Bc_
FNDA:0,_RNCNvMNtNtCs7iCqo0KpDVZ_20rain_tracker_service2db26fopr_import_job_repositoryNtB4_23FoprImportJobRepository10create_job0B8_
FNDA:0,_RNCNvMNtNtCs7iCqo0KpDVZ_20rain_tracker_service2db26fopr_import_job_repositoryNtB4_23FoprImportJobRepository10get_job_tx0B8_
FNDA:0,_RNCNvMNtNtCs7iCqo0KpDVZ_20rain_tracker_service2db26fopr_import_job_repositoryNtB4_23FoprImportJobRepository10job_exists0B8_
FNDA:0,_RNCNvMNtNtCs7iCqo0KpDVZ_20rain_tracker_service2db26fopr_import_job_repositoryNtB4_23FoprImportJobRepository11mark_failed0B8_
FNDA:0,_RNCNvMNtNtCs7iCqo0KpDVZ_20rain_tracker_service2db26fopr_import_job_repositoryNtB4_23FoprImportJobRepository13create_job_tx0B8_
FNDA:0,_RNCNvMNtNtCs7iCqo0KpDVZ_20rain_tracker_service2db26fopr_import_job_repositoryNtB4_23FoprImportJobRepository13job_exists_tx0B8_
FNDA:0,_RNCNvMNtNtCs7iCqo0KpDVZ_20rain_tracker_service2db26fopr_import_job_repositoryNtB4_23FoprImportJobRepository14claim_next_job0B8_
FNDA:0,_RNCNvMNtNtCs7iCqo0KpDVZ_20rain_tracker_service2db26fopr_import_job_repositoryNtB4_23FoprImportJobRepository14mark_completed0B8_
FNDA:0,_RNCNvMNtNtCs7iCqo0KpDVZ_20rain_tracker_service2db26fopr_import_job_repositoryNtB4_23FoprImportJobRepository14mark_failed_tx0B8_
FNDA:0,_RNCNvMNtNtCs7iCqo0KpDVZ_20rain_tracker_service2db26fopr_import_job_repositoryNtB4_23FoprImportJobRepository16get_pending_jobs0B8_
FNDA:0,_RNCNvMNtNtCs7iCqo0KpDVZ_20rain_tracker_service2db26fopr_import_job_repositoryNtB4_23FoprImportJobRepository17claim_next_job_tx0B8_
FNDA:0,_RNCNvMNtNtCs7iCqo0KpDVZ_20rain_tracker_service2db26fopr_import_job_repositoryNtB4_23FoprImportJobRepository17mark_completed_tx0B8_
FNDA:0,_RNCNvMNtNtCs7iCqo0KpDVZ_20rain_tracker_service2db26fopr_import_job_repositoryNtB4_23FoprImportJobRepository19get_pending_jobs_tx0B8_
FNDA:0,_RNCNvMNtNtCs7iCqo0KpDVZ_20rain_tracker_service2db26fopr_import_job_repositoryNtB4_23FoprImportJobRepository7get_job0B8_
FNDA:20,_RNvMNtNtCs7iCqo0KpDVZ_20rain_tracker_service2db26fopr_import_job_repositoryNtB2_23FoprImportJobRepository10create_job
FNDA:1,_RNvMNtNtCs7iCqo0KpDVZ_20rain_tracker_service2db26fopr_import_job_repositoryNtB2_23FoprImportJobRepository10get_job_tx
FNDA:7,_RNvMNtNtCs7iCqo0KpDVZ_20rain_tracker_service2db26fopr_import_job_repositoryNtB2_23FoprImportJobRepository10job_exists
FNDA:10,_RNvMNtNtCs7iCqo0KpDVZ_20rain_tracker_service2db26fopr_import_job_repositoryNtB2_23FoprImportJobRepository11mark_failed
FNDA:1,_RNvMNtNtCs7iCqo0KpDVZ_20rain_tracker_service2db26fopr_import_job_repositoryNtB2_23FoprImportJobRepository13create_job_tx
FNDA:1,_RNvMNtNtCs7iCqo0KpDVZ_20rain_tracker_service2db26fopr_import_job_repositoryNtB2_23FoprImportJobRepository13job_exists_tx
FNDA:19,_RNvMNtNtCs7iCqo0KpDVZ_20rain_tracker_service2db26fopr_import_job_repositoryNtB2_23FoprImportJobRepository14claim_next_job
FNDA:1,_RNvMNtNtCs7iCqo0KpDVZ_20rain_tracker_service2db26fopr_import_job_repositoryNtB2_23FoprImportJobRepository14mark_completed
FNDA:1,_RNvMNtNtCs7iCqo0KpDVZ_20rain_tracker_service2db26fopr_import_job_repositoryNtB2_23FoprImportJobRepository14mark_failed_tx
FNDA:2,_RNvMNtNtCs7iCqo0KpDVZ_20rain_tracker_service2db26fopr_import_job_repositoryNtB2_23FoprImportJobRepository16get_pending_jobs
FNDA:1,_RNvMNtNtCs7iCqo0KpDVZ_20rain_tracker_service2db26fopr_import_job_repositoryNtB2_23FoprImportJobRepository17claim_next_job_tx
FNDA:1,_RNvMNtNtCs7iCqo0KpDVZ_20rain_tracker_service2db26fopr_import_job_repositoryNtB2_23FoprImportJobRepository17mark_completed_tx
FNDA:1,_RNvMNtNtCs7iCqo0KpDVZ_20rain_tracker_service2db26fopr_import_job_repositoryNtB2_23FoprImportJobRepository19get_pending_jobs_tx
FNDA:50,_RNvMNtNtCs7iCqo0KpDVZ_20rain_tracker_service2db26fopr_import_job_repositoryNtB2_23FoprImportJobRepository3new
FNDA:11,_RNvMNtNtCs7iCqo0KpDVZ_20rain_tracker_service2db26fopr_import_job_repositoryNtB2_23FoprImportJobRepository7get_job
FNDA:2,_RNCNCNCNvMNtNtCs7iCqo0KpDVZ_20rain_tracker_service2db26fopr_import_job_repositoryNtB8_23FoprImportJobRepository10create_job000Cs3PAmBzODhhi_19error_handling_test
FNDA:2,_RNCNvMNtNtCs7iCqo0KpDVZ_20rain_tracker_service2db26fopr_import_job_repositoryNtB4_23FoprImportJobRepository10create_job0Cs3PAmBzODhhi_19error_handling_test
FNDA:5,_RNCNvMNtNtCs7iCqo0KpDVZ_20rain_tracker_service2db26fopr_import_job_repositoryNtB4_23FoprImportJobRepository10job_exists0Cs3PAmBzODhhi_19error_handling_test
FNDA:0,_RNCNCNCNvMNtNtCs7iCqo0KpDVZ_20rain_tracker_service2db26fopr_import_job_repositoryNtB8_23FoprImportJobRepository10create_job000CseH0guzo6yrj_31fopr_import_job_repository_test
FNDA:0,_RNCNCNCNvMNtNtCs7iCqo0KpDVZ_20rain_tracker_service2db26fopr_import_job_repositoryNtB8_23FoprImportJobRepository13create_job_tx000CseH0guzo6yrj_31fopr_import_job_repository_test
FNDA:7,_RNCNvMNtNtCs7iCqo0KpDVZ_20rain_tracker_service2db26fopr_import_job_repositoryNtB4_23FoprImportJobRepository10create_job0CseH0guzo6yrj_31fopr_import_job_repository_test
FNDA:1,_RNCNvMNtNtCs7iCqo0KpDVZ_20rain_tracker_service2db26fopr_import_job_repositoryNtB4_23FoprImportJobRepository10get_job_tx0CseH0guzo6yrj_31fopr_import_job_repository_test
FNDA:1,_RNCNvMNtNtCs7iCqo0KpDVZ_20rain_tracker_service2db26fopr_import_job_repositoryNtB4_23FoprImportJobRepository13create_job_tx0CseH0guzo6yrj_31fopr_import_job_repository_test
FNDA:1,_RNCNvMNtNtCs7iCqo0KpDVZ_20rain_tracker_service2db26fopr_import_job_repositoryNtB4_23FoprImportJobRepository13job_exists_tx0CseH0guzo6yrj_31fopr_import_job_repository_test
FNDA:2,_RNCNvMNtNtCs7iCqo0KpDVZ_20rain_tracker_service2db26fopr_import_job_repositoryNtB4_23FoprImportJobRepository14claim_next_job0CseH0guzo6yrj_31fopr_import_job_repository_test
FNDA:1,_RNCNvMNtNtCs7iCqo0KpDVZ_20rain_tracker_service2db26fopr_import_job_repositoryNtB4_23FoprImportJobRepository14mark_failed_tx0CseH0guzo6yrj_31fopr_import_job_repository_test
FNDA:2,_RNCNvMNtNtCs7iCqo0KpDVZ_20rain_tracker_service2db26fopr_import_job_repositoryNtB4_23FoprImportJobRepository16get_pending_jobs0CseH0guzo6yrj_31fopr_import_job_repository_test
FNDA:1,_RNCNvMNtNtCs7iCqo0KpDVZ_20rain_tracker_service2db26fopr_import_job_repositoryNtB4_23FoprImportJobRepository17claim_next_job_tx0CseH0guzo6yrj_31fopr_import_job_repository_test
FNDA:1,_RNCNvMNtNtCs7iCqo0KpDVZ_20rain_tracker_service2db26fopr_import_job_repositoryNtB4_23FoprImportJobRepository17mark_completed_tx0CseH0guzo6yrj_31fopr_import_job_repository_test
FNDA:1,_RNCNvMNtNtCs7iCqo0KpDVZ_20rain_tracker_service2db26fopr_import_job_repositoryNtB4_23FoprImportJobRepository19get_pending_jobs_tx0CseH0guzo6yrj_31fopr_import_job_repository_test
FNDA:3,_RNCNvMNtNtCs7iCqo0KpDVZ_20rain_tracker_service2db26fopr_import_job_repositoryNtB4_23FoprImportJobRepository7get_job0CseH0guzo6yrj_31fopr_import_job_repository_test
FNDA:0,_RNCNCNCNvMNtNtCs7iCqo0KpDVZ_20rain_tracker_service2db26fopr_import_job_repositoryNtB8_23FoprImportJobRepository10create_job000CskhdQylLvBLq_24fopr_import_service_test
FNDA:1,_RNCNvMNtNtCs7iCqo0KpDVZ_20rain_tracker_service2db26fopr_import_job_repositoryNtB4_23FoprImportJobRepository10create_job0CskhdQylLvBLq_24fopr_import_service_test
FNDA:2,_RNCNvMNtNtCs7iCqo0KpDVZ_20rain_tracker_service2db26fopr_import_job_repositoryNtB4_23FoprImportJobRepository10job_exists0CskhdQylLvBLq_24fopr_import_service_test
FNDA:0,_RNCNCNCNvMNtNtCs7iCqo0KpDVZ_20rain_tracker_service2db26fopr_import_job_repositoryNtB8_23FoprImportJobRepository10create_job000Cs1juIzkGC2Eo_23fopr_import_worker_test
FNDA:9,_RNCNvMNtNtCs7iCqo0KpDVZ_20rain_tracker_service2db26fopr_import_job_repositoryNtB4_23FoprImportJobRepository10create_job0Cs1juIzkGC2Eo_23fopr_import_worker_test
FNDA:10,_RNCNvMNtNtCs7iCqo0KpDVZ_20rain_tracker_service2db26fopr_import_job_repositoryNtB4_23FoprImportJobRepository11mark_failed0Cs1juIzkGC2Eo_23fopr_import_worker_test
FNDA:17,_RNCNvMNtNtCs7iCqo0KpDVZ_20rain_tracker_service2db26fopr_import_job_repositoryNtB4_23FoprImportJobRepository14claim_next_job0Cs1juIzkGC2Eo_23fopr_import_worker_test
FNDA:1,_RNCNvMNtNtCs7iCqo0KpDVZ_20rain_tracker_service2db26fopr_import_job_repositoryNtB4_23FoprImportJobRepository14mark_completed0Cs1juIzkGC2Eo_23fopr_import_worker_test
FNDA:8,_RNCNvMNtNtCs7iCqo0KpDVZ_20rain_tracker_service2db26fopr_import_job_repositoryNtB4_23FoprImportJobRepository7get_job0Cs1juIzkGC2Eo_23fopr_import_worker_test
FNDA:0,_RNCNCNCNvMNtNtCs7iCqo0KpDVZ_20rain_tracker_service2db26fopr_import_job_repositoryNtB8_23FoprImportJobRepository10create_job000Csdpfhlhhwi2Y_20rain_tracker_service
FNDA:0,_RNCNvMNtNtCs7iCqo0KpDVZ_20rain_tracker_service2db26fopr_import_job_repositoryNtB4_23FoprImportJobRepository10create_job0Csdpfhlhhwi2Y_20rain_tracker_service
FNDA:0,_RNCNvMNtNtCs7iCqo0KpDVZ_20rain_tracker_service2db26fopr_import_job_repositoryNtB4_23FoprImportJobRepository10job_exists0Csdpfhlhhwi2Y_20rain_tracker_service
FNDA:0,_RNCNvMNtNtCs7iCqo0KpDVZ_20rain_tracker_service2db26fopr_import_job_repositoryNtB4_23FoprImportJobRepository11mark_failed0Csdpfhlhhwi2Y_20rain_tracker_service
FNDA:0,_RNCNvMNtNtCs7iCqo0KpDVZ_20rain_tracker_service2db26fopr_import_job_repositoryNtB4_23FoprImportJobRepository14claim_next_job0Csdpfhlhhwi2Y_20rain_tracker_service
FNDA:0,_RNCNvMNtNtCs7iCqo0KpDVZ_20rain_tracker_service2db26fopr_import_job_repositoryNtB4_23FoprImportJobRepository14mark_completed0Csdpfhlhhwi2Y_20rain_tracker_service
FNDA:0,_RNCNCNCNvMNtNtCs4I6j3VtXKYU_20rain_tracker_service2db26fopr_import_job_repositoryNtB8_23FoprImportJobRepository10create_job000Bc_
FNDA:0,_RNCNCNCNvMNtNtCs4I6j3VtXKYU_20rain_tracker_service2db26fopr_import_job_repositoryNtB8_23FoprImportJobRepository13create_job_tx000Bc_
FNDA:0,_RNCNvMNtNtCs4I6j3VtXKYU_20rain_tracker_service2db26fopr_import_job_repositoryNtB4_23FoprImportJobRepository10create_job0B8_
FNDA:0,_RNCNvMNtNtCs4I6j3VtXKYU_20rain_tracker_service2db26fopr_import_job_repositoryNtB4_23FoprImportJobRepository10get_job_tx0B8_
FNDA:0,_RNCNvMNtNtCs4I6j3VtXKYU_20rain_tracker_service2db26fopr_import_job_repositoryNtB4_23FoprImportJobRepository10job_exists0B8_
FNDA:0,_RNCNvMNtNtCs4I6j3VtXKYU_20rain_tracker_service2db26fopr_import_job_repositoryNtB4_23FoprImportJobRepository11mark_failed0B8_
FNDA:0,_RNCNvMNtNtCs4I6j3VtXKYU_20rain_tracker_service2db26fopr_import_job_repositoryNtB4_23FoprImportJobRepository13create_job_tx0B8_
FNDA:0,_RNCNvMNtNtCs4I6j3VtXKYU_20rain_tracker_service2db26fopr_import_job_repositoryNtB4_23FoprImportJobRepository13job_exists_tx0B8_
FNDA:0,_RNCNvMNtNtCs4I6j3VtXKYU_20rain_tracker_service2db26fopr_import_job_repositoryNtB4_23FoprImportJobRepository14claim_next_job0B8_
FNDA:0,_RNCNvMNtNtCs4I6j3VtXKYU_20rain_tracker_service2db26fopr_import_job_repositoryNtB4_23FoprImportJobRepository14mark_completed0B8_
FNDA:0,_RNCNvMNtNtCs4I6j3VtXKYU_20rain_tracker_service2db26fopr_import_job_repositoryNtB4_23FoprImportJobRepository14mark_failed_tx0B8_
FNDA:0,_RNCNvMNtNtCs4I6j3VtXKYU_20rain_tracker_service2db26fopr_import_job_repositoryNtB4_23FoprImportJobRepository16get_pending_jobs0B8_
FNDA:0,_RNCNvMNtNtCs4I6j3VtXKYU_20rain_tracker_service2db26fopr_import_job_repositoryNtB4_23FoprImportJobRepository17claim_next_job_tx0B8_
FNDA:0,_RNCNvMNtNtCs4I6j3VtXKYU_20rain_tracker_service2db26fopr_import_job_repositoryNtB4_23FoprImportJobRepository17mark_completed_tx0B8_
FNDA:0,_RNCNvMNtNtCs4I6j3VtXKYU_20rain_tracker_service2db26fopr_import_job_repositoryNtB4_23FoprImportJobRepository19get_pending_jobs_tx0B8_
FNDA:0,_RNCNvMNtNtCs4I6j3VtXKYU_20rain_tracker_service2db26fopr_import_job_repositoryNtB4_23FoprImportJobRepository7get_job0B8_
FNDA:0,_RNvMNtNtCs4I6j3VtXKYU_20rain_tracker_service2db26fopr_import_job_repositoryNtB2_23FoprImportJobRepository10create_job
FNDA:0,_RNvMNtNtCs4I6j3VtXKYU_20rain_tracker_service2db26fopr_import_job_repositoryNtB2_23FoprImportJobRepository10get_job_tx
FNDA:0,_RNvMNtNtCs4I6j3VtXKYU_20rain_tracker_service2db26fopr_import_job_repositoryNtB2_23FoprImportJobRepository10job_exists
FNDA:0,_RNvMNtNtCs4I6j3VtXKYU_20rain_tracker_service2db26fopr_import_job_repositoryNtB2_23FoprImportJobRepository11mark_failed
FNDA:0,_RNvMNtNtCs4I6j3VtXKYU_20rain_tracker_service2db26fopr_import_job_repositoryNtB2_23FoprImportJobRepository13create_job_tx
FNDA:0,_RNvMNtNtCs4I6j3VtXKYU_20rain_tracker_service2db26fopr_import_job_repositoryNtB2_23FoprImportJobRepository13job_exists_tx
FNDA:0,_RNvMNtNtCs4I6j3VtXKYU_20rain_tracker_service2db26fopr_import_job_repositoryNtB2_23FoprImportJobRepository14claim_next_job
FNDA:0,_RNvMNtNtCs4I6j3VtXKYU_20rain_tracker_service2db26fopr_import_job_repositoryNtB2_23FoprImportJobRepository14mark_completed
FNDA:0,_RNvMNtNtCs4I6j3VtXKYU_20rain_tracker_service2db26fopr_import_job_repositoryNtB2_23FoprImportJobRepository14mark_failed_tx
FNDA:0,_RNvMNtNtCs4I6j3VtXKYU_20rain_tracker_service2db26fopr_import_job_repositoryNtB2_23FoprImportJobRepository16get_pending_jobs
FNDA:0,_RNvMNtNtCs4I6j3VtXKYU_20rain_tracker_service2db26fopr_import_job_repositoryNtB2_23FoprImportJobRepository17claim_next_job_tx
FNDA:0,_RNvMNtNtCs4I6j3VtXKYU_20rain_tracker_service2db26fopr_import_job_repositoryNtB2_23FoprImportJobRepository17mark_completed_tx
FNDA:0,_RNvMNtNtCs4I6j3VtXKYU_20rain_tracker_service2db26fopr_import_job_repositoryNtB2_23FoprImportJobRepository19get_pending_jobs_tx
FNDA:0,_RNvMNtNtCs4I6j3VtXKYU_20rain_tracker_service2db26fopr_import_job_repositoryNtB2_23FoprImportJobRepository3new
FNDA:0,_RNvMNtNtCs4I6j3VtXKYU_20rain_tracker_service2db26fopr_import_job_repositoryNtB2_23FoprImportJobRepository7get_job
FNDA:0,_RNCNCNCNvMNtNtCs7iCqo0KpDVZ_20rain_tracker_service2db26fopr_import_job_repositoryNtB8_23FoprImportJobRepository10create_job000Cs449oeRE4YCE_23worker_integration_test
FNDA:1,_RNCNvMNtNtCs7iCqo0KpDVZ_20rain_tracker_service2db26fopr_import_job_repositoryNtB4_23FoprImportJobRepository10create_job0Cs449oeRE4YCE_23worker_integration_test
FNF:31
FNH:30
DA:67,50
DA:68,50
DA:69,50
DA:73,20
DA:74,20
DA:75,20
DA:76,20
DA:77,20
DA:78,20
DA:79,20
DA:83,2
DA:107,20
DA:114,19
DA:149,19
DA:153,1
DA:175,1
DA:182,10
DA:183,10
DA:184,10
DA:185,10
DA:186,10
DA:187,10
DA:188,10
DA:189,10
DA:218,10
DA:222,7
DA:240,7
DA:244,11
DA:262,11
DA:266,2
DA:285,2
DA:293,1
DA:294,1
DA:295,1
DA:296,1
DA:297,1
DA:298,1
DA:299,1
DA:300,1
DA:304,0
DA:328,1
DA:332,1
DA:333,1
DA:334,1
DA:335,1
DA:370,1
DA:374,1
DA:375,1
DA:376,1
DA:377,1
DA:378,1
DA:379,1
DA:401,1
DA:405,1
DA:406,1
DA:407,1
DA:408,1
DA:409,1
DA:410,1
DA:411,1
DA:412,1
DA:413,1
DA:442,1
DA:446,1
DA:447,1
DA:448,1
DA:449,1
DA:450,1
DA:468,1
DA:472,1
DA:473,1
DA:474,1
DA:475,1
DA:476,1
DA:494,1
DA:498,1
DA:499,1
DA:500,1
DA:501,1
DA:520,1
BRF:0
BRH:0
LF:94
LH:93
end_of_record
SF:/Users/terry/RustroverProjects/rain-tracker-service/src/db/gauge_repository.rs
FN:59,_RNCNCNCNvMNtNtCs7iCqo0KpDVZ_20rain_tracker_service2db16gauge_repositoryNtB8_15GaugeRepository16upsert_summaries000Bc_
FN:223,_RNCNvMNtNtCs7iCqo0KpDVZ_20rain_tracker_service2db16gauge_repositoryNtB4_15GaugeRepository12gauge_exists0B8_
FN:322,_RNCNvMNtNtCs7iCqo0KpDVZ_20rain_tracker_service2db16gauge_repositoryNtB4_15GaugeRepository13find_by_id_tx0B8_
FN:355,_RNCNvMNtNtCs7iCqo0KpDVZ_20rain_tracker_service2db16gauge_repositoryNtB4_15GaugeRepository15gauge_exists_tx0B8_
FN:19,_RNCNvMNtNtCs7iCqo0KpDVZ_20rain_tracker_service2db16gauge_repositoryNtB4_15GaugeRepository16upsert_summaries0B8_
FN:383,_RNCNvMNtNtCs7iCqo0KpDVZ_20rain_tracker_service2db16gauge_repositoryNtB4_15GaugeRepository17find_paginated_tx0B8_
FN:148,_RNCNvMNtNtCs7iCqo0KpDVZ_20rain_tracker_service2db16gauge_repositoryNtB4_15GaugeRepository21upsert_gauge_metadata0B8_
FN:244,_RNCNvMNtNtCs7iCqo0KpDVZ_20rain_tracker_service2db16gauge_repositoryNtB4_15GaugeRepository24upsert_gauge_metadata_tx0B8_
FN:368,_RNCNvMNtNtCs7iCqo0KpDVZ_20rain_tracker_service2db16gauge_repositoryNtB4_15GaugeRepository8count_tx0B8_
FN:116,_RNCNvMNtNtCs7iCqo0KpDVZ_20rain_tracker_service2db16gauge_repositoryNtB4_15GaugeRepository10find_by_id0B8_
FN:91,_RNCNvMNtNtCs7iCqo0KpDVZ_20rain_tracker_service2db16gauge_repositoryNtB4_15GaugeRepository14find_paginated0B8_
FN:78,_RNCNvMNtNtCs7iCqo0KpDVZ_20rain_tracker_service2db16gauge_repositoryNtB4_15GaugeRepository5count0B8_
FN:116,_RNvMNtNtCs7iCqo0KpDVZ_20rain_tracker_service2db16gauge_repositoryNtB2_15GaugeRepository10find_by_id
FN:223,_RNvMNtNtCs7iCqo0KpDVZ_20rain_tracker_service2db16gauge_repositoryNtB2_15GaugeRepository12gauge_exists
FN:318,_RNvMNtNtCs7iCqo0KpDVZ_20rain_tracker_service2db16gauge_repositoryNtB2_15GaugeRepository13find_by_id_tx
FN:87,_RNvMNtNtCs7iCqo0KpDVZ_20rain_tracker_service2db16gauge_repositoryNtB2_15GaugeRepository14find_paginated
FN:351,_RNvMNtNtCs7iCqo0KpDVZ_20rain_tracker_service2db16gauge_repositoryNtB2_15GaugeRepository15gauge_exists_tx
FN:19,_RNvMNtNtCs7iCqo0KpDVZ_20rain_tracker_service2db16gauge_repositoryNtB2_15GaugeRepository16upsert_summaries
FN:378,_RNvMNtNtCs7iCqo0KpDVZ_20rain_tracker_service2db16gauge_repositoryNtB2_15GaugeRepository17find_paginated_tx
FN:148,_RNvMNtNtCs7iCqo0KpDVZ_20rain_tracker_service2db16gauge_repositoryNtB2_15GaugeRepository21upsert_gauge_metadata
FN:240,_RNvMNtNtCs7iCqo0KpDVZ_20rain_tracker_service2db16gauge_repositoryNtB2_15GaugeRepository24upsert_gauge_metadata_tx
FN:14,_RNvMNtNtCs7iCqo0KpDVZ_20rain_tracker_service2db16gauge_repositoryNtB2_15GaugeRepository3new
FN:78,_RNvMNtNtCs7iCqo0KpDVZ_20rain_tracker_service2db16gauge_repositoryNtB2_15GaugeRepository5count
FN:368,_RNvMNtNtCs7iCqo0KpDVZ_20rain_tracker_service2db16gauge_repositoryNtB2_15GaugeRepository8count_tx
FN:148,_RNCNvMNtNtCs7iCqo0KpDVZ_20rain_tracker_service2db16gauge_repositoryNtB4_15GaugeRepository21upsert_gauge_metadata0Cs6zvS6A0gBSI_20api_integration_test
FN:59,_RNCNCNCNvMNtNtCs7iCqo0KpDVZ_20rain_tracker_service2db16gauge_repositoryNtB8_15GaugeRepository16upsert_summaries000Cs3PAmBzODhhi_19error_handling_test
FN:223,_RNCNvMNtNtCs7iCqo0KpDVZ_20rain_tracker_service2db16gauge_repositoryNtB4_15GaugeRepository12gauge_exists0Cs3PAmBzODhhi_19error_handling_test
FN:19,_RNCNvMNtNtCs7iCqo0KpDVZ_20rain_tracker_service2db16gauge_repositoryNtB4_15GaugeRepository16upsert_summaries0Cs3PAmBzODhhi_19error_handling_test
FN:148,_RNCNvMNtNtCs7iCqo0KpDVZ_20rain_tracker_service2db16gauge_repositoryNtB4_15GaugeRepository21upsert_gauge_metadata0Cs3PAmBzODhhi_19error_handling_test
FN:148,_RNCNvMNtNtCs7iCqo0KpDVZ_20rain_tracker_service2db16gauge_repositoryNtB4_15GaugeRepository21upsert_gauge_metadata0CskhdQylLvBLq_24fopr_import_service_test
FN:223,_RNCNvMNtNtCs7iCqo0KpDVZ_20rain_tracker_service2db16gauge_repositoryNtB4_15GaugeRepository12gauge_exists0Cs1juIzkGC2Eo_23fopr_import_worker_test
FN:148,_RNCNvMNtNtCs7iCqo0KpDVZ_20rain_tracker_service2db16gauge_repositoryNtB4_15GaugeRepository21upsert_gauge_metadata0Cs1juIzkGC2Eo_23fopr_import_worker_test
FN:59,_RNCNCNCNvMNtNtCs7iCqo0KpDVZ_20rain_tracker_service2db16gauge_repositoryNtB8_15GaugeRepository16upsert_summaries000Csg1aD9cOPpNR_21gauge_repository_test
FN:223,_RNCNvMNtNtCs7iCqo0KpDVZ_20rain_tracker_service2db16gauge_repositoryNtB4_15GaugeRepository12gauge_exists0Csg1aD9cOPpNR_21gauge_repository_test
FN:322,_RNCNvMNtNtCs7iCqo0KpDVZ_20rain_tracker_service2db16gauge_repositoryNtB4_15GaugeRepository13find_by_id_tx0Csg1aD9cOPpNR_21gauge_repository_test
FN:355,_RNCNvMNtNtCs7iCqo0KpDVZ_20rain_tracker_service2db16gauge_repositoryNtB4_15GaugeRepository15gauge_exists_tx0Csg1aD9cOPpNR_21gauge_repository_test
FN:19,_RNCNvMNtNtCs7iCqo0KpDVZ_20rain_tracker_service2db16gauge_repositoryNtB4_15GaugeRepository16upsert_summaries0Csg1aD9cOPpNR_21gauge_repository_test
FN:383,_RNCNvMNtNtCs7iCqo0KpDVZ_20rain_tracker_service2db16gauge_repositoryNtB4_15GaugeRepository17find_paginated_tx0Csg1aD9cOPpNR_21gauge_repository_test
FN:148,_RNCNvMNtNtCs7iCqo0KpDVZ_20rain_tracker_service2db16gauge_repositoryNtB4_15GaugeRepository21upsert_gauge_metadata0Csg1aD9cOPpNR_21gauge_repository_test
FN:244,_RNCNvMNtNtCs7iCqo0KpDVZ_20rain_tracker_service2db16gauge_repositoryNtB4_15GaugeRepository24upsert_gauge_metadata_tx0Csg1aD9cOPpNR_21gauge_repository_test
FN:368,_RNCNvMNtNtCs7iCqo0KpDVZ_20rain_tracker_service2db16gauge_repositoryNtB4_15GaugeRepository8count_tx0Csg1aD9cOPpNR_21gauge_repository_test
FN:223,_RNCNvMNtNtCs7iCqo0KpDVZ_20rain_tracker_service2db16gauge_repositoryNtB4_15GaugeRepository12gauge_exists0Cs30uj6WIuzt3_17historical_import
FN:148,_RNCNvMNtNtCs7iCqo0KpDVZ_20rain_tracker_service2db16gauge_repositoryNtB4_15GaugeRepository21upsert_gauge_metadata0Cs30uj6WIuzt3_17historical_import
FN:244,_RNCNvMNtNtCs7iCqo0KpDVZ_20rain_tracker_service2db16gauge_repositoryNtB4_15GaugeRepository24upsert_gauge_metadata_tx0CsfwmCgHvd3Ip_16integration_test
FN:59,_RNCNCNCNvMNtNtCs7iCqo0KpDVZ_20rain_tracker_service2db16gauge_repositoryNtB8_15GaugeRepository16upsert_summaries000Csdpfhlhhwi2Y_20rain_tracker_service
FN:223,_RNCNvMNtNtCs7iCqo0KpDVZ_20rain_tracker_service2db16gauge_repositoryNtB4_15GaugeRepository12gauge_exists0Csdpfhlhhwi2Y_20rain_tracker_service
FN:19,_RNCNvMNtNtCs7iCqo0KpDVZ_20rain_tracker_service2db16gauge_repositoryNtB4_15GaugeRepository16upsert_summaries0Csdpfhlhhwi2Y_20rain_tracker_service
FN:148,_RNCNvMNtNtCs7iCqo0KpDVZ_20rain_tracker_service2db16gauge_repositoryNtB4_15GaugeRepository21upsert_gauge_metadata0Csdpfhlhhwi2Y_20rain_tracker_service
FN:59,_RNCNCNCNvMNtNtCs4I6j3VtXKYU_20rain_tracker_service2db16gauge_repositoryNtB8_15GaugeRepository16upsert_summaries000Bc_
FN:116,_RNCNvMNtNtCs4I6j3VtXKYU_20rain_tracker_service2db16gauge_repositoryNtB4_15GaugeRepository10find_by_id0B8_
FN:223,_RNCNvMNtNtCs4I6j3VtXKYU_20rain_tracker_service2db16gauge_repositoryNtB4_15GaugeRepository12gauge_exists0B8_
FN:322,_RNCNvMNtNtCs4I6j3VtXKYU_20rain_tracker_service2db16gauge_repositoryNtB4_15GaugeRepository13find_by_id_tx0B8_
FN:91,_RNCNvMNtNtCs4I6j3VtXKYU_20rain_tracker_service2db16gauge_repositoryNtB4_15GaugeRepository14find_paginated0B8_
FN:355,_RNCNvMNtNtCs4I6j3VtXKYU_20rain_tracker_service2db16gauge_repositoryNtB4_15GaugeRepository15gauge_exists_tx0B8_
FN:19,_RNCNvMNtNtCs4I6j3VtXKYU_20rain_tracker_service2db16gauge_repositoryNtB4_15GaugeRepository16upsert_summaries0B8_
FN:383,_RNCNvMNtNtCs4I6j3VtXKYU_20rain_tracker_service2db16gauge_repositoryNtB4_15GaugeRepository17find_paginated_tx0B8_
FN:148,_RNCNvMNtNtCs4I6j3VtXKYU_20rain_tracker_service2db16gauge_repositoryNtB4_15GaugeRepository21upsert_gauge_metadata0B8_
FN:244,_RNCNvMNtNtCs4I6j3VtXKYU_20rain_tracker_service2db16gauge_repositoryNtB4_15GaugeRepository24upsert_gauge_metadata_tx0B8_
FN:78,_RNCNvMNtNtCs4I6j3VtXKYU_20rain_tracker_service2db16gauge_repositoryNtB4_15GaugeRepository5count0B8_
FN:368,_RNCNvMNtNtCs4I6j3VtXKYU_20rain_tracker_service2db16gauge_repositoryNtB4_15GaugeRepository8count_tx0B8_
FN:116,_RNvMNtNtCs4I6j3VtXKYU_20rain_tracker_service2db16gauge_repositoryNtB2_15GaugeRepository10find_by_id
FN:223,_RNvMNtNtCs4I6j3VtXKYU_20rain_tracker_service2db16gauge_repositoryNtB2_15GaugeRepository12gauge_exists
FN:318,_RNvMNtNtCs4I6j3VtXKYU_20rain_tracker_service2db16gauge_repositoryNtB2_15GaugeRepository13find_by_id_tx
FN:87,_RNvMNtNtCs4I6j3VtXKYU_20rain_tracker_service2db16gauge_repositoryNtB2_15GaugeRepository14find_paginated
FN:351,_RNvMNtNtCs4I6j3VtXKYU_20rain_tracker_service2db16gauge_repositoryNtB2_15GaugeRepository15gauge_exists_tx
FN:19,_RNvMNtNtCs4I6j3VtXKYU_20rain_tracker_service2db16gauge_repositoryNtB2_15GaugeRepository16upsert_summaries
FN:378,_RNvMNtNtCs4I6j3VtXKYU_20rain_tracker_service2db16gauge_repositoryNtB2_15GaugeRepository17find_paginated_tx
FN:148,_RNvMNtNtCs4I6j3VtXKYU_20rain_tracker_service2db16gauge_repositoryNtB2_15GaugeRepository21upsert_gauge_metadata
FN:240,_RNvMNtNtCs4I6j3VtXKYU_20rain_tracker_service2db16gauge_repositoryNtB2_15GaugeRepository24upsert_gauge_metadata_tx
FN:14,_RNvMNtNtCs4I6j3VtXKYU_20rain_tracker_service2db16gauge_repositoryNtB2_15GaugeRepository3new
FN:78,_RNvMNtNtCs4I6j3VtXKYU_20rain_tracker_service2db16gauge_repositoryNtB2_15GaugeRepository5count
FN:368,_RNvMNtNtCs4I6j3VtXKYU_20rain_tracker_service2db16gauge_repositoryNtB2_15GaugeRepository8count_tx
FNDA:0,_RNCNCNCNvMNtNtCs7iCqo0KpDVZ_20rain_tracker_service2db16gauge_repositoryNtB8_15GaugeRepository16upsert_summaries000Bc_
FNDA:0,_RNCNvMNtNtCs7iCqo0KpDVZ_20rain_tracker_service2db16gauge_repositoryNtB4_15GaugeRepository12gauge_exists0B8_
FNDA:0,_RNCNvMNtNtCs7iCqo0KpDVZ_20rain_tracker_service2db16gauge_repositoryNtB4_15GaugeRepository13find_by_id_tx0B8_
FNDA:0,_RNCNvMNtNtCs7iCqo0KpDVZ_20rain_tracker_service2db16gauge_repositoryNtB4_15GaugeRepository15gauge_exists_tx0B8_
FNDA:0,_RNCNvMNtNtCs7iCqo0KpDVZ_20rain_tracker_service2db16gauge_repositoryNtB4_15GaugeRepository16upsert_summaries0B8_
FNDA:0,_RNCNvMNtNtCs7iCqo0KpDVZ_20rain_tracker_service2db16gauge_repositoryNtB4_15GaugeRepository17find_paginated_tx0B8_
FNDA:0,_RNCNvMNtNtCs7iCqo0KpDVZ_20rain_tracker_service2db16gauge_repositoryNtB4_15GaugeRepository21upsert_gauge_metadata0B8_
FNDA:0,_RNCNvMNtNtCs7iCqo0KpDVZ_20rain_tracker_service2db16gauge_repositoryNtB4_15GaugeRepository24upsert_gauge_metadata_tx0B8_
FNDA:0,_RNCNvMNtNtCs7iCqo0KpDVZ_20rain_tracker_service2db16gauge_repositoryNtB4_15GaugeRepository8count_tx0B8_
FNDA:5,_RNCNvMNtNtCs7iCqo0KpDVZ_20rain_tracker_service2db16gauge_repositoryNtB4_15GaugeRepository10find_by_id0B8_
FNDA:4,_RNCNvMNtNtCs7iCqo0KpDVZ_20rain_tracker_service2db16gauge_repositoryNtB4_15GaugeRepository14find_paginated0B8_
FNDA:4,_RNCNvMNtNtCs7iCqo0KpDVZ_20rain_tracker_service2db16gauge_repositoryNtB4_15GaugeRepository5count0B8_
FNDA:5,_RNvMNtNtCs7iCqo0KpDVZ_20rain_tracker_service2db16gauge_repositoryNtB2_15GaugeRepository10find_by_id
FNDA:58,_RNvMNtNtCs7iCqo0KpDVZ_20rain_tracker_service2db16gauge_repositoryNtB2_15GaugeRepository12gauge_exists
FNDA:1,_RNvMNtNtCs7iCqo0KpDVZ_20rain_tracker_service2db16gauge_repositoryNtB2_15GaugeRepository13find_by_id_tx
FNDA:4,_RNvMNtNtCs7iCqo0KpDVZ_20rain_tracker_service2db16gauge_repositoryNtB2_15GaugeRepository14find_paginated
FNDA:1,_RNvMNtNtCs7iCqo0KpDVZ_20rain_tracker_service2db16gauge_repositoryNtB2_15GaugeRepository15gauge_exists_tx
FNDA:14,_RNvMNtNtCs7iCqo0KpDVZ_20rain_tracker_service2db16gauge_repositoryNtB2_15GaugeRepository16upsert_summaries
FNDA:1,_RNvMNtNtCs7iCqo0KpDVZ_20rain_tracker_service2db16gauge_repositoryNtB2_15GaugeRepository17find_paginated_tx
FNDA:22,_RNvMNtNtCs7iCqo0KpDVZ_20rain_tracker_service2db16gauge_repositoryNtB2_15GaugeRepository21upsert_gauge_metadata
FNDA:6,_RNvMNtNtCs7iCqo0KpDVZ_20rain_tracker_service2db16gauge_repositoryNtB2_15GaugeRepository24upsert_gauge_metadata_tx
FNDA:138,_RNvMNtNtCs7iCqo0KpDVZ_20rain_tracker_service2db16gauge_repositoryNtB2_15GaugeRepository3new
FNDA:4,_RNvMNtNtCs7iCqo0KpDVZ_20rain_tracker_service2db16gauge_repositoryNtB2_15GaugeRepository5count
FNDA:1,_RNvMNtNtCs7iCqo0KpDVZ_20rain_tracker_service2db16gauge_repositoryNtB2_15GaugeRepository8count_tx
FNDA:4,_RNCNvMNtNtCs7iCqo0KpDVZ_20rain_tracker_service2db16gauge_repositoryNtB4_15GaugeRepository21upsert_gauge_metadata0Cs6zvS6A0gBSI_20api_integration_test
FNDA:1,_RNCNCNCNvMNtNtCs7iCqo0KpDVZ_20rain_tracker_service2db16gauge_repositoryNtB8_15GaugeRepository16upsert_summaries000Cs3PAmBzODhhi_19error_handling_test
FNDA:6,_RNCNvMNtNtCs7iCqo0KpDVZ_20rain_tracker_service2db16gauge_repositoryNtB4_15GaugeRepository12gauge_exists0Cs3PAmBzODhhi_19error_handling_test
[...]
FNDA:2,_RNvMNtNtCs7iCqo0KpDVZ_20rain_tracker_service8services13gauge_serviceNtB2_16PaginationParams5limit
FNDA:2,_RNvMNtNtCs7iCqo0KpDVZ_20rain_tracker_service8services13gauge_serviceNtB2_16PaginationParams6offset
FNDA:2,_RNvMs_NtNtCs7iCqo0KpDVZ_20rain_tracker_service8services13gauge_serviceNtB4_12GaugeService15get_gauge_by_id
FNDA:1,_RNvMs_NtNtCs7iCqo0KpDVZ_20rain_tracker_service8services13gauge_serviceNtB4_12GaugeService16upsert_summaries
FNDA:2,_RNvMs_NtNtCs7iCqo0KpDVZ_20rain_tracker_service8services13gauge_serviceNtB4_12GaugeService20get_gauges_paginated
FNDA:6,_RNvMs_NtNtCs7iCqo0KpDVZ_20rain_tracker_service8services13gauge_serviceNtB4_12GaugeService26handle_new_gauge_discovery
FNDA:15,_RNvMs_NtNtCs7iCqo0KpDVZ_20rain_tracker_service8services13gauge_serviceNtB4_12GaugeService3new
FNDA:1,_RNvNtNtCs7iCqo0KpDVZ_20rain_tracker_service8services13gauge_service12default_page
FNDA:1,_RNvNtNtCs7iCqo0KpDVZ_20rain_tracker_service8services13gauge_service17default_page_size
FNDA:1,_RNCNCNCNvMs_NtNtCs7iCqo0KpDVZ_20rain_tracker_service8services13gauge_serviceNtBa_12GaugeService16upsert_summaries000Cs3PAmBzODhhi_19error_handling_test
FNDA:0,_RNCNCNCNvMs_NtNtCs7iCqo0KpDVZ_20rain_tracker_service8services13gauge_serviceNtBa_12GaugeService26handle_new_gauge_discovery000Cs3PAmBzODhhi_19error_handling_test
FNDA:1,_RNCNvMs_NtNtCs7iCqo0KpDVZ_20rain_tracker_service8services13gauge_serviceNtB6_12GaugeService16upsert_summaries0Cs3PAmBzODhhi_19error_handling_test
FNDA:6,_RNCNvMs_NtNtCs7iCqo0KpDVZ_20rain_tracker_service8services13gauge_serviceNtB6_12GaugeService26handle_new_gauge_discovery0Cs3PAmBzODhhi_19error_handling_test
FNDA:0,_RNCNCNCNvMs_NtNtCs7iCqo0KpDVZ_20rain_tracker_service8services13gauge_serviceNtBa_12GaugeService16upsert_summaries000Csdpfhlhhwi2Y_20rain_tracker_service
FNDA:0,_RNCNCNCNvMs_NtNtCs7iCqo0KpDVZ_20rain_tracker_service8services13gauge_serviceNtBa_12GaugeService26handle_new_gauge_discovery000Csdpfhlhhwi2Y_20rain_tracker_service
FNDA:0,_RNCNvMs_NtNtCs7iCqo0KpDVZ_20rain_tracker_service8services13gauge_serviceNtB6_12GaugeService16upsert_summaries0Csdpfhlhhwi2Y_20rain_tracker_service
FNDA:0,_RNCNvMs_NtNtCs7iCqo0KpDVZ_20rain_tracker_service8services13gauge_serviceNtB6_12GaugeService26handle_new_gauge_discovery0Csdpfhlhhwi2Y_20rain_tracker_service
FNDA:0,_RNCNCNCNvMs_NtNtCs4I6j3VtXKYU_20rain_tracker_service8services13gauge_serviceNtBa_12GaugeService16upsert_summaries000Be_
FNDA:0,_RNCNCNCNvMs_NtNtCs4I6j3VtXKYU_20rain_tracker_service8services13gauge_serviceNtBa_12GaugeService26handle_new_gauge_discovery000Be_
FNDA:0,_RNCNvMs_NtNtCs4I6j3VtXKYU_20rain_tracker_service8services13gauge_serviceNtB6_12GaugeService15get_gauge_by_id0Ba_
FNDA:0,_RNCNvMs_NtNtCs4I6j3VtXKYU_20rain_tracker_service8services13gauge_serviceNtB6_12GaugeService16upsert_summaries0Ba_
FNDA:0,_RNCNvMs_NtNtCs4I6j3VtXKYU_20rain_tracker_service8services13gauge_serviceNtB6_12GaugeService20get_gauges_paginated0Ba_
FNDA:0,_RNCNvMs_NtNtCs4I6j3VtXKYU_20rain_tracker_service8services13gauge_serviceNtB6_12GaugeService26handle_new_gauge_discovery0Ba_
FNDA:0,_RNvMNtNtCs4I6j3VtXKYU_20rain_tracker_service8services13gauge_serviceNtB2_16PaginationParams5limit
FNDA:0,_RNvMNtNtCs4I6j3VtXKYU_20rain_tracker_service8services13gauge_serviceNtB2_16PaginationParams6offset
FNDA:0,_RNvMs_NtNtCs4I6j3VtXKYU_20rain_tracker_service8services13gauge_serviceNtB4_12GaugeService15get_gauge_by_id
FNDA:0,_RNvMs_NtNtCs4I6j3VtXKYU_20rain_tracker_service8services13gauge_serviceNtB4_12GaugeService16upsert_summaries
FNDA:0,_RNvMs_NtNtCs4I6j3VtXKYU_20rain_tracker_service8services13gauge_serviceNtB4_12GaugeService20get_gauges_paginated
FNDA:0,_RNvMs_NtNtCs4I6j3VtXKYU_20rain_tracker_service8services13gauge_serviceNtB4_12GaugeService26handle_new_gauge_discovery
FNDA:0,_RNvMs_NtNtCs4I6j3VtXKYU_20rain_tracker_service8services13gauge_serviceNtB4_12GaugeService3new
FNDA:0,_RNvNtNtCs4I6j3VtXKYU_20rain_tracker_service8services13gauge_service12default_page
FNDA:0,_RNvNtNtCs4I6j3VtXKYU_20rain_tracker_service8services13gauge_service17default_page_size
FNF:15
FNH:14
DA:18,1
DA:19,1
DA:20,1
DA:22,1
DA:23,1
DA:24,1
DA:27,2
DA:28,2
DA:29,2
DA:31,2
DA:32,2
DA:33,2
DA:55,15
DA:56,15
DA:57,15
DA:58,15
DA:59,15
DA:60,15
DA:63,2
DA:64,2
DA:65,2
DA:66,2
DA:68,2
DA:69,2
DA:70,2
DA:71,2
DA:72,2
DA:75,2
DA:76,2
DA:77,2
DA:79,2
DA:81,2
DA:82,2
DA:83,2
DA:84,2
DA:85,2
DA:86,2
DA:87,2
DA:88,2
DA:89,2
DA:90,2
DA:91,2
DA:94,2
DA:95,2
DA:96,2
DA:108,6
DA:109,6
DA:110,6
DA:111,6
DA:162,0
DA:163,0
DA:166,0
DA:168,0
DA:169,0
DA:177,6
DA:184,1
DA:189,1
DA:190,1
DA:191,0
DA:193,0
DA:195,1
DA:196,1
DA:197,1
BRF:0
BRH:0
LF:67
LH:60
end_of_record
SF:/Users/terry/RustroverProjects/rain-tracker-service/src/services/reading_service.rs
FN:188,_RNvMNtNtCs7iCqo0KpDVZ_20rain_tracker_service8services15reading_serviceNtB2_14ReadingService14get_month_name
FN:208,_RNvMNtNtCs7iCqo0KpDVZ_20rain_tracker_service8services15reading_serviceNtB2_14ReadingService14get_water_year
FN:113,_RNvMNtNtCs7iCqo0KpDVZ_20rain_tracker_service8services15reading_serviceNtB2_14ReadingService14normalize_zero
FN:106,_RNvMNtNtCs7iCqo0KpDVZ_20rain_tracker_service8services15reading_serviceNtB2_14ReadingService18get_latest_reading
FN:121,_RNvMNtNtCs7iCqo0KpDVZ_20rain_tracker_service8services15reading_serviceNtB2_14ReadingService21water_year_date_range
FN:27,_RNvMNtNtCs7iCqo0KpDVZ_20rain_tracker_service8services15reading_serviceNtB2_14ReadingService22get_water_year_summary
FN:153,_RNvMNtNtCs7iCqo0KpDVZ_20rain_tracker_service8services15reading_serviceNtB2_14ReadingService23build_monthly_summaries
FN:65,_RNvMNtNtCs7iCqo0KpDVZ_20rain_tracker_service8services15reading_serviceNtB2_14ReadingService25get_calendar_year_summary
FN:137,_RNvMNtNtCs7iCqo0KpDVZ_20rain_tracker_service8services15reading_serviceNtB2_14ReadingService29calendar_year_date_range_only
FN:16,_RNvMNtNtCs7iCqo0KpDVZ_20rain_tracker_service8services15reading_serviceNtB2_14ReadingService3new
FN:106,_RNCNvMNtNtCs7iCqo0KpDVZ_20rain_tracker_service8services15reading_serviceNtB4_14ReadingService18get_latest_reading0B8_
FN:31,_RNCNvMNtNtCs7iCqo0KpDVZ_20rain_tracker_service8services15reading_serviceNtB4_14ReadingService22get_water_year_summary0B8_
FN:161,_RNCNvMNtNtCs7iCqo0KpDVZ_20rain_tracker_service8services15reading_serviceNtB4_14ReadingService23build_monthly_summaries0B8_
FN:69,_RNCNvMNtNtCs7iCqo0KpDVZ_20rain_tracker_service8services15reading_serviceNtB4_14ReadingService25get_calendar_year_summary0B8_
FN:106,_RNCNvMNtNtCs4I6j3VtXKYU_20rain_tracker_service8services15reading_serviceNtB4_14ReadingService18get_latest_reading0B8_
FN:31,_RNCNvMNtNtCs4I6j3VtXKYU_20rain_tracker_service8services15reading_serviceNtB4_14ReadingService22get_water_year_summary0B8_
FN:161,_RNCNvMNtNtCs4I6j3VtXKYU_20rain_tracker_service8services15reading_serviceNtB4_14ReadingService23build_monthly_summaries0B8_
FN:69,_RNCNvMNtNtCs4I6j3VtXKYU_20rain_tracker_service8services15reading_serviceNtB4_14ReadingService25get_calendar_year_summary0B8_
FN:188,_RNvMNtNtCs4I6j3VtXKYU_20rain_tracker_service8services15reading_serviceNtB2_14ReadingService14get_month_name
FN:113,_RNvMNtNtCs4I6j3VtXKYU_20rain_tracker_service8services15reading_serviceNtB2_14ReadingService14normalize_zero
FN:106,_RNvMNtNtCs4I6j3VtXKYU_20rain_tracker_service8services15reading_serviceNtB2_14ReadingService18get_latest_reading
FN:121,_RNvMNtNtCs4I6j3VtXKYU_20rain_tracker_service8services15reading_serviceNtB2_14ReadingService21water_year_date_range
FN:27,_RNvMNtNtCs4I6j3VtXKYU_20rain_tracker_service8services15reading_serviceNtB2_14ReadingService22get_water_year_summary
FN:153,_RNvMNtNtCs4I6j3VtXKYU_20rain_tracker_service8services15reading_serviceNtB2_14ReadingService23build_monthly_summaries
FN:65,_RNvMNtNtCs4I6j3VtXKYU_20rain_tracker_service8services15reading_serviceNtB2_14ReadingService25get_calendar_year_summary
FN:137,_RNvMNtNtCs4I6j3VtXKYU_20rain_tracker_service8services15reading_serviceNtB2_14ReadingService29calendar_year_date_range_only
FN:16,_RNvMNtNtCs4I6j3VtXKYU_20rain_tracker_service8services15reading_serviceNtB2_14ReadingService3new
FN:208,_RNvMNtNtCs4I6j3VtXKYU_20rain_tracker_service8services15reading_serviceNtB2_14ReadingService14get_water_year
FN:226,_RNvNtNtNtCs4I6j3VtXKYU_20rain_tracker_service8services15reading_service5testss_19test_get_water_year
FNDA:36,_RNvMNtNtCs7iCqo0KpDVZ_20rain_tracker_service8services15reading_serviceNtB2_14ReadingService14get_month_name
FNDA:1,_RNvMNtNtCs7iCqo0KpDVZ_20rain_tracker_service8services15reading_serviceNtB2_14ReadingService14get_water_year
FNDA:6,_RNvMNtNtCs7iCqo0KpDVZ_20rain_tracker_service8services15reading_serviceNtB2_14ReadingService14normalize_zero
FNDA:3,_RNvMNtNtCs7iCqo0KpDVZ_20rain_tracker_service8services15reading_serviceNtB2_14ReadingService18get_latest_reading
FNDA:3,_RNvMNtNtCs7iCqo0KpDVZ_20rain_tracker_service8services15reading_serviceNtB2_14ReadingService21water_year_date_range
FNDA:3,_RNvMNtNtCs7iCqo0KpDVZ_20rain_tracker_service8services15reading_serviceNtB2_14ReadingService22get_water_year_summary
FNDA:3,_RNvMNtNtCs7iCqo0KpDVZ_20rain_tracker_service8services15reading_serviceNtB2_14ReadingService23build_monthly_summaries
FNDA:3,_RNvMNtNtCs7iCqo0KpDVZ_20rain_tracker_service8services15reading_serviceNtB2_14ReadingService25get_calendar_year_summary
FNDA:3,_RNvMNtNtCs7iCqo0KpDVZ_20rain_tracker_service8services15reading_serviceNtB2_14ReadingService29calendar_year_date_range_only
FNDA:16,_RNvMNtNtCs7iCqo0KpDVZ_20rain_tracker_service8services15reading_serviceNtB2_14ReadingService3new
FNDA:3,_RNCNvMNtNtCs7iCqo0KpDVZ_20rain_tracker_service8services15reading_serviceNtB4_14ReadingService18get_latest_reading0B8_
FNDA:3,_RNCNvMNtNtCs7iCqo0KpDVZ_20rain_tracker_service8services15reading_serviceNtB4_14ReadingService22get_water_year_summary0B8_
FNDA:8,_RNCNvMNtNtCs7iCqo0KpDVZ_20rain_tracker_service8services15reading_serviceNtB4_14ReadingService23build_monthly_summaries0B8_
FNDA:3,_RNCNvMNtNtCs7iCqo0KpDVZ_20rain_tracker_service8services15reading_serviceNtB4_14ReadingService25get_calendar_year_summary0B8_
FNDA:0,_RNCNvMNtNtCs4I6j3VtXKYU_20rain_tracker_service8services15reading_serviceNtB4_14ReadingService18get_latest_reading0B8_
FNDA:0,_RNCNvMNtNtCs4I6j3VtXKYU_20rain_tracker_service8services15reading_serviceNtB4_14ReadingService22get_water_year_summary0B8_
FNDA:0,_RNCNvMNtNtCs4I6j3VtXKYU_20rain_tracker_service8services15reading_serviceNtB4_14ReadingService23build_monthly_summaries0B8_
FNDA:0,_RNCNvMNtNtCs4I6j3VtXKYU_20rain_tracker_service8services15reading_serviceNtB4_14ReadingService25get_calendar_year_summary0B8_
FNDA:0,_RNvMNtNtCs4I6j3VtXKYU_20rain_tracker_service8services15reading_serviceNtB2_14ReadingService14get_month_name
FNDA:0,_RNvMNtNtCs4I6j3VtXKYU_20rain_tracker_service8services15reading_serviceNtB2_14ReadingService14normalize_zero
FNDA:0,_RNvMNtNtCs4I6j3VtXKYU_20rain_tracker_service8services15reading_serviceNtB2_14ReadingService18get_latest_reading
FNDA:0,_RNvMNtNtCs4I6j3VtXKYU_20rain_tracker_service8services15reading_serviceNtB2_14ReadingService21water_year_date_range
FNDA:0,_RNvMNtNtCs4I6j3VtXKYU_20rain_tracker_service8services15reading_serviceNtB2_14ReadingService22get_water_year_summary
FNDA:0,_RNvMNtNtCs4I6j3VtXKYU_20rain_tracker_service8services15reading_serviceNtB2_14ReadingService23build_monthly_summaries
FNDA:0,_RNvMNtNtCs4I6j3VtXKYU_20rain_tracker_service8services15reading_serviceNtB2_14ReadingService25get_calendar_year_summary
FNDA:0,_RNvMNtNtCs4I6j3VtXKYU_20rain_tracker_service8services15reading_serviceNtB2_14ReadingService29calendar_year_date_range_only
FNDA:0,_RNvMNtNtCs4I6j3VtXKYU_20rain_tracker_service8services15reading_serviceNtB2_14ReadingService3new
FNDA:3,_RNvMNtNtCs4I6j3VtXKYU_20rain_tracker_service8services15reading_serviceNtB2_14ReadingService14get_water_year
FNDA:1,_RNvNtNtNtCs4I6j3VtXKYU_20rain_tracker_service8services15reading_service5testss_19test_get_water_year
FNF:15
FNH:15
DA:16,16
DA:17,16
DA:18,16
DA:19,16
DA:20,16
DA:21,16
DA:22,16
DA:23,16
DA:24,16
DA:27,3
DA:28,3
DA:29,3
DA:30,3
DA:31,3
DA:33,3
DA:36,3
DA:37,3
DA:38,3
DA:39,3
DA:42,3
DA:43,3
DA:44,3
DA:45,3
DA:48,3
DA:51,3
DA:52,3
DA:53,3
DA:54,3
DA:56,3
DA:57,3
DA:58,3
DA:59,3
DA:60,3
DA:61,3
DA:62,3
DA:65,3
DA:66,3
DA:67,3
DA:68,3
DA:69,3
DA:71,3
DA:74,3
DA:75,3
DA:76,3
DA:77,3
DA:80,3
DA:81,3
DA:82,3
DA:83,3
DA:86,3
DA:87,3
DA:88,3
DA:89,3
DA:92,3
DA:94,3
DA:96,3
DA:97,3
DA:98,3
DA:99,3
DA:100,3
DA:101,3
DA:102,3
DA:103,3
DA:106,3
DA:107,3
DA:108,3
DA:113,6
DA:114,6
DA:115,2
DA:117,4
DA:119,6
DA:121,3
DA:122,3
DA:123,3
DA:124,3
DA:125,3
DA:126,3
DA:127,3
DA:128,3
DA:129,3
DA:131,3
DA:132,3
DA:134,3
DA:135,3
DA:137,3
DA:138,3
DA:139,3
DA:140,3
DA:141,3
DA:142,3
DA:143,3
DA:144,3
DA:145,3
DA:147,3
DA:148,3
DA:150,3
DA:151,3
DA:153,3
DA:154,3
DA:155,3
DA:156,3
DA:157,3
DA:160,3
DA:161,8
DA:163,39
DA:164,36
DA:165,8
DA:166,8
DA:167,8
DA:168,8
DA:169,8
DA:170,8
DA:171,8
DA:172,8
DA:173,28
DA:174,28
DA:175,28
DA:176,28
DA:177,28
DA:178,28
DA:179,28
DA:180,28
DA:181,28
DA:182,28
DA:185,3
DA:186,3
DA:188,36
DA:189,36
DA:190,3
DA:191,3
DA:192,3
DA:193,3
DA:194,3
DA:195,3
DA:196,3
DA:197,3
DA:198,3
DA:199,3
DA:200,3
DA:201,3
DA:202,0
DA:204,36
DA:205,36
DA:208,4
DA:209,4
DA:210,4
DA:212,4
DA:213,3
DA:215,1
DA:217,4
DA:226,1
DA:227,1
DA:228,1
DA:230,1
DA:231,1
DA:233,1
DA:234,1
DA:235,1
BRF:0
BRH:0
LF:162
LH:161
end_of_record
SF:/Users/terry/RustroverProjects/rain-tracker-service/src/utils.rs
FN:19,_RNvNtCs7iCqo0KpDVZ_20rain_tracker_service5utils18extract_station_id
FN:23,_RNCNvNtCs7iCqo0KpDVZ_20rain_tracker_service5utils18extract_station_id0B5_
FN:29,_RNCNvNtCs7iCqo0KpDVZ_20rain_tracker_service5utils18extract_station_ids_0B5_
FN:84,_RNvNtNtCs4I6j3VtXKYU_20rain_tracker_service5utils5testss_32test_extract_station_id_too_long
FN:79,_RNvNtNtCs4I6j3VtXKYU_20rain_tracker_service5utils5testss_33test_extract_station_id_too_short
FN:71,_RNvNtNtCs4I6j3VtXKYU_20rain_tracker_service5utils5testss_34test_extract_station_id_with_prior
FN:89,_RNvNtNtCs4I6j3VtXKYU_20rain_tracker_service5utils5testss_35test_extract_station_id_non_numeric
FN:48,_RNvNtNtCs4I6j3VtXKYU_20rain_tracker_service5utils5testss_36test_extract_station_id_4digit_clean
FN:43,_RNvNtNtCs4I6j3VtXKYU_20rain_tracker_service5utils5testss_36test_extract_station_id_5digit_clean
FN:94,_RNvNtNtCs4I6j3VtXKYU_20rain_tracker_service5utils5testss_38test_extract_station_id_leading_digits
FN:63,_RNvNtNtCs4I6j3VtXKYU_20rain_tracker_service5utils5testss_41test_extract_station_id_with_installation
FN:58,_RNvNtNtCs4I6j3VtXKYU_20rain_tracker_service5utils5testss_41test_extract_station_id_with_since_4digit
FN:53,_RNvNtNtCs4I6j3VtXKYU_20rain_tracker_service5utils5testss_41test_extract_station_id_with_since_5digit
FN:19,_RNvNtCs4I6j3VtXKYU_20rain_tracker_service5utils18extract_station_id
FN:23,_RNCNvNtCs4I6j3VtXKYU_20rain_tracker_service5utils18extract_station_id0B5_
FN:29,_RNCNvNtCs4I6j3VtXKYU_20rain_tracker_service5utils18extract_station_ids_0B5_
FNDA:10,_RNvNtCs7iCqo0KpDVZ_20rain_tracker_service5utils18extract_station_id
FNDA:45,_RNCNvNtCs7iCqo0KpDVZ_20rain_tracker_service5utils18extract_station_id0B5_
FNDA:0,_RNCNvNtCs7iCqo0KpDVZ_20rain_tracker_service5utils18extract_station_ids_0B5_
FNDA:1,_RNvNtNtCs4I6j3VtXKYU_20rain_tracker_service5utils5testss_32test_extract_station_id_too_long
FNDA:1,_RNvNtNtCs4I6j3VtXKYU_20rain_tracker_service5utils5testss_33test_extract_station_id_too_short
FNDA:1,_RNvNtNtCs4I6j3VtXKYU_20rain_tracker_service5utils5testss_34test_extract_station_id_with_prior
FNDA:1,_RNvNtNtCs4I6j3VtXKYU_20rain_tracker_service5utils5testss_35test_extract_station_id_non_numeric
FNDA:1,_RNvNtNtCs4I6j3VtXKYU_20rain_tracker_service5utils5testss_36test_extract_station_id_4digit_clean
FNDA:1,_RNvNtNtCs4I6j3VtXKYU_20rain_tracker_service5utils5testss_36test_extract_station_id_5digit_clean
FNDA:1,_RNvNtNtCs4I6j3VtXKYU_20rain_tracker_service5utils5testss_38test_extract_station_id_leading_digits
FNDA:1,_RNvNtNtCs4I6j3VtXKYU_20rain_tracker_service5utils5testss_41test_extract_station_id_with_installation
FNDA:1,_RNvNtNtCs4I6j3VtXKYU_20rain_tracker_service5utils5testss_41test_extract_station_id_with_since_4digit
FNDA:1,_RNvNtNtCs4I6j3VtXKYU_20rain_tracker_service5utils5testss_41test_extract_station_id_with_since_5digit
FNDA:39,_RNvNtCs4I6j3VtXKYU_20rain_tracker_service5utils18extract_station_id
FNDA:151,_RNCNvNtCs4I6j3VtXKYU_20rain_tracker_service5utils18extract_station_id0B5_
FNDA:33,_RNCNvNtCs4I6j3VtXKYU_20rain_tracker_service5utils18extract_station_ids_0B5_
FNF:13
FNH:13
DA:19,49
DA:21,49
DA:22,49
DA:23,196
DA:24,40
DA:25,9
DA:29,33
DA:30,9
DA:31,9
DA:32,2
DA:33,7
DA:35,7
DA:36,49
DA:43,1
DA:44,1
DA:45,1
DA:48,1
DA:49,1
DA:50,1
DA:53,1
DA:54,1
DA:55,1
DA:58,1
DA:59,1
DA:60,1
DA:63,1
DA:64,1
DA:65,1
DA:68,1
DA:71,1
DA:72,1
DA:73,1
DA:76,1
DA:79,1
DA:80,1
DA:81,1
DA:84,1
DA:85,1
DA:86,1
DA:89,1
DA:90,1
DA:91,1
DA:94,1
DA:96,1
DA:97,1
BRF:0
BRH:0
LF:47
LH:47
end_of_record
SF:/Users/terry/RustroverProjects/rain-tracker-service/src/workers/fopr_import_worker.rs
FN:69,_RNCNvMNtNtCs7iCqo0KpDVZ_20rain_tracker_service7workers18fopr_import_workerNtB4_16FoprImportWorker16process_next_job0B8_
FN:45,_RNCNvMNtNtCs7iCqo0KpDVZ_20rain_tracker_service7workers18fopr_import_workerNtB4_16FoprImportWorker3run0B8_
FN:69,_RNvMNtNtCs7iCqo0KpDVZ_20rain_tracker_service7workers18fopr_import_workerNtB2_16FoprImportWorker16process_next_job
FN:23,_RNvMNtNtCs7iCqo0KpDVZ_20rain_tracker_service7workers18fopr_import_workerNtB2_16FoprImportWorker3new
FN:45,_RNvMNtNtCs7iCqo0KpDVZ_20rain_tracker_service7workers18fopr_import_workerNtB2_16FoprImportWorker3run
FN:69,_RNCNvMNtNtCs7iCqo0KpDVZ_20rain_tracker_service7workers18fopr_import_workerNtB4_16FoprImportWorker16process_next_job0Csdpfhlhhwi2Y_20rain_tracker_service
FN:45,_RNCNvMNtNtCs7iCqo0KpDVZ_20rain_tracker_service7workers18fopr_import_workerNtB4_16FoprImportWorker3run0Csdpfhlhhwi2Y_20rain_tracker_service
FN:69,_RNCNvMNtNtCs4I6j3VtXKYU_20rain_tracker_service7workers18fopr_import_workerNtB4_16FoprImportWorker16process_next_job0B8_
FN:45,_RNCNvMNtNtCs4I6j3VtXKYU_20rain_tracker_service7workers18fopr_import_workerNtB4_16FoprImportWorker3run0B8_
FN:69,_RNvMNtNtCs4I6j3VtXKYU_20rain_tracker_service7workers18fopr_import_workerNtB2_16FoprImportWorker16process_next_job
FN:23,_RNvMNtNtCs4I6j3VtXKYU_20rain_tracker_service7workers18fopr_import_workerNtB2_16FoprImportWorker3new
FN:45,_RNvMNtNtCs4I6j3VtXKYU_20rain_tracker_service7workers18fopr_import_workerNtB2_16FoprImportWorker3run
FNDA:0,_RNCNvMNtNtCs7iCqo0KpDVZ_20rain_tracker_service7workers18fopr_import_workerNtB4_16FoprImportWorker16process_next_job0B8_
FNDA:0,_RNCNvMNtNtCs7iCqo0KpDVZ_20rain_tracker_service7workers18fopr_import_workerNtB4_16FoprImportWorker3run0B8_
FNDA:0,_RNvMNtNtCs7iCqo0KpDVZ_20rain_tracker_service7workers18fopr_import_workerNtB2_16FoprImportWorker16process_next_job
FNDA:16,_RNvMNtNtCs7iCqo0KpDVZ_20rain_tracker_service7workers18fopr_import_workerNtB2_16FoprImportWorker3new
FNDA:0,_RNvMNtNtCs7iCqo0KpDVZ_20rain_tracker_service7workers18fopr_import_workerNtB2_16FoprImportWorker3run
FNDA:0,_RNCNvMNtNtCs7iCqo0KpDVZ_20rain_tracker_service7workers18fopr_import_workerNtB4_16FoprImportWorker16process_next_job0Csdpfhlhhwi2Y_20rain_tracker_service
FNDA:0,_RNCNvMNtNtCs7iCqo0KpDVZ_20rain_tracker_service7workers18fopr_import_workerNtB4_16FoprImportWorker3run0Csdpfhlhhwi2Y_20rain_tracker_service
FNDA:0,_RNCNvMNtNtCs4I6j3VtXKYU_20rain_tracker_service7workers18fopr_import_workerNtB4_16FoprImportWorker16process_next_job0B8_
FNDA:0,_RNCNvMNtNtCs4I6j3VtXKYU_20rain_tracker_service7workers18fopr_import_workerNtB4_16FoprImportWorker3run0B8_
FNDA:0,_RNvMNtNtCs4I6j3VtXKYU_20rain_tracker_service7workers18fopr_import_workerNtB2_16FoprImportWorker16process_next_job
FNDA:0,_RNvMNtNtCs4I6j3VtXKYU_20rain_tracker_service7workers18fopr_import_workerNtB2_16FoprImportWorker3new
FNDA:0,_RNvMNtNtCs4I6j3VtXKYU_20rain_tracker_service7workers18fopr_import_workerNtB2_16FoprImportWorker3run
FNF:5
FNH:1
DA:23,16
DA:24,16
DA:25,16
DA:26,16
DA:27,16
DA:28,16
DA:29,16
DA:30,16
DA:31,16
DA:32,16
DA:33,16
DA:34,16
DA:35,16
DA:45,0
DA:65,0
DA:69,0
DA:174,0
BRF:0
BRH:0
LF:19
LH:13
end_of_record